[2020-11-22 17:17:56] -- [INFO ]: [com.dfundata.fund.schedule.ScheduleApplication] -- Starting ScheduleApplication on localhost with PID 23071 (/Users/seldom/Desktop/GraphProject/GraphSchedule/graph-excute/target/classes started by seldom in /Users/seldom/Desktop/GraphProject/GraphSchedule)
[2020-11-22 17:17:56] -- [INFO ]: [com.dfundata.fund.schedule.ScheduleApplication] -- The following profiles are active: dev
[2020-11-22 17:17:57] -- [INFO ]: [org.apache.coyote.http11.Http11NioProtocol] -- Initializing ProtocolHandler ["http-nio-8090"]
[2020-11-22 17:17:57] -- [INFO ]: [org.apache.catalina.core.StandardService] -- Starting service [Tomcat]
[2020-11-22 17:17:57] -- [INFO ]: [org.apache.catalina.core.StandardEngine] -- Starting Servlet engine: [Apache Tomcat/9.0.31]
[2020-11-22 17:17:57] -- [INFO ]: [org.apache.catalina.core.ContainerBase.[Tomcat].[localhost].[/]] -- Initializing Spring embedded WebApplicationContext
[2020-11-22 17:17:57] -- [INFO ]: [org.apache.catalina.core.StandardService] -- Stopping service [Tomcat]
[2020-11-22 19:25:19] -- [INFO ]: [com.dfundata.fund.schedule.ScheduleApplication] -- Starting ScheduleApplication on localhost with PID 23621 (/Users/seldom/Desktop/GraphProject/GraphSchedule/graph-excute/target/classes started by seldom in /Users/seldom/Desktop/GraphProject/GraphSchedule)
[2020-11-22 19:25:19] -- [INFO ]: [com.dfundata.fund.schedule.ScheduleApplication] -- The following profiles are active: dev
[2020-11-22 19:25:20] -- [INFO ]: [org.apache.coyote.http11.Http11NioProtocol] -- Initializing ProtocolHandler ["http-nio-8090"]
[2020-11-22 19:25:20] -- [INFO ]: [org.apache.catalina.core.StandardService] -- Starting service [Tomcat]
[2020-11-22 19:25:20] -- [INFO ]: [org.apache.catalina.core.StandardEngine] -- Starting Servlet engine: [Apache Tomcat/9.0.31]
[2020-11-22 19:25:20] -- [INFO ]: [org.apache.catalina.core.ContainerBase.[Tomcat].[localhost].[/]] -- Initializing Spring embedded WebApplicationContext
[2020-11-22 19:25:20] -- [INFO ]: [org.apache.catalina.core.StandardService] -- Stopping service [Tomcat]
[2020-11-22 19:26:52] -- [INFO ]: [com.dfundata.fund.schedule.ScheduleApplication] -- Starting ScheduleApplication on localhost with PID 23637 (/Users/seldom/Desktop/GraphProject/GraphSchedule/graph-excute/target/classes started by seldom in /Users/seldom/Desktop/GraphProject/GraphSchedule)
[2020-11-22 19:26:52] -- [INFO ]: [com.dfundata.fund.schedule.ScheduleApplication] -- The following profiles are active: dev
[2020-11-22 19:26:53] -- [INFO ]: [org.apache.coyote.http11.Http11NioProtocol] -- Initializing ProtocolHandler ["http-nio-8090"]
[2020-11-22 19:26:53] -- [INFO ]: [org.apache.catalina.core.StandardService] -- Starting service [Tomcat]
[2020-11-22 19:26:53] -- [INFO ]: [org.apache.catalina.core.StandardEngine] -- Starting Servlet engine: [Apache Tomcat/9.0.31]
[2020-11-22 19:26:53] -- [INFO ]: [org.apache.catalina.core.ContainerBase.[Tomcat].[localhost].[/]] -- Initializing Spring embedded WebApplicationContext
[2020-11-22 19:26:53] -- [INFO ]: [org.apache.catalina.core.StandardService] -- Stopping service [Tomcat]
[2020-11-22 19:28:50] -- [INFO ]: [com.dfundata.fund.schedule.ScheduleApplication] -- Starting ScheduleApplication on localhost with PID 23651 (/Users/seldom/Desktop/GraphProject/GraphSchedule/graph-excute/target/classes started by seldom in /Users/seldom/Desktop/GraphProject/GraphSchedule)
[2020-11-22 19:28:50] -- [INFO ]: [com.dfundata.fund.schedule.ScheduleApplication] -- The following profiles are active: dev
[2020-11-22 19:28:51] -- [INFO ]: [org.apache.coyote.http11.Http11NioProtocol] -- Initializing ProtocolHandler ["http-nio-8090"]
[2020-11-22 19:28:51] -- [INFO ]: [org.apache.catalina.core.StandardService] -- Starting service [Tomcat]
[2020-11-22 19:28:51] -- [INFO ]: [org.apache.catalina.core.StandardEngine] -- Starting Servlet engine: [Apache Tomcat/9.0.31]
[2020-11-22 19:28:51] -- [INFO ]: [org.apache.catalina.core.ContainerBase.[Tomcat].[localhost].[/]] -- Initializing Spring embedded WebApplicationContext
[2020-11-22 19:28:52] -- [INFO ]: [org.apache.coyote.http11.Http11NioProtocol] -- Starting ProtocolHandler ["http-nio-8090"]
[2020-11-22 19:28:52] -- [INFO ]: [com.dfundata.fund.schedule.ScheduleApplication] -- Started ScheduleApplication in 1.934 seconds (JVM running for 2.451)
[2020-11-22 19:29:00] -- [INFO ]: [com.dfundata.fund.schedule.service.GraphService] -- 1-1是一个无前置条件的节点
[2020-11-22 19:29:00] -- [INFO ]: [com.dfundata.fund.schedule.service.GraphService] -- 节点1-2error;缺少前置条件[];前置节点为1-1 
[2020-11-22 19:29:10] -- [INFO ]: [com.dfundata.fund.schedule.service.GraphService] -- 1-1是一个无前置条件的节点
[2020-11-22 19:29:10] -- [INFO ]: [com.dfundata.fund.schedule.service.GraphService] -- 节点1-2error;缺少前置条件[];前置节点为1-1 
[2020-11-22 19:29:20] -- [INFO ]: [com.dfundata.fund.schedule.service.GraphService] -- 1-1是一个无前置条件的节点
[2020-11-22 19:29:20] -- [INFO ]: [com.dfundata.fund.schedule.service.GraphService] -- 节点1-2error;缺少前置条件[];前置节点为1-1 
[2020-11-22 19:29:30] -- [INFO ]: [com.dfundata.fund.schedule.service.GraphService] -- 1-1是一个无前置条件的节点
[2020-11-22 19:29:30] -- [INFO ]: [com.dfundata.fund.schedule.service.GraphService] -- 节点1-2error;缺少前置条件[];前置节点为1-1 
[2020-11-22 19:29:40] -- [INFO ]: [com.dfundata.fund.schedule.service.GraphService] -- 1-1是一个无前置条件的节点
[2020-11-22 19:29:40] -- [INFO ]: [com.dfundata.fund.schedule.service.GraphService] -- 节点1-2error;缺少前置条件[];前置节点为1-1 
[2020-11-22 19:29:50] -- [INFO ]: [com.dfundata.fund.schedule.service.GraphService] -- 1-1是一个无前置条件的节点
[2020-11-22 19:29:50] -- [INFO ]: [com.dfundata.fund.schedule.service.GraphService] -- 节点1-2error;缺少前置条件[];前置节点为1-1 
[2020-11-22 19:30:00] -- [INFO ]: [com.dfundata.fund.schedule.service.GraphService] -- 1-1是一个无前置条件的节点
[2020-11-22 19:30:00] -- [INFO ]: [com.dfundata.fund.schedule.service.GraphService] -- 节点1-2error;缺少前置条件[];前置节点为1-1 
[2020-11-22 19:30:07] -- [INFO ]: [com.dfundata.fund.schedule.ScheduleApplication] -- Starting ScheduleApplication on localhost with PID 23661 (/Users/seldom/Desktop/GraphProject/GraphSchedule/graph-excute/target/classes started by seldom in /Users/seldom/Desktop/GraphProject/GraphSchedule)
[2020-11-22 19:30:07] -- [INFO ]: [com.dfundata.fund.schedule.ScheduleApplication] -- The following profiles are active: dev
[2020-11-22 19:30:08] -- [INFO ]: [org.apache.coyote.http11.Http11NioProtocol] -- Initializing ProtocolHandler ["http-nio-8090"]
[2020-11-22 19:30:08] -- [INFO ]: [org.apache.catalina.core.StandardService] -- Starting service [Tomcat]
[2020-11-22 19:30:08] -- [INFO ]: [org.apache.catalina.core.StandardEngine] -- Starting Servlet engine: [Apache Tomcat/9.0.31]
[2020-11-22 19:30:08] -- [INFO ]: [org.apache.catalina.core.ContainerBase.[Tomcat].[localhost].[/]] -- Initializing Spring embedded WebApplicationContext
[2020-11-22 19:30:09] -- [INFO ]: [org.apache.coyote.http11.Http11NioProtocol] -- Starting ProtocolHandler ["http-nio-8090"]
[2020-11-22 19:30:09] -- [INFO ]: [com.dfundata.fund.schedule.ScheduleApplication] -- Started ScheduleApplication in 1.976 seconds (JVM running for 2.441)
[2020-11-22 19:30:16] -- [INFO ]: [com.dfundata.fund.schedule.ScheduleApplication] -- Starting ScheduleApplication on localhost with PID 23667 (/Users/seldom/Desktop/GraphProject/GraphSchedule/graph-excute/target/classes started by seldom in /Users/seldom/Desktop/GraphProject/GraphSchedule)
[2020-11-22 19:30:16] -- [INFO ]: [com.dfundata.fund.schedule.ScheduleApplication] -- The following profiles are active: dev
[2020-11-22 19:30:16] -- [INFO ]: [org.apache.coyote.http11.Http11NioProtocol] -- Initializing ProtocolHandler ["http-nio-8090"]
[2020-11-22 19:30:16] -- [INFO ]: [org.apache.catalina.core.StandardService] -- Starting service [Tomcat]
[2020-11-22 19:30:16] -- [INFO ]: [org.apache.catalina.core.StandardEngine] -- Starting Servlet engine: [Apache Tomcat/9.0.31]
[2020-11-22 19:30:17] -- [INFO ]: [org.apache.catalina.core.ContainerBase.[Tomcat].[localhost].[/]] -- Initializing Spring embedded WebApplicationContext
[2020-11-22 19:30:17] -- [INFO ]: [org.apache.coyote.http11.Http11NioProtocol] -- Starting ProtocolHandler ["http-nio-8090"]
[2020-11-22 19:30:17] -- [INFO ]: [com.dfundata.fund.schedule.ScheduleApplication] -- Started ScheduleApplication in 1.848 seconds (JVM running for 2.35)
[2020-11-22 19:32:35] -- [INFO ]: [org.apache.catalina.core.ContainerBase.[Tomcat].[localhost].[/]] -- Initializing Spring DispatcherServlet 'dispatcherServlet'
[2020-11-22 19:34:05] -- [INFO ]: [com.dfundata.fund.schedule.ScheduleApplication] -- Starting ScheduleApplication on localhost with PID 23694 (/Users/seldom/Desktop/GraphProject/GraphSchedule/graph-excute/target/classes started by seldom in /Users/seldom/Desktop/GraphProject/GraphSchedule)
[2020-11-22 19:34:05] -- [INFO ]: [com.dfundata.fund.schedule.ScheduleApplication] -- The following profiles are active: dev
[2020-11-22 19:34:06] -- [INFO ]: [org.apache.coyote.http11.Http11NioProtocol] -- Initializing ProtocolHandler ["http-nio-8090"]
[2020-11-22 19:34:06] -- [INFO ]: [org.apache.catalina.core.StandardService] -- Starting service [Tomcat]
[2020-11-22 19:34:06] -- [INFO ]: [org.apache.catalina.core.StandardEngine] -- Starting Servlet engine: [Apache Tomcat/9.0.31]
[2020-11-22 19:34:06] -- [INFO ]: [org.apache.catalina.core.ContainerBase.[Tomcat].[localhost].[/]] -- Initializing Spring embedded WebApplicationContext
[2020-11-22 19:34:07] -- [INFO ]: [org.apache.coyote.http11.Http11NioProtocol] -- Starting ProtocolHandler ["http-nio-8090"]
[2020-11-22 19:34:07] -- [INFO ]: [com.dfundata.fund.schedule.ScheduleApplication] -- Started ScheduleApplication in 1.948 seconds (JVM running for 2.596)
[2020-11-22 19:34:47] -- [INFO ]: [com.dfundata.fund.schedule.ScheduleApplication] -- Starting ScheduleApplication on localhost with PID 23704 (/Users/seldom/Desktop/GraphProject/GraphSchedule/graph-excute/target/classes started by seldom in /Users/seldom/Desktop/GraphProject/GraphSchedule)
[2020-11-22 19:34:47] -- [INFO ]: [com.dfundata.fund.schedule.ScheduleApplication] -- The following profiles are active: dev
[2020-11-22 19:34:47] -- [INFO ]: [org.apache.coyote.http11.Http11NioProtocol] -- Initializing ProtocolHandler ["http-nio-8090"]
[2020-11-22 19:34:47] -- [INFO ]: [org.apache.catalina.core.StandardService] -- Starting service [Tomcat]
[2020-11-22 19:34:47] -- [INFO ]: [org.apache.catalina.core.StandardEngine] -- Starting Servlet engine: [Apache Tomcat/9.0.31]
[2020-11-22 19:34:48] -- [INFO ]: [org.apache.catalina.core.ContainerBase.[Tomcat].[localhost].[/]] -- Initializing Spring embedded WebApplicationContext
[2020-11-22 19:34:48] -- [INFO ]: [org.apache.coyote.http11.Http11NioProtocol] -- Starting ProtocolHandler ["http-nio-8090"]
[2020-11-22 19:34:48] -- [INFO ]: [com.dfundata.fund.schedule.ScheduleApplication] -- Started ScheduleApplication in 1.93 seconds (JVM running for 2.412)
[2020-11-22 19:37:41] -- [INFO ]: [org.apache.catalina.core.ContainerBase.[Tomcat].[localhost].[/]] -- Initializing Spring DispatcherServlet 'dispatcherServlet'
[2020-11-22 19:37:41] -- [INFO ]: [com.dfundata.fund.schedule.web.AlgoController] -- 算法管理条件查询，str null,type null, creater null
[2020-11-22 19:37:41] -- [INFO ]: [com.zaxxer.hikari.HikariDataSource] -- HikariPool-1 - Starting...
[2020-11-22 19:37:42] -- [INFO ]: [com.zaxxer.hikari.HikariDataSource] -- HikariPool-1 - Start completed.
[2020-11-22 19:38:06] -- [INFO ]: [com.dfundata.fund.schedule.web.AlgoController] -- 算法管理条件查询，str null,type null, creater null
[2020-11-22 19:43:42] -- [INFO ]: [com.zaxxer.hikari.HikariDataSource] -- HikariPool-1 - Shutdown initiated...
[2020-11-22 19:43:42] -- [INFO ]: [com.zaxxer.hikari.HikariDataSource] -- HikariPool-1 - Shutdown completed.
[2020-11-22 19:43:44] -- [INFO ]: [com.dfundata.fund.schedule.ScheduleApplication] -- Starting ScheduleApplication on localhost with PID 23776 (/Users/seldom/Desktop/GraphProject/GraphSchedule/graph-excute/target/classes started by seldom in /Users/seldom/Desktop/GraphProject/GraphSchedule)
[2020-11-22 19:43:44] -- [INFO ]: [com.dfundata.fund.schedule.ScheduleApplication] -- The following profiles are active: dev
[2020-11-22 19:43:45] -- [INFO ]: [org.apache.coyote.http11.Http11NioProtocol] -- Initializing ProtocolHandler ["http-nio-8090"]
[2020-11-22 19:43:45] -- [INFO ]: [org.apache.catalina.core.StandardService] -- Starting service [Tomcat]
[2020-11-22 19:43:45] -- [INFO ]: [org.apache.catalina.core.StandardEngine] -- Starting Servlet engine: [Apache Tomcat/9.0.31]
[2020-11-22 19:43:46] -- [INFO ]: [org.apache.catalina.core.ContainerBase.[Tomcat].[localhost].[/]] -- Initializing Spring embedded WebApplicationContext
[2020-11-22 19:43:46] -- [INFO ]: [org.apache.coyote.http11.Http11NioProtocol] -- Starting ProtocolHandler ["http-nio-8090"]
[2020-11-22 19:43:46] -- [INFO ]: [com.dfundata.fund.schedule.ScheduleApplication] -- Started ScheduleApplication in 1.976 seconds (JVM running for 2.477)
[2020-11-22 19:49:19] -- [INFO ]: [org.apache.catalina.core.ContainerBase.[Tomcat].[localhost].[/]] -- Initializing Spring DispatcherServlet 'dispatcherServlet'
[2020-11-22 19:49:19] -- [INFO ]: [com.dfundata.fund.schedule.web.AlgoController] -- 算法管理条件查询，str null,type null, creater null
[2020-11-22 19:50:36] -- [INFO ]: [com.dfundata.fund.schedule.ScheduleApplication] -- Starting ScheduleApplication on localhost with PID 23848 (/Users/seldom/Desktop/GraphProject/GraphSchedule/graph-excute/target/classes started by seldom in /Users/seldom/Desktop/GraphProject/GraphSchedule)
[2020-11-22 19:50:36] -- [INFO ]: [com.dfundata.fund.schedule.ScheduleApplication] -- The following profiles are active: dev
[2020-11-22 19:50:36] -- [INFO ]: [org.apache.coyote.http11.Http11NioProtocol] -- Initializing ProtocolHandler ["http-nio-8090"]
[2020-11-22 19:50:36] -- [INFO ]: [org.apache.catalina.core.StandardService] -- Starting service [Tomcat]
[2020-11-22 19:50:36] -- [INFO ]: [org.apache.catalina.core.StandardEngine] -- Starting Servlet engine: [Apache Tomcat/9.0.31]
[2020-11-22 19:50:37] -- [INFO ]: [org.apache.catalina.core.ContainerBase.[Tomcat].[localhost].[/]] -- Initializing Spring embedded WebApplicationContext
[2020-11-22 19:50:37] -- [INFO ]: [org.apache.coyote.http11.Http11NioProtocol] -- Starting ProtocolHandler ["http-nio-8090"]
[2020-11-22 19:50:37] -- [INFO ]: [com.dfundata.fund.schedule.ScheduleApplication] -- Started ScheduleApplication in 1.788 seconds (JVM running for 2.263)
[2020-11-22 19:51:05] -- [INFO ]: [org.apache.catalina.core.ContainerBase.[Tomcat].[localhost].[/]] -- Initializing Spring DispatcherServlet 'dispatcherServlet'
[2020-11-22 19:51:05] -- [INFO ]: [com.dfundata.fund.schedule.web.AlgoController] -- 算法管理条件查询，str null,type null, creater null
[2020-11-22 19:51:07] -- [INFO ]: [com.zaxxer.hikari.HikariDataSource] -- HikariPool-1 - Starting...
[2020-11-22 19:51:07] -- [INFO ]: [com.zaxxer.hikari.HikariDataSource] -- HikariPool-1 - Start completed.
[2020-11-22 19:51:39] -- [INFO ]: [com.zaxxer.hikari.HikariDataSource] -- HikariPool-1 - Shutdown initiated...
[2020-11-22 19:51:39] -- [INFO ]: [com.zaxxer.hikari.HikariDataSource] -- HikariPool-1 - Shutdown completed.
[2020-11-22 19:51:42] -- [INFO ]: [com.dfundata.fund.schedule.ScheduleApplication] -- Starting ScheduleApplication on localhost with PID 23858 (/Users/seldom/Desktop/GraphProject/GraphSchedule/graph-excute/target/classes started by seldom in /Users/seldom/Desktop/GraphProject/GraphSchedule)
[2020-11-22 19:51:42] -- [INFO ]: [com.dfundata.fund.schedule.ScheduleApplication] -- The following profiles are active: dev
[2020-11-22 19:51:42] -- [INFO ]: [org.apache.coyote.http11.Http11NioProtocol] -- Initializing ProtocolHandler ["http-nio-8090"]
[2020-11-22 19:51:42] -- [INFO ]: [org.apache.catalina.core.StandardService] -- Starting service [Tomcat]
[2020-11-22 19:51:42] -- [INFO ]: [org.apache.catalina.core.StandardEngine] -- Starting Servlet engine: [Apache Tomcat/9.0.31]
[2020-11-22 19:51:42] -- [INFO ]: [org.apache.catalina.core.ContainerBase.[Tomcat].[localhost].[/]] -- Initializing Spring embedded WebApplicationContext
[2020-11-22 19:51:43] -- [INFO ]: [org.apache.coyote.http11.Http11NioProtocol] -- Starting ProtocolHandler ["http-nio-8090"]
[2020-11-22 19:51:43] -- [INFO ]: [com.dfundata.fund.schedule.ScheduleApplication] -- Started ScheduleApplication in 1.731 seconds (JVM running for 2.185)
[2020-11-22 19:51:49] -- [INFO ]: [org.apache.catalina.core.ContainerBase.[Tomcat].[localhost].[/]] -- Initializing Spring DispatcherServlet 'dispatcherServlet'
[2020-11-22 19:51:49] -- [INFO ]: [com.dfundata.fund.schedule.web.AlgoController] -- 算法管理条件查询，str null,type null, creater null
[2020-11-22 19:51:49] -- [INFO ]: [com.zaxxer.hikari.HikariDataSource] -- HikariPool-1 - Starting...
[2020-11-22 19:51:49] -- [INFO ]: [com.zaxxer.hikari.HikariDataSource] -- HikariPool-1 - Start completed.
[2020-11-22 19:53:51] -- [INFO ]: [com.dfundata.fund.schedule.web.AlgoController] -- 算法管理条件查询，str null,type v1.0.0, creater null
[2020-11-22 19:59:05] -- [INFO ]: [com.zaxxer.hikari.HikariDataSource] -- HikariPool-1 - Shutdown initiated...
[2020-11-22 19:59:05] -- [INFO ]: [com.zaxxer.hikari.HikariDataSource] -- HikariPool-1 - Shutdown completed.
[2020-11-22 19:59:08] -- [INFO ]: [com.dfundata.fund.schedule.ScheduleApplication] -- Starting ScheduleApplication on localhost with PID 23899 (/Users/seldom/Desktop/GraphProject/GraphSchedule/graph-excute/target/classes started by seldom in /Users/seldom/Desktop/GraphProject/GraphSchedule)
[2020-11-22 19:59:08] -- [INFO ]: [com.dfundata.fund.schedule.ScheduleApplication] -- The following profiles are active: dev
[2020-11-22 19:59:09] -- [INFO ]: [org.apache.coyote.http11.Http11NioProtocol] -- Initializing ProtocolHandler ["http-nio-8090"]
[2020-11-22 19:59:09] -- [INFO ]: [org.apache.catalina.core.StandardService] -- Starting service [Tomcat]
[2020-11-22 19:59:09] -- [INFO ]: [org.apache.catalina.core.StandardEngine] -- Starting Servlet engine: [Apache Tomcat/9.0.31]
[2020-11-22 19:59:09] -- [INFO ]: [org.apache.catalina.core.ContainerBase.[Tomcat].[localhost].[/]] -- Initializing Spring embedded WebApplicationContext
[2020-11-22 19:59:10] -- [INFO ]: [org.apache.coyote.http11.Http11NioProtocol] -- Starting ProtocolHandler ["http-nio-8090"]
[2020-11-22 19:59:10] -- [INFO ]: [com.dfundata.fund.schedule.ScheduleApplication] -- Started ScheduleApplication in 1.933 seconds (JVM running for 2.471)
[2020-11-22 19:59:13] -- [INFO ]: [org.apache.catalina.core.ContainerBase.[Tomcat].[localhost].[/]] -- Initializing Spring DispatcherServlet 'dispatcherServlet'
[2020-11-22 19:59:13] -- [INFO ]: [com.dfundata.fund.schedule.web.AlgoController] -- 算法管理条件查询，str null,type v1.0.0, creater null
[2020-11-22 19:59:13] -- [INFO ]: [com.zaxxer.hikari.HikariDataSource] -- HikariPool-1 - Starting...
[2020-11-22 19:59:13] -- [INFO ]: [com.zaxxer.hikari.HikariDataSource] -- HikariPool-1 - Start completed.
[2020-11-22 19:59:19] -- [INFO ]: [com.dfundata.fund.schedule.web.AlgoController] -- 算法管理条件查询，str null,type v1.0.0, creater null
[2020-11-22 19:59:34] -- [INFO ]: [com.dfundata.fund.schedule.web.AlgoController] -- 算法管理条件查询，str null,type v1.0.0, creater null
[2020-11-22 20:04:55] -- [INFO ]: [com.zaxxer.hikari.HikariDataSource] -- HikariPool-1 - Shutdown initiated...
[2020-11-22 20:04:55] -- [INFO ]: [com.zaxxer.hikari.HikariDataSource] -- HikariPool-1 - Shutdown completed.
[2020-11-22 20:04:58] -- [INFO ]: [com.dfundata.fund.schedule.ScheduleApplication] -- Starting ScheduleApplication on localhost with PID 23941 (/Users/seldom/Desktop/GraphProject/GraphSchedule/graph-excute/target/classes started by seldom in /Users/seldom/Desktop/GraphProject/GraphSchedule)
[2020-11-22 20:04:58] -- [INFO ]: [com.dfundata.fund.schedule.ScheduleApplication] -- The following profiles are active: dev
[2020-11-22 20:04:59] -- [INFO ]: [org.apache.coyote.http11.Http11NioProtocol] -- Initializing ProtocolHandler ["http-nio-8090"]
[2020-11-22 20:04:59] -- [INFO ]: [org.apache.catalina.core.StandardService] -- Starting service [Tomcat]
[2020-11-22 20:04:59] -- [INFO ]: [org.apache.catalina.core.StandardEngine] -- Starting Servlet engine: [Apache Tomcat/9.0.31]
[2020-11-22 20:04:59] -- [INFO ]: [org.apache.catalina.core.ContainerBase.[Tomcat].[localhost].[/]] -- Initializing Spring embedded WebApplicationContext
[2020-11-22 20:05:00] -- [INFO ]: [org.apache.coyote.http11.Http11NioProtocol] -- Starting ProtocolHandler ["http-nio-8090"]
[2020-11-22 20:05:00] -- [INFO ]: [com.dfundata.fund.schedule.ScheduleApplication] -- Started ScheduleApplication in 2.058 seconds (JVM running for 2.566)
[2020-11-22 20:05:04] -- [INFO ]: [org.apache.catalina.core.ContainerBase.[Tomcat].[localhost].[/]] -- Initializing Spring DispatcherServlet 'dispatcherServlet'
[2020-11-22 20:05:04] -- [INFO ]: [com.dfundata.fund.schedule.web.AlgoController] -- 算法管理条件查询，str null,type v1.0.0, creater null
[2020-11-22 20:05:04] -- [INFO ]: [com.zaxxer.hikari.HikariDataSource] -- HikariPool-1 - Starting...
[2020-11-22 20:05:04] -- [INFO ]: [com.zaxxer.hikari.HikariDataSource] -- HikariPool-1 - Start completed.
[2020-11-22 20:05:28] -- [INFO ]: [com.dfundata.fund.schedule.web.AlgoController] -- 算法管理条件查询，str null,type v1.0.0, creater null
[2020-11-22 20:06:38] -- [INFO ]: [com.dfundata.fund.schedule.web.AlgoController] -- 算法管理条件查询，str null,type 0, creater null
[2020-11-22 20:06:46] -- [INFO ]: [com.dfundata.fund.schedule.web.AlgoController] -- 算法管理条件查询，str null,type 0, creater null
[2020-11-22 20:07:29] -- [INFO ]: [com.zaxxer.hikari.HikariDataSource] -- HikariPool-1 - Shutdown initiated...
[2020-11-22 20:07:29] -- [INFO ]: [com.zaxxer.hikari.HikariDataSource] -- HikariPool-1 - Shutdown completed.
[2020-11-22 20:07:31] -- [INFO ]: [com.dfundata.fund.schedule.ScheduleApplication] -- Starting ScheduleApplication on localhost with PID 23953 (/Users/seldom/Desktop/GraphProject/GraphSchedule/graph-excute/target/classes started by seldom in /Users/seldom/Desktop/GraphProject/GraphSchedule)
[2020-11-22 20:07:31] -- [INFO ]: [com.dfundata.fund.schedule.ScheduleApplication] -- The following profiles are active: dev
[2020-11-22 20:07:32] -- [INFO ]: [org.apache.coyote.http11.Http11NioProtocol] -- Initializing ProtocolHandler ["http-nio-8090"]
[2020-11-22 20:07:32] -- [INFO ]: [org.apache.catalina.core.StandardService] -- Starting service [Tomcat]
[2020-11-22 20:07:32] -- [INFO ]: [org.apache.catalina.core.StandardEngine] -- Starting Servlet engine: [Apache Tomcat/9.0.31]
[2020-11-22 20:07:32] -- [INFO ]: [org.apache.catalina.core.ContainerBase.[Tomcat].[localhost].[/]] -- Initializing Spring embedded WebApplicationContext
[2020-11-22 20:07:32] -- [INFO ]: [org.apache.coyote.http11.Http11NioProtocol] -- Starting ProtocolHandler ["http-nio-8090"]
[2020-11-22 20:07:32] -- [INFO ]: [com.dfundata.fund.schedule.ScheduleApplication] -- Started ScheduleApplication in 1.823 seconds (JVM running for 2.276)
[2020-11-22 20:07:37] -- [INFO ]: [org.apache.catalina.core.ContainerBase.[Tomcat].[localhost].[/]] -- Initializing Spring DispatcherServlet 'dispatcherServlet'
[2020-11-22 20:07:37] -- [INFO ]: [com.dfundata.fund.schedule.web.AlgoController] -- 算法管理条件查询，str null,type 0, creater null
[2020-11-22 20:07:40] -- [INFO ]: [com.zaxxer.hikari.HikariDataSource] -- HikariPool-1 - Starting...
[2020-11-22 20:07:40] -- [INFO ]: [com.zaxxer.hikari.HikariDataSource] -- HikariPool-1 - Start completed.
[2020-11-22 20:08:23] -- [INFO ]: [com.zaxxer.hikari.HikariDataSource] -- HikariPool-1 - Shutdown initiated...
[2020-11-22 20:08:23] -- [INFO ]: [com.zaxxer.hikari.HikariDataSource] -- HikariPool-1 - Shutdown completed.
[2020-11-22 20:08:25] -- [INFO ]: [com.dfundata.fund.schedule.ScheduleApplication] -- Starting ScheduleApplication on localhost with PID 23961 (/Users/seldom/Desktop/GraphProject/GraphSchedule/graph-excute/target/classes started by seldom in /Users/seldom/Desktop/GraphProject/GraphSchedule)
[2020-11-22 20:08:25] -- [INFO ]: [com.dfundata.fund.schedule.ScheduleApplication] -- The following profiles are active: dev
[2020-11-22 20:08:26] -- [INFO ]: [org.apache.coyote.http11.Http11NioProtocol] -- Initializing ProtocolHandler ["http-nio-8090"]
[2020-11-22 20:08:26] -- [INFO ]: [org.apache.catalina.core.StandardService] -- Starting service [Tomcat]
[2020-11-22 20:08:26] -- [INFO ]: [org.apache.catalina.core.StandardEngine] -- Starting Servlet engine: [Apache Tomcat/9.0.31]
[2020-11-22 20:08:26] -- [INFO ]: [org.apache.catalina.core.ContainerBase.[Tomcat].[localhost].[/]] -- Initializing Spring embedded WebApplicationContext
[2020-11-22 20:08:26] -- [INFO ]: [org.apache.coyote.http11.Http11NioProtocol] -- Starting ProtocolHandler ["http-nio-8090"]
[2020-11-22 20:08:26] -- [INFO ]: [com.dfundata.fund.schedule.ScheduleApplication] -- Started ScheduleApplication in 1.764 seconds (JVM running for 2.21)
[2020-11-22 20:08:31] -- [INFO ]: [org.apache.catalina.core.ContainerBase.[Tomcat].[localhost].[/]] -- Initializing Spring DispatcherServlet 'dispatcherServlet'
[2020-11-22 20:08:31] -- [INFO ]: [com.dfundata.fund.schedule.web.AlgoController] -- 算法管理条件查询，str null,type 0, creater null
[2020-11-22 20:08:36] -- [INFO ]: [com.zaxxer.hikari.HikariDataSource] -- HikariPool-1 - Starting...
[2020-11-22 20:08:36] -- [INFO ]: [com.zaxxer.hikari.HikariDataSource] -- HikariPool-1 - Start completed.
[2020-11-22 20:10:05] -- [INFO ]: [com.zaxxer.hikari.HikariDataSource] -- HikariPool-1 - Shutdown initiated...
[2020-11-22 20:10:05] -- [INFO ]: [com.zaxxer.hikari.HikariDataSource] -- HikariPool-1 - Shutdown completed.
[2020-11-22 20:10:07] -- [INFO ]: [com.dfundata.fund.schedule.ScheduleApplication] -- Starting ScheduleApplication on localhost with PID 23991 (/Users/seldom/Desktop/GraphProject/GraphSchedule/graph-excute/target/classes started by seldom in /Users/seldom/Desktop/GraphProject/GraphSchedule)
[2020-11-22 20:10:07] -- [INFO ]: [com.dfundata.fund.schedule.ScheduleApplication] -- The following profiles are active: dev
[2020-11-22 20:10:08] -- [INFO ]: [org.apache.coyote.http11.Http11NioProtocol] -- Initializing ProtocolHandler ["http-nio-8090"]
[2020-11-22 20:10:08] -- [INFO ]: [org.apache.catalina.core.StandardService] -- Starting service [Tomcat]
[2020-11-22 20:10:08] -- [INFO ]: [org.apache.catalina.core.StandardEngine] -- Starting Servlet engine: [Apache Tomcat/9.0.31]
[2020-11-22 20:10:08] -- [INFO ]: [org.apache.catalina.core.ContainerBase.[Tomcat].[localhost].[/]] -- Initializing Spring embedded WebApplicationContext
[2020-11-22 20:10:08] -- [INFO ]: [org.apache.coyote.http11.Http11NioProtocol] -- Starting ProtocolHandler ["http-nio-8090"]
[2020-11-22 20:10:08] -- [INFO ]: [com.dfundata.fund.schedule.ScheduleApplication] -- Started ScheduleApplication in 1.773 seconds (JVM running for 2.232)
[2020-11-22 20:10:13] -- [INFO ]: [org.apache.catalina.core.ContainerBase.[Tomcat].[localhost].[/]] -- Initializing Spring DispatcherServlet 'dispatcherServlet'
[2020-11-22 20:10:13] -- [INFO ]: [com.dfundata.fund.schedule.web.AlgoController] -- 算法管理条件查询，str null,type 0, creater null
[2020-11-22 20:10:15] -- [INFO ]: [com.zaxxer.hikari.HikariDataSource] -- HikariPool-1 - Starting...
[2020-11-22 20:10:15] -- [INFO ]: [com.zaxxer.hikari.HikariDataSource] -- HikariPool-1 - Start completed.
