[2020-11-20 15:43:40] -- [INFO ]: [com.dfundata.fund.schedule.ScheduleApplication] -- Starting ScheduleApplication on localhost with PID 20609 (/Users/seldom/Desktop/GraphProject/GraphSchedule/graph-excute/target/classes started by seldom in /Users/seldom/Desktop/GraphProject/GraphSchedule)
[2020-11-20 15:43:40] -- [INFO ]: [com.dfundata.fund.schedule.ScheduleApplication] -- The following profiles are active: dev
[2020-11-20 15:43:41] -- [INFO ]: [org.apache.coyote.http11.Http11NioProtocol] -- Initializing ProtocolHandler ["http-nio-8090"]
[2020-11-20 15:43:41] -- [INFO ]: [org.apache.catalina.core.StandardService] -- Starting service [Tomcat]
[2020-11-20 15:43:41] -- [INFO ]: [org.apache.catalina.core.StandardEngine] -- Starting Servlet engine: [Apache Tomcat/9.0.31]
[2020-11-20 15:43:41] -- [INFO ]: [org.apache.catalina.core.ContainerBase.[Tomcat].[localhost].[/]] -- Initializing Spring embedded WebApplicationContext
[2020-11-20 15:43:42] -- [INFO ]: [org.apache.catalina.core.StandardService] -- Stopping service [Tomcat]
[2020-11-20 15:46:06] -- [INFO ]: [com.dfundata.fund.schedule.ScheduleApplication] -- Starting ScheduleApplication on localhost with PID 20616 (/Users/seldom/Desktop/GraphProject/GraphSchedule/graph-excute/target/classes started by seldom in /Users/seldom/Desktop/GraphProject/GraphSchedule)
[2020-11-20 15:46:06] -- [INFO ]: [com.dfundata.fund.schedule.ScheduleApplication] -- The following profiles are active: dev
[2020-11-20 15:46:07] -- [INFO ]: [org.apache.coyote.http11.Http11NioProtocol] -- Initializing ProtocolHandler ["http-nio-8090"]
[2020-11-20 15:46:07] -- [INFO ]: [org.apache.catalina.core.StandardService] -- Starting service [Tomcat]
[2020-11-20 15:46:07] -- [INFO ]: [org.apache.catalina.core.StandardEngine] -- Starting Servlet engine: [Apache Tomcat/9.0.31]
[2020-11-20 15:46:07] -- [INFO ]: [org.apache.catalina.core.ContainerBase.[Tomcat].[localhost].[/]] -- Initializing Spring embedded WebApplicationContext
[2020-11-20 15:46:07] -- [INFO ]: [org.apache.catalina.core.StandardService] -- Stopping service [Tomcat]
[2020-11-20 15:47:30] -- [INFO ]: [com.dfundata.fund.schedule.ScheduleApplication] -- Starting ScheduleApplication on localhost with PID 20624 (/Users/seldom/Desktop/GraphProject/GraphSchedule/graph-excute/target/classes started by seldom in /Users/seldom/Desktop/GraphProject/GraphSchedule)
[2020-11-20 15:47:30] -- [INFO ]: [com.dfundata.fund.schedule.ScheduleApplication] -- The following profiles are active: dev
[2020-11-20 15:47:31] -- [INFO ]: [org.apache.coyote.http11.Http11NioProtocol] -- Initializing ProtocolHandler ["http-nio-8090"]
[2020-11-20 15:47:31] -- [INFO ]: [org.apache.catalina.core.StandardService] -- Starting service [Tomcat]
[2020-11-20 15:47:31] -- [INFO ]: [org.apache.catalina.core.StandardEngine] -- Starting Servlet engine: [Apache Tomcat/9.0.31]
[2020-11-20 15:47:31] -- [INFO ]: [org.apache.catalina.core.ContainerBase.[Tomcat].[localhost].[/]] -- Initializing Spring embedded WebApplicationContext
[2020-11-20 15:47:31] -- [INFO ]: [org.apache.catalina.core.StandardService] -- Stopping service [Tomcat]
