[2020-11-27 10:22:02] -- [INFO ]: [com.zaxxer.hikari.HikariDataSource] -- HikariPool-1 - Shutdown initiated...
[2020-11-27 10:22:02] -- [INFO ]: [com.zaxxer.hikari.HikariDataSource] -- HikariPool-1 - Shutdown completed.
[2020-11-27 10:22:06] -- [INFO ]: [com.dfund.recom.algo.AlgoApplication] -- Starting AlgoApplication on localhost with PID 5150 (/Users/seldom/Desktop/GraphProject/GraphSchedule/recom-algo/target/classes started by seldom in /Users/seldom/Desktop/GraphProject/GraphSchedule)
[2020-11-27 10:22:06] -- [INFO ]: [com.dfund.recom.algo.AlgoApplication] -- The following profiles are active: dev
[2020-11-27 10:22:06] -- [INFO ]: [org.apache.coyote.http11.Http11NioProtocol] -- Initializing ProtocolHandler ["http-nio-8090"]
[2020-11-27 10:22:06] -- [INFO ]: [org.apache.catalina.core.StandardService] -- Starting service [Tomcat]
[2020-11-27 10:22:06] -- [INFO ]: [org.apache.catalina.core.StandardEngine] -- Starting Servlet engine: [Apache Tomcat/9.0.31]
[2020-11-27 10:22:07] -- [INFO ]: [org.apache.catalina.core.ContainerBase.[Tomcat].[localhost].[/]] -- Initializing Spring embedded WebApplicationContext
[2020-11-27 10:22:07] -- [INFO ]: [org.apache.coyote.http11.Http11NioProtocol] -- Starting ProtocolHandler ["http-nio-8090"]
[2020-11-27 10:22:07] -- [INFO ]: [com.dfund.recom.algo.AlgoApplication] -- Started AlgoApplication in 1.838 seconds (JVM running for 2.409)
[2020-11-27 10:22:23] -- [INFO ]: [org.apache.catalina.core.ContainerBase.[Tomcat].[localhost].[/]] -- Initializing Spring DispatcherServlet 'dispatcherServlet'
[2020-11-27 10:22:23] -- [INFO ]: [com.dfund.recom.algo.web.AlgoController] -- 算法管理条件查询，str null,type null, creater null
[2020-11-27 10:22:23] -- [INFO ]: [com.zaxxer.hikari.HikariDataSource] -- HikariPool-1 - Starting...
[2020-11-27 10:22:24] -- [INFO ]: [com.zaxxer.hikari.HikariDataSource] -- HikariPool-1 - Start completed.
[2020-11-27 10:23:10] -- [INFO ]: [com.dfund.recom.algo.web.AlgoController] -- 算法管理条件查询，str null,type null, creater null
[2020-11-27 10:23:36] -- [INFO ]: [com.dfund.recom.algo.web.AlgoController] -- 算法管理条件查询，str null,type null, creater null
[2020-11-27 10:51:34] -- [INFO ]: [com.dfund.recom.algo.web.AlgoController] -- 算法管理条件查询，str 草莓算法v1.0.0,type null, creater null
[2020-11-27 10:52:27] -- [INFO ]: [com.dfund.recom.algo.web.AlgoController] -- 算法管理条件查询，str 草莓算法v1.0.0,type null, creater null
[2020-11-27 10:53:04] -- [INFO ]: [com.dfund.recom.algo.web.AlgoController] -- 算法管理条件查询，str 苹果算法v0.0.1,type null, creater null
[2020-11-27 10:53:06] -- [INFO ]: [com.dfund.recom.algo.web.AlgoController] -- 算法管理条件查询，str 苹果算法v0.0.1,type null, creater null
[2020-11-27 10:54:31] -- [INFO ]: [com.dfund.recom.algo.web.AlgoController] -- 算法管理条件查询，str null,type null, creater null
[2020-11-27 11:14:09] -- [INFO ]: [com.zaxxer.hikari.HikariDataSource] -- HikariPool-1 - Shutdown initiated...
[2020-11-27 11:14:09] -- [INFO ]: [com.zaxxer.hikari.HikariDataSource] -- HikariPool-1 - Shutdown completed.
[2020-11-27 11:14:12] -- [INFO ]: [com.dfund.recom.algo.AlgoApplication] -- Starting AlgoApplication on localhost with PID 5455 (/Users/seldom/Desktop/GraphProject/GraphSchedule/recom-algo/target/classes started by seldom in /Users/seldom/Desktop/GraphProject/GraphSchedule)
[2020-11-27 11:14:12] -- [INFO ]: [com.dfund.recom.algo.AlgoApplication] -- The following profiles are active: dev
[2020-11-27 11:14:13] -- [INFO ]: [org.apache.coyote.http11.Http11NioProtocol] -- Initializing ProtocolHandler ["http-nio-8090"]
[2020-11-27 11:14:13] -- [INFO ]: [org.apache.catalina.core.StandardService] -- Starting service [Tomcat]
[2020-11-27 11:14:13] -- [INFO ]: [org.apache.catalina.core.StandardEngine] -- Starting Servlet engine: [Apache Tomcat/9.0.31]
[2020-11-27 11:14:13] -- [INFO ]: [org.apache.catalina.core.ContainerBase.[Tomcat].[localhost].[/]] -- Initializing Spring embedded WebApplicationContext
[2020-11-27 11:14:14] -- [INFO ]: [org.apache.coyote.http11.Http11NioProtocol] -- Starting ProtocolHandler ["http-nio-8090"]
[2020-11-27 11:14:14] -- [INFO ]: [com.dfund.recom.algo.AlgoApplication] -- Started AlgoApplication in 2.126 seconds (JVM running for 2.933)
[2020-11-27 11:14:35] -- [INFO ]: [org.apache.catalina.core.ContainerBase.[Tomcat].[localhost].[/]] -- Initializing Spring DispatcherServlet 'dispatcherServlet'
[2020-11-27 11:14:35] -- [INFO ]: [com.dfund.recom.algo.web.AlgoController] -- 算法管理条件查询，str 苹果算法,type null, creater null
[2020-11-27 11:17:14] -- [INFO ]: [com.dfund.recom.algo.web.AlgoController] -- 算法管理条件查询，str 苹果算法,type null, creater null
[2020-11-27 11:31:00] -- [INFO ]: [com.dfund.recom.algo.AlgoApplication] -- Starting AlgoApplication on localhost with PID 5527 (/Users/seldom/Desktop/GraphProject/GraphSchedule/recom-algo/target/classes started by seldom in /Users/seldom/Desktop/GraphProject/GraphSchedule)
[2020-11-27 11:31:00] -- [INFO ]: [com.dfund.recom.algo.AlgoApplication] -- The following profiles are active: dev
[2020-11-27 11:31:01] -- [INFO ]: [org.apache.coyote.http11.Http11NioProtocol] -- Initializing ProtocolHandler ["http-nio-8090"]
[2020-11-27 11:31:01] -- [INFO ]: [org.apache.catalina.core.StandardService] -- Starting service [Tomcat]
[2020-11-27 11:31:01] -- [INFO ]: [org.apache.catalina.core.StandardEngine] -- Starting Servlet engine: [Apache Tomcat/9.0.31]
[2020-11-27 11:31:01] -- [INFO ]: [org.apache.catalina.core.ContainerBase.[Tomcat].[localhost].[/]] -- Initializing Spring embedded WebApplicationContext
[2020-11-27 11:31:01] -- [INFO ]: [org.apache.coyote.http11.Http11NioProtocol] -- Starting ProtocolHandler ["http-nio-8090"]
[2020-11-27 11:31:01] -- [INFO ]: [com.dfund.recom.algo.AlgoApplication] -- Started AlgoApplication in 1.953 seconds (JVM running for 2.509)
[2020-11-27 11:31:06] -- [INFO ]: [org.apache.catalina.core.ContainerBase.[Tomcat].[localhost].[/]] -- Initializing Spring DispatcherServlet 'dispatcherServlet'
[2020-11-27 11:31:06] -- [INFO ]: [com.dfund.recom.algo.web.AlgoController] -- 算法管理条件查询，str 苹果算法,type null, creater null
[2020-11-27 11:31:17] -- [INFO ]: [com.zaxxer.hikari.HikariDataSource] -- HikariPool-1 - Starting...
[2020-11-27 11:31:17] -- [INFO ]: [com.zaxxer.hikari.HikariDataSource] -- HikariPool-1 - Start completed.
[2020-11-27 11:31:38] -- [INFO ]: [com.dfund.recom.algo.web.AlgoController] -- 算法管理条件查询，str 苹果算法v0.0.2,type null, creater null
[2020-11-27 11:34:10] -- [INFO ]: [com.dfund.recom.algo.web.AlgoController] -- 算法管理条件查询，str 苹果算法v0.0.1,type null, creater null
[2020-11-27 11:34:20] -- [INFO ]: [com.dfund.recom.algo.web.AlgoController] -- 算法管理条件查询，str 苹果算法v0.0.1,type null, creater null
[2020-11-27 11:34:31] -- [INFO ]: [com.zaxxer.hikari.HikariDataSource] -- HikariPool-1 - Shutdown initiated...
[2020-11-27 11:34:31] -- [INFO ]: [com.zaxxer.hikari.HikariDataSource] -- HikariPool-1 - Shutdown completed.
[2020-11-27 11:34:35] -- [INFO ]: [com.dfund.recom.algo.AlgoApplication] -- Starting AlgoApplication on localhost with PID 5543 (/Users/seldom/Desktop/GraphProject/GraphSchedule/recom-algo/target/classes started by seldom in /Users/seldom/Desktop/GraphProject/GraphSchedule)
[2020-11-27 11:34:35] -- [INFO ]: [com.dfund.recom.algo.AlgoApplication] -- The following profiles are active: dev
[2020-11-27 11:34:36] -- [INFO ]: [org.apache.coyote.http11.Http11NioProtocol] -- Initializing ProtocolHandler ["http-nio-8090"]
[2020-11-27 11:34:36] -- [INFO ]: [org.apache.catalina.core.StandardService] -- Starting service [Tomcat]
[2020-11-27 11:34:36] -- [INFO ]: [org.apache.catalina.core.StandardEngine] -- Starting Servlet engine: [Apache Tomcat/9.0.31]
[2020-11-27 11:34:36] -- [INFO ]: [org.apache.catalina.core.ContainerBase.[Tomcat].[localhost].[/]] -- Initializing Spring embedded WebApplicationContext
[2020-11-27 11:34:37] -- [INFO ]: [org.apache.coyote.http11.Http11NioProtocol] -- Starting ProtocolHandler ["http-nio-8090"]
[2020-11-27 11:34:37] -- [INFO ]: [com.dfund.recom.algo.AlgoApplication] -- Started AlgoApplication in 2.334 seconds (JVM running for 2.975)
[2020-11-27 11:35:15] -- [INFO ]: [org.apache.catalina.core.ContainerBase.[Tomcat].[localhost].[/]] -- Initializing Spring DispatcherServlet 'dispatcherServlet'
[2020-11-27 11:35:15] -- [INFO ]: [com.dfund.recom.algo.web.AlgoController] -- 算法管理条件查询，str 苹果算法v0.0.1,type null, creater null
[2020-11-27 11:35:20] -- [INFO ]: [com.zaxxer.hikari.HikariDataSource] -- HikariPool-1 - Starting...
[2020-11-27 11:35:21] -- [INFO ]: [com.zaxxer.hikari.HikariDataSource] -- HikariPool-1 - Start completed.
[2020-11-27 11:37:41] -- [INFO ]: [com.dfund.recom.algo.web.AlgoController] -- 算法管理条件查询，str null,type 1, creater null
[2020-11-27 11:37:54] -- [INFO ]: [com.dfund.recom.algo.web.AlgoController] -- 算法管理条件查询，str null,type 0, creater null
[2020-11-27 11:38:06] -- [INFO ]: [com.dfund.recom.algo.web.AlgoController] -- 算法管理条件查询，str null,type 0, creater null
[2020-11-27 11:38:23] -- [INFO ]: [com.dfund.recom.algo.web.AlgoController] -- 算法管理条件查询，str null,type 0, creater null
[2020-11-27 11:38:52] -- [INFO ]: [com.dfund.recom.algo.web.AlgoController] -- 算法管理条件查询，str null,type null, creater admin
[2020-11-27 11:50:10] -- [INFO ]: [com.zaxxer.hikari.HikariDataSource] -- HikariPool-1 - Shutdown initiated...
[2020-11-27 11:50:10] -- [INFO ]: [com.zaxxer.hikari.HikariDataSource] -- HikariPool-1 - Shutdown completed.
[2020-11-27 11:50:15] -- [INFO ]: [com.dfund.recom.algo.AlgoApplication] -- Starting AlgoApplication on localhost with PID 5597 (/Users/seldom/Desktop/GraphProject/GraphSchedule/recom-algo/target/classes started by seldom in /Users/seldom/Desktop/GraphProject/GraphSchedule)
[2020-11-27 11:50:15] -- [INFO ]: [com.dfund.recom.algo.AlgoApplication] -- The following profiles are active: dev
[2020-11-27 11:50:15] -- [INFO ]: [org.apache.coyote.http11.Http11NioProtocol] -- Initializing ProtocolHandler ["http-nio-8090"]
[2020-11-27 11:50:15] -- [INFO ]: [org.apache.catalina.core.StandardService] -- Starting service [Tomcat]
[2020-11-27 11:50:15] -- [INFO ]: [org.apache.catalina.core.StandardEngine] -- Starting Servlet engine: [Apache Tomcat/9.0.31]
[2020-11-27 11:50:16] -- [INFO ]: [org.apache.catalina.core.ContainerBase.[Tomcat].[localhost].[/]] -- Initializing Spring embedded WebApplicationContext
[2020-11-27 11:50:16] -- [INFO ]: [org.apache.coyote.http11.Http11NioProtocol] -- Starting ProtocolHandler ["http-nio-8090"]
[2020-11-27 11:50:16] -- [INFO ]: [com.dfund.recom.algo.AlgoApplication] -- Started AlgoApplication in 2.195 seconds (JVM running for 2.925)
[2020-11-27 11:52:04] -- [INFO ]: [org.apache.catalina.core.ContainerBase.[Tomcat].[localhost].[/]] -- Initializing Spring DispatcherServlet 'dispatcherServlet'
[2020-11-27 11:52:53] -- [INFO ]: [com.dfund.recom.algo.AlgoApplication] -- Starting AlgoApplication on localhost with PID 5645 (/Users/seldom/Desktop/GraphProject/GraphSchedule/recom-algo/target/classes started by seldom in /Users/seldom/Desktop/GraphProject/GraphSchedule)
[2020-11-27 11:52:53] -- [INFO ]: [com.dfund.recom.algo.AlgoApplication] -- The following profiles are active: dev
[2020-11-27 11:52:53] -- [INFO ]: [org.apache.coyote.http11.Http11NioProtocol] -- Initializing ProtocolHandler ["http-nio-8090"]
[2020-11-27 11:52:53] -- [INFO ]: [org.apache.catalina.core.StandardService] -- Starting service [Tomcat]
[2020-11-27 11:52:53] -- [INFO ]: [org.apache.catalina.core.StandardEngine] -- Starting Servlet engine: [Apache Tomcat/9.0.31]
[2020-11-27 11:52:54] -- [INFO ]: [org.apache.catalina.core.ContainerBase.[Tomcat].[localhost].[/]] -- Initializing Spring embedded WebApplicationContext
[2020-11-27 11:52:54] -- [INFO ]: [org.apache.coyote.http11.Http11NioProtocol] -- Starting ProtocolHandler ["http-nio-8090"]
[2020-11-27 11:52:54] -- [INFO ]: [com.dfund.recom.algo.AlgoApplication] -- Started AlgoApplication in 1.949 seconds (JVM running for 2.556)
[2020-11-27 11:53:06] -- [INFO ]: [org.apache.catalina.core.ContainerBase.[Tomcat].[localhost].[/]] -- Initializing Spring DispatcherServlet 'dispatcherServlet'
[2020-11-27 11:55:12] -- [INFO ]: [com.dfund.recom.algo.web.AlgoController] -- 算法管理编辑，algorithm = {"algorithmType":"exercitation aliqua do sit irure","updUser":"deserunt laborum","algorithmVision":"adipisicing aliquip Excepteur irure nostrud","algorithmId":"32"}
[2020-11-27 11:55:12] -- [INFO ]: [com.zaxxer.hikari.HikariDataSource] -- HikariPool-1 - Starting...
[2020-11-27 11:55:13] -- [INFO ]: [com.zaxxer.hikari.HikariDataSource] -- HikariPool-1 - Start completed.
[2020-11-27 11:56:01] -- [INFO ]: [com.dfund.recom.algo.web.AlgoController] -- 算法管理编辑，algorithm = {"algorithmType":"0","updUser":"Seldom","algorithmVision":"v0.2.1","algorithmId":"1"}
[2020-11-27 11:56:03] -- [INFO ]: [com.dfund.recom.algo.web.AlgoController] -- 算法管理编辑，algorithm = {"algorithmType":"0","updUser":"Seldom","algorithmVision":"v0.2.1","algorithmId":"1"}
[2020-11-27 13:30:46] -- [INFO ]: [com.zaxxer.hikari.HikariDataSource] -- HikariPool-1 - Shutdown initiated...
[2020-11-27 13:30:46] -- [INFO ]: [com.zaxxer.hikari.HikariDataSource] -- HikariPool-1 - Shutdown completed.
[2020-11-27 13:30:53] -- [INFO ]: [com.dfund.recom.algo.AlgoApplication] -- Starting AlgoApplication on localhost with PID 5813 (/Users/seldom/Desktop/GraphProject/GraphSchedule/recom-algo/target/classes started by seldom in /Users/seldom/Desktop/GraphProject/GraphSchedule)
[2020-11-27 13:30:53] -- [INFO ]: [com.dfund.recom.algo.AlgoApplication] -- The following profiles are active: dev
[2020-11-27 13:30:54] -- [INFO ]: [org.apache.coyote.http11.Http11NioProtocol] -- Initializing ProtocolHandler ["http-nio-8090"]
[2020-11-27 13:30:54] -- [INFO ]: [org.apache.catalina.core.StandardService] -- Starting service [Tomcat]
[2020-11-27 13:30:54] -- [INFO ]: [org.apache.catalina.core.StandardEngine] -- Starting Servlet engine: [Apache Tomcat/9.0.31]
[2020-11-27 13:30:54] -- [INFO ]: [org.apache.catalina.core.ContainerBase.[Tomcat].[localhost].[/]] -- Initializing Spring embedded WebApplicationContext
[2020-11-27 13:30:54] -- [INFO ]: [org.apache.coyote.http11.Http11NioProtocol] -- Starting ProtocolHandler ["http-nio-8090"]
[2020-11-27 13:30:55] -- [INFO ]: [com.dfund.recom.algo.AlgoApplication] -- Started AlgoApplication in 2.182 seconds (JVM running for 2.772)
[2020-11-27 13:31:02] -- [INFO ]: [org.apache.catalina.core.ContainerBase.[Tomcat].[localhost].[/]] -- Initializing Spring DispatcherServlet 'dispatcherServlet'
[2020-11-27 13:31:02] -- [INFO ]: [com.zaxxer.hikari.HikariDataSource] -- HikariPool-1 - Starting...
[2020-11-27 13:31:02] -- [INFO ]: [com.zaxxer.hikari.HikariDataSource] -- HikariPool-1 - Start completed.
[2020-11-27 13:31:14] -- [INFO ]: [com.dfund.recom.algo.service.AlgoService] -- AlgoService ... insertAlgo : 
### Error updating database.  Cause: java.sql.SQLException: Field 'pythonfile' doesn't have a default value
### The error may involve com.dfund.recom.algo.mapper.AlgoMapper.insertAlgo-Inline
### The error occurred while setting parameters
### SQL: INSERT INTO algorithm_baseinfo          ( algorithm_name,                                           algorithm_vision,                                           algorithm_type,                                           apply_client_scope,                                           creater,                                                                                  python_url,                                                                     init_date )            values ( ?,                                           ?,                                           ?,                                           ?,                                           ?,                                                                                  ?,                                                                     ? )
### Cause: java.sql.SQLException: Field 'pythonfile' doesn't have a default value
; Field 'pythonfile' doesn't have a default value; nested exception is java.sql.SQLException: Field 'pythonfile' doesn't have a default value
[2020-11-27 13:33:06] -- [INFO ]: [com.dfund.recom.algo.service.AlgoService] -- AlgoService ... insertAlgo : 
### Error updating database.  Cause: java.sql.SQLException: Field 'pythonfile' doesn't have a default value
### The error may involve com.dfund.recom.algo.mapper.AlgoMapper.insertAlgo-Inline
### The error occurred while setting parameters
### SQL: INSERT INTO algorithm_baseinfo          ( algorithm_name,                                           algorithm_vision,                                           algorithm_type,                                           apply_client_scope,                                           creater,                                                                                  python_url,                                                                     init_date )            values ( ?,                                           ?,                                           ?,                                           ?,                                           ?,                                                                                  ?,                                                                     ? )
### Cause: java.sql.SQLException: Field 'pythonfile' doesn't have a default value
; Field 'pythonfile' doesn't have a default value; nested exception is java.sql.SQLException: Field 'pythonfile' doesn't have a default value
[2020-11-27 13:38:16] -- [INFO ]: [com.dfund.recom.algo.service.AlgoService] -- AlgoService ... insertAlgo : 
### Error updating database.  Cause: java.sql.SQLException: Field 'pythonfile' doesn't have a default value
### The error may involve com.dfund.recom.algo.mapper.AlgoMapper.insertAlgo-Inline
### The error occurred while setting parameters
### SQL: INSERT INTO algorithm_baseinfo          ( algorithm_name,                                           algorithm_vision,                                           algorithm_type,                                           apply_client_scope,                                           creater,                                                                                  python_url,                                                                     init_date )            values ( ?,                                           ?,                                           ?,                                           ?,                                           ?,                                                                                  ?,                                                                     ? )
### Cause: java.sql.SQLException: Field 'pythonfile' doesn't have a default value
; Field 'pythonfile' doesn't have a default value; nested exception is java.sql.SQLException: Field 'pythonfile' doesn't have a default value
[2020-11-27 13:39:20] -- [INFO ]: [com.zaxxer.hikari.HikariDataSource] -- HikariPool-1 - Shutdown initiated...
[2020-11-27 13:39:20] -- [INFO ]: [com.zaxxer.hikari.HikariDataSource] -- HikariPool-1 - Shutdown completed.
[2020-11-27 13:42:26] -- [INFO ]: [com.dfund.recom.algo.AlgoApplication] -- Starting AlgoApplication on localhost with PID 5912 (/Users/seldom/Desktop/GraphProject/GraphSchedule/recom-algo/target/classes started by seldom in /Users/seldom/Desktop/GraphProject/GraphSchedule)
[2020-11-27 13:42:26] -- [INFO ]: [com.dfund.recom.algo.AlgoApplication] -- The following profiles are active: dev
[2020-11-27 13:42:27] -- [INFO ]: [org.apache.coyote.http11.Http11NioProtocol] -- Initializing ProtocolHandler ["http-nio-8090"]
[2020-11-27 13:42:27] -- [INFO ]: [org.apache.catalina.core.StandardService] -- Starting service [Tomcat]
[2020-11-27 13:42:27] -- [INFO ]: [org.apache.catalina.core.StandardEngine] -- Starting Servlet engine: [Apache Tomcat/9.0.31]
[2020-11-27 13:42:27] -- [INFO ]: [org.apache.catalina.core.ContainerBase.[Tomcat].[localhost].[/]] -- Initializing Spring embedded WebApplicationContext
[2020-11-27 13:42:28] -- [INFO ]: [org.apache.coyote.http11.Http11NioProtocol] -- Starting ProtocolHandler ["http-nio-8090"]
[2020-11-27 13:42:28] -- [INFO ]: [com.dfund.recom.algo.AlgoApplication] -- Started AlgoApplication in 2.06 seconds (JVM running for 2.682)
[2020-11-27 13:44:53] -- [INFO ]: [com.dfund.recom.algo.AlgoApplication] -- Starting AlgoApplication on localhost with PID 5935 (/Users/seldom/Desktop/GraphProject/GraphSchedule/recom-algo/target/classes started by seldom in /Users/seldom/Desktop/GraphProject/GraphSchedule)
[2020-11-27 13:44:53] -- [INFO ]: [com.dfund.recom.algo.AlgoApplication] -- The following profiles are active: dev
[2020-11-27 13:44:53] -- [INFO ]: [org.apache.coyote.http11.Http11NioProtocol] -- Initializing ProtocolHandler ["http-nio-8090"]
[2020-11-27 13:44:53] -- [INFO ]: [org.apache.catalina.core.StandardService] -- Starting service [Tomcat]
[2020-11-27 13:44:53] -- [INFO ]: [org.apache.catalina.core.StandardEngine] -- Starting Servlet engine: [Apache Tomcat/9.0.31]
[2020-11-27 13:44:54] -- [INFO ]: [org.apache.catalina.core.ContainerBase.[Tomcat].[localhost].[/]] -- Initializing Spring embedded WebApplicationContext
[2020-11-27 13:44:54] -- [INFO ]: [org.apache.coyote.http11.Http11NioProtocol] -- Starting ProtocolHandler ["http-nio-8090"]
[2020-11-27 13:44:54] -- [INFO ]: [com.dfund.recom.algo.AlgoApplication] -- Started AlgoApplication in 1.836 seconds (JVM running for 2.402)
[2020-11-27 13:45:03] -- [INFO ]: [org.apache.catalina.core.ContainerBase.[Tomcat].[localhost].[/]] -- Initializing Spring DispatcherServlet 'dispatcherServlet'
[2020-11-27 13:45:03] -- [INFO ]: [com.zaxxer.hikari.HikariDataSource] -- HikariPool-1 - Starting...
[2020-11-27 13:45:04] -- [INFO ]: [com.zaxxer.hikari.HikariDataSource] -- HikariPool-1 - Start completed.
[2020-11-27 13:45:14] -- [INFO ]: [com.dfund.recom.algo.service.AlgoService] -- AlgoService ... insertAlgo error : 
### Error updating database.  Cause: java.sql.SQLException: Field 'pythonfile' doesn't have a default value
### The error may involve com.dfund.recom.algo.mapper.AlgoMapper.insertAlgo-Inline
### The error occurred while setting parameters
### SQL: INSERT INTO algorithm_baseinfo          ( algorithm_name,                                           algorithm_vision,                                           algorithm_type,                                           apply_client_scope,                                           creater,                                                                                  python_url,                                                                     init_date )            values ( ?,                                           ?,                                           ?,                                           ?,                                           ?,                                                                                  ?,                                                                     ? )
### Cause: java.sql.SQLException: Field 'pythonfile' doesn't have a default value
; Field 'pythonfile' doesn't have a default value; nested exception is java.sql.SQLException: Field 'pythonfile' doesn't have a default value
[2020-11-27 13:52:22] -- [INFO ]: [com.dfund.recom.algo.web.AlgoController] -- 算法管理条件查询，str null,type null, creater admin
[2020-11-27 13:55:59] -- [INFO ]: [com.zaxxer.hikari.HikariDataSource] -- HikariPool-1 - Shutdown initiated...
[2020-11-27 13:55:59] -- [INFO ]: [com.zaxxer.hikari.HikariDataSource] -- HikariPool-1 - Shutdown completed.
[2020-11-27 13:56:05] -- [INFO ]: [com.dfund.recom.algo.AlgoApplication] -- Starting AlgoApplication on localhost with PID 6005 (/Users/seldom/Desktop/GraphProject/GraphSchedule/recom-algo/target/classes started by seldom in /Users/seldom/Desktop/GraphProject/GraphSchedule)
[2020-11-27 13:56:05] -- [INFO ]: [com.dfund.recom.algo.AlgoApplication] -- The following profiles are active: dev
[2020-11-27 13:56:06] -- [INFO ]: [org.apache.coyote.http11.Http11NioProtocol] -- Initializing ProtocolHandler ["http-nio-8090"]
[2020-11-27 13:56:06] -- [INFO ]: [org.apache.catalina.core.StandardService] -- Starting service [Tomcat]
[2020-11-27 13:56:06] -- [INFO ]: [org.apache.catalina.core.StandardEngine] -- Starting Servlet engine: [Apache Tomcat/9.0.31]
[2020-11-27 13:56:06] -- [INFO ]: [org.apache.catalina.core.ContainerBase.[Tomcat].[localhost].[/]] -- Initializing Spring embedded WebApplicationContext
[2020-11-27 13:56:07] -- [INFO ]: [org.apache.coyote.http11.Http11NioProtocol] -- Starting ProtocolHandler ["http-nio-8090"]
[2020-11-27 13:56:07] -- [INFO ]: [com.dfund.recom.algo.AlgoApplication] -- Started AlgoApplication in 2.47 seconds (JVM running for 3.416)
[2020-11-27 13:56:12] -- [INFO ]: [org.apache.catalina.core.ContainerBase.[Tomcat].[localhost].[/]] -- Initializing Spring DispatcherServlet 'dispatcherServlet'
[2020-11-27 13:56:12] -- [INFO ]: [com.dfund.recom.algo.web.AlgoController] -- 算法管理条件查询，str null,type null, creater admin
[2020-11-27 13:56:12] -- [INFO ]: [com.zaxxer.hikari.HikariDataSource] -- HikariPool-1 - Starting...
[2020-11-27 13:56:13] -- [INFO ]: [com.zaxxer.hikari.HikariDataSource] -- HikariPool-1 - Start completed.
[2020-11-27 14:04:44] -- [INFO ]: [com.zaxxer.hikari.HikariDataSource] -- HikariPool-1 - Shutdown initiated...
[2020-11-27 14:04:44] -- [INFO ]: [com.zaxxer.hikari.HikariDataSource] -- HikariPool-1 - Shutdown completed.
[2020-11-27 14:04:48] -- [INFO ]: [com.dfund.recom.algo.AlgoApplication] -- Starting AlgoApplication on localhost with PID 6041 (/Users/seldom/Desktop/GraphProject/GraphSchedule/recom-algo/target/classes started by seldom in /Users/seldom/Desktop/GraphProject/GraphSchedule)
[2020-11-27 14:04:48] -- [INFO ]: [com.dfund.recom.algo.AlgoApplication] -- The following profiles are active: dev
[2020-11-27 14:04:49] -- [INFO ]: [org.apache.coyote.http11.Http11NioProtocol] -- Initializing ProtocolHandler ["http-nio-8090"]
[2020-11-27 14:04:49] -- [INFO ]: [org.apache.catalina.core.StandardService] -- Starting service [Tomcat]
[2020-11-27 14:04:49] -- [INFO ]: [org.apache.catalina.core.StandardEngine] -- Starting Servlet engine: [Apache Tomcat/9.0.31]
[2020-11-27 14:04:49] -- [INFO ]: [org.apache.catalina.core.ContainerBase.[Tomcat].[localhost].[/]] -- Initializing Spring embedded WebApplicationContext
[2020-11-27 14:04:50] -- [INFO ]: [org.apache.coyote.http11.Http11NioProtocol] -- Starting ProtocolHandler ["http-nio-8090"]
[2020-11-27 14:04:50] -- [INFO ]: [com.dfund.recom.algo.AlgoApplication] -- Started AlgoApplication in 1.926 seconds (JVM running for 2.505)
[2020-11-27 14:04:54] -- [INFO ]: [org.apache.catalina.core.ContainerBase.[Tomcat].[localhost].[/]] -- Initializing Spring DispatcherServlet 'dispatcherServlet'
[2020-11-27 14:04:54] -- [INFO ]: [com.dfund.recom.algo.web.AlgoController] -- 算法管理条件查询，str null,type null, creater admin
[2020-11-27 14:04:54] -- [INFO ]: [com.zaxxer.hikari.HikariDataSource] -- HikariPool-1 - Starting...
[2020-11-27 14:04:55] -- [INFO ]: [com.zaxxer.hikari.HikariDataSource] -- HikariPool-1 - Start completed.
[2020-11-27 14:14:05] -- [INFO ]: [com.dfund.recom.algo.web.AlgoController] -- 算法管理条件查询，str undefined,type undefined, creater null
[2020-11-27 14:14:10] -- [INFO ]: [com.dfund.recom.algo.web.AlgoController] -- 算法管理条件查询，str undefined,type undefined, creater null
[2020-11-27 14:18:32] -- [INFO ]: [com.dfund.recom.algo.web.AlgoController] -- 算法管理条件查询，str undefined,type undefined, creater null
[2020-11-27 14:19:13] -- [INFO ]: [com.dfund.recom.algo.web.AlgoController] -- 算法管理条件查询，str undefined,type undefined, creater null
[2020-11-27 14:28:20] -- [INFO ]: [com.dfund.recom.algo.web.AlgoController] -- 算法管理条件查询，str undefined,type undefined, creater undefined
[2020-11-27 14:32:42] -- [INFO ]: [com.dfund.recom.algo.web.AlgoController] -- 算法管理条件查询，str undefined,type undefined, creater undefined
[2020-11-27 14:34:10] -- [INFO ]: [com.dfund.recom.algo.web.AlgoController] -- 算法管理条件查询，str undefined,type undefined, creater undefined
[2020-11-27 14:34:47] -- [INFO ]: [com.dfund.recom.algo.web.AlgoController] -- 算法管理条件查询，str undefined,type undefined, creater undefined
[2020-11-27 14:35:28] -- [INFO ]: [com.dfund.recom.algo.web.AlgoController] -- 算法管理条件查询，str undefined,type undefined, creater undefined
[2020-11-27 14:35:37] -- [INFO ]: [com.dfund.recom.algo.web.AlgoController] -- 算法管理条件查询，str undefined,type undefined, creater undefined
[2020-11-27 14:41:25] -- [INFO ]: [com.dfund.recom.algo.web.AlgoController] -- 算法管理条件查询，str undefined,type undefined, creater undefined
[2020-11-27 14:42:49] -- [INFO ]: [com.dfund.recom.algo.web.AlgoController] -- 算法管理条件查询，str undefined,type undefined, creater undefined
[2020-11-27 14:42:56] -- [INFO ]: [com.dfund.recom.algo.web.AlgoController] -- 算法管理条件查询，str undefined,type undefined, creater undefined
[2020-11-27 14:44:31] -- [INFO ]: [com.dfund.recom.algo.web.AlgoController] -- 算法管理条件查询，str undefined,type undefined, creater undefined
[2020-11-27 14:44:36] -- [INFO ]: [com.dfund.recom.algo.web.AlgoController] -- 算法管理条件查询，str undefined,type undefined, creater undefined
[2020-11-27 14:46:03] -- [INFO ]: [com.dfund.recom.algo.web.AlgoController] -- 算法管理条件查询，str ,type undefined, creater undefined
[2020-11-27 14:46:11] -- [INFO ]: [com.dfund.recom.algo.web.AlgoController] -- 算法管理条件查询，str ,type , creater 
[2020-11-27 14:52:53] -- [INFO ]: [com.dfund.recom.algo.web.AlgoController] -- 算法管理条件查询，str ,type , creater 
[2020-11-27 14:54:24] -- [INFO ]: [com.dfund.recom.algo.web.AlgoController] -- 算法管理条件查询，str ,type , creater 
[2020-11-27 14:56:14] -- [INFO ]: [com.dfund.recom.algo.web.AlgoController] -- 算法管理条件查询，str ,type , creater 
[2020-11-27 15:01:24] -- [INFO ]: [com.dfund.recom.algo.web.AlgoController] -- 算法管理条件查询，str ,type , creater 
[2020-11-27 15:02:07] -- [INFO ]: [com.dfund.recom.algo.web.AlgoController] -- 算法管理条件查询，str ,type , creater 
[2020-11-27 15:02:42] -- [INFO ]: [com.dfund.recom.algo.web.AlgoController] -- 算法管理条件查询，str ,type , creater 
[2020-11-27 15:05:14] -- [INFO ]: [com.dfund.recom.algo.web.AlgoController] -- 算法管理条件查询，str ,type , creater 
[2020-11-27 15:09:49] -- [INFO ]: [com.dfund.recom.algo.web.AlgoController] -- 算法管理条件查询，str ,type , creater 
[2020-11-27 15:11:39] -- [INFO ]: [com.dfund.recom.algo.web.AlgoController] -- 算法管理条件查询，str ,type , creater 
[2020-11-27 15:12:58] -- [INFO ]: [com.dfund.recom.algo.web.AlgoController] -- 算法管理条件查询，str ,type , creater 
[2020-11-27 15:13:03] -- [INFO ]: [com.dfund.recom.algo.web.AlgoController] -- 算法管理条件查询，str ,type , creater 
[2020-11-27 15:13:08] -- [INFO ]: [com.dfund.recom.algo.web.AlgoController] -- 算法管理条件查询，str ,type , creater 
[2020-11-27 15:13:11] -- [INFO ]: [com.dfund.recom.algo.web.AlgoController] -- 算法管理条件查询，str ,type , creater 
[2020-11-27 15:13:18] -- [INFO ]: [com.dfund.recom.algo.web.AlgoController] -- 算法管理条件查询，str ,type , creater 
[2020-11-27 15:13:19] -- [INFO ]: [com.dfund.recom.algo.web.AlgoController] -- 算法管理条件查询，str ,type , creater 
[2020-11-27 15:13:20] -- [INFO ]: [com.dfund.recom.algo.web.AlgoController] -- 算法管理条件查询，str ,type , creater 
[2020-11-27 15:13:22] -- [INFO ]: [com.dfund.recom.algo.web.AlgoController] -- 算法管理条件查询，str ,type , creater 
[2020-11-27 15:13:25] -- [INFO ]: [com.dfund.recom.algo.web.AlgoController] -- 算法管理条件查询，str ,type , creater 
[2020-11-27 15:14:09] -- [INFO ]: [com.dfund.recom.algo.web.AlgoController] -- 算法管理条件查询，str ,type , creater 
[2020-11-27 15:14:16] -- [INFO ]: [com.dfund.recom.algo.web.AlgoController] -- 算法管理条件查询，str ,type , creater 
[2020-11-27 15:15:13] -- [INFO ]: [com.dfund.recom.algo.web.AlgoController] -- 算法管理条件查询，str ,type , creater 
[2020-11-27 15:15:16] -- [INFO ]: [com.dfund.recom.algo.web.AlgoController] -- 算法管理条件查询，str ,type , creater 
[2020-11-27 15:15:21] -- [INFO ]: [com.dfund.recom.algo.web.AlgoController] -- 算法管理条件查询，str ,type , creater 
[2020-11-27 15:16:09] -- [INFO ]: [com.dfund.recom.algo.web.AlgoController] -- 算法管理条件查询，str ,type , creater 
[2020-11-27 15:16:09] -- [INFO ]: [com.dfund.recom.algo.web.AlgoController] -- 算法管理条件查询，str ,type , creater 
[2020-11-27 15:18:48] -- [INFO ]: [com.dfund.recom.algo.web.AlgoController] -- 算法管理条件查询，str ,type , creater 
[2020-11-27 15:18:50] -- [INFO ]: [com.dfund.recom.algo.web.AlgoController] -- 算法管理条件查询，str ,type , creater 
[2020-11-27 15:21:36] -- [INFO ]: [com.dfund.recom.algo.web.AlgoController] -- 算法管理条件查询，str ,type , creater 
[2020-11-27 15:21:39] -- [INFO ]: [com.dfund.recom.algo.web.AlgoController] -- 算法管理条件查询，str ,type , creater 
[2020-11-27 15:21:58] -- [INFO ]: [com.dfund.recom.algo.web.AlgoController] -- 算法管理条件查询，str ,type , creater 
[2020-11-27 15:22:36] -- [INFO ]: [com.dfund.recom.algo.web.AlgoController] -- 算法管理条件查询，str ,type , creater 
[2020-11-27 15:22:49] -- [INFO ]: [com.dfund.recom.algo.web.AlgoController] -- 算法管理条件查询，str ,type , creater 
[2020-11-27 15:22:52] -- [INFO ]: [com.dfund.recom.algo.web.AlgoController] -- 算法管理条件查询，str ,type , creater 
[2020-11-27 15:22:54] -- [INFO ]: [com.dfund.recom.algo.web.AlgoController] -- 算法管理条件查询，str ,type , creater 
[2020-11-27 15:22:56] -- [INFO ]: [com.dfund.recom.algo.web.AlgoController] -- 算法管理条件查询，str ,type , creater 
[2020-11-27 15:22:58] -- [INFO ]: [com.dfund.recom.algo.web.AlgoController] -- 算法管理条件查询，str ,type , creater 
[2020-11-27 15:23:06] -- [INFO ]: [com.dfund.recom.algo.web.AlgoController] -- 算法管理条件查询，str ,type , creater 
[2020-11-27 15:23:06] -- [INFO ]: [com.dfund.recom.algo.web.AlgoController] -- 算法管理条件查询，str ,type , creater 
[2020-11-27 15:23:09] -- [INFO ]: [com.dfund.recom.algo.web.AlgoController] -- 算法管理条件查询，str ,type , creater 
[2020-11-27 15:27:02] -- [INFO ]: [com.dfund.recom.algo.web.AlgoController] -- 算法管理条件查询，str ,type , creater 
[2020-11-27 15:27:33] -- [INFO ]: [com.dfund.recom.algo.web.AlgoController] -- 算法管理条件查询，str ,type , creater 
[2020-11-27 15:27:46] -- [INFO ]: [com.dfund.recom.algo.web.AlgoController] -- 算法管理条件查询，str ,type , creater 
[2020-11-27 15:27:48] -- [INFO ]: [com.dfund.recom.algo.web.AlgoController] -- 算法管理条件查询，str ,type , creater 
[2020-11-27 15:28:34] -- [INFO ]: [com.dfund.recom.algo.web.AlgoController] -- 算法管理条件查询，str ,type , creater 
[2020-11-27 15:29:30] -- [INFO ]: [com.dfund.recom.algo.web.AlgoController] -- 算法管理条件查询，str ,type , creater 
[2020-11-27 15:31:47] -- [INFO ]: [com.dfund.recom.algo.web.AlgoController] -- 算法管理条件查询，str ,type , creater 
[2020-11-27 15:31:55] -- [INFO ]: [com.dfund.recom.algo.web.AlgoController] -- 算法管理条件查询，str ,type , creater 
[2020-11-27 15:32:06] -- [INFO ]: [com.dfund.recom.algo.web.AlgoController] -- 算法管理条件查询，str ,type , creater 
[2020-11-27 15:33:38] -- [INFO ]: [com.dfund.recom.algo.web.AlgoController] -- 算法管理条件查询，str ,type , creater 
[2020-11-27 15:34:37] -- [INFO ]: [com.dfund.recom.algo.web.AlgoController] -- 算法管理条件查询，str ,type , creater 
[2020-11-27 15:34:38] -- [INFO ]: [com.dfund.recom.algo.web.AlgoController] -- 算法管理条件查询，str ,type , creater 
[2020-11-27 15:40:57] -- [INFO ]: [com.dfund.recom.algo.web.AlgoController] -- 算法管理条件查询，str ,type , creater 
[2020-11-27 15:50:19] -- [INFO ]: [com.dfund.recom.algo.web.AlgoController] -- 算法管理条件查询，str ,type , creater 
[2020-11-27 15:50:38] -- [INFO ]: [com.dfund.recom.algo.web.AlgoController] -- 算法管理条件查询，str ,type , creater 
[2020-11-27 15:53:29] -- [INFO ]: [com.dfund.recom.algo.web.AlgoController] -- 算法管理条件查询，str ,type , creater 
[2020-11-27 15:54:41] -- [INFO ]: [com.dfund.recom.algo.web.AlgoController] -- 算法管理条件查询，str ,type , creater 
[2020-11-27 15:55:50] -- [INFO ]: [com.dfund.recom.algo.web.AlgoController] -- 算法管理条件查询，str ,type , creater 
[2020-11-27 15:57:07] -- [INFO ]: [com.dfund.recom.algo.web.AlgoController] -- 算法管理条件查询，str ,type , creater 
[2020-11-27 16:02:43] -- [INFO ]: [com.dfund.recom.algo.web.AlgoController] -- 算法管理条件查询，str ,type , creater 
[2020-11-27 16:05:06] -- [INFO ]: [com.dfund.recom.algo.web.AlgoController] -- 算法管理条件查询，str ,type , creater 
[2020-11-27 16:05:25] -- [INFO ]: [com.dfund.recom.algo.web.AlgoController] -- 算法管理条件查询，str ,type , creater 
[2020-11-27 16:06:49] -- [INFO ]: [com.dfund.recom.algo.web.AlgoController] -- 算法管理条件查询，str ,type , creater 
[2020-11-27 16:08:30] -- [INFO ]: [com.dfund.recom.algo.web.AlgoController] -- 算法管理条件查询，str ,type , creater 
[2020-11-27 16:10:16] -- [INFO ]: [com.dfund.recom.algo.web.AlgoController] -- 算法管理条件查询，str ,type , creater 
[2020-11-27 16:15:08] -- [INFO ]: [com.dfund.recom.algo.web.AlgoController] -- 算法管理条件查询，str ,type , creater 
[2020-11-27 16:16:49] -- [INFO ]: [com.dfund.recom.algo.web.AlgoController] -- 算法管理条件查询，str ,type , creater 
[2020-11-27 16:17:48] -- [INFO ]: [com.dfund.recom.algo.web.AlgoController] -- 算法管理条件查询，str ,type , creater 
[2020-11-27 16:20:27] -- [INFO ]: [com.dfund.recom.algo.web.AlgoController] -- 算法管理条件查询，str ,type , creater 
[2020-11-27 16:20:43] -- [INFO ]: [com.dfund.recom.algo.web.AlgoController] -- 算法管理条件查询，str ,type , creater 
[2020-11-27 16:22:47] -- [INFO ]: [com.dfund.recom.algo.web.AlgoController] -- 算法管理条件查询，str ,type , creater 
[2020-11-27 16:28:34] -- [INFO ]: [com.dfund.recom.algo.web.AlgoController] -- 算法管理条件查询，str ,type , creater 
[2020-11-27 16:28:38] -- [INFO ]: [com.dfund.recom.algo.web.AlgoController] -- 算法管理条件查询，str ,type , creater 
[2020-11-27 16:29:58] -- [INFO ]: [com.dfund.recom.algo.web.AlgoController] -- 算法管理条件查询，str ,type , creater 
[2020-11-27 16:30:19] -- [INFO ]: [com.dfund.recom.algo.web.AlgoController] -- 算法管理条件查询，str ,type , creater 
[2020-11-27 16:31:47] -- [INFO ]: [com.dfund.recom.algo.web.AlgoController] -- 算法管理条件查询，str ,type , creater 
[2020-11-27 16:33:20] -- [INFO ]: [com.dfund.recom.algo.web.AlgoController] -- 算法管理条件查询，str ,type , creater 
[2020-11-27 16:34:35] -- [INFO ]: [com.dfund.recom.algo.web.AlgoController] -- 算法管理条件查询，str ,type , creater 
[2020-11-27 16:34:52] -- [INFO ]: [com.dfund.recom.algo.web.AlgoController] -- 算法管理条件查询，str ,type , creater 
[2020-11-27 16:36:09] -- [INFO ]: [com.dfund.recom.algo.web.AlgoController] -- 算法管理条件查询，str ,type , creater 
[2020-11-27 16:42:18] -- [INFO ]: [com.dfund.recom.algo.web.AlgoController] -- 算法管理条件查询，str ,type , creater 
[2020-11-27 16:42:44] -- [INFO ]: [com.dfund.recom.algo.web.AlgoController] -- 算法管理条件查询，str ,type , creater 
[2020-11-27 16:45:06] -- [INFO ]: [com.dfund.recom.algo.web.AlgoController] -- 算法管理条件查询，str ,type , creater 
[2020-11-27 16:51:28] -- [INFO ]: [com.dfund.recom.algo.web.AlgoController] -- 算法管理条件查询，str ,type , creater 
[2020-11-27 16:51:55] -- [INFO ]: [com.dfund.recom.algo.web.AlgoController] -- 算法管理条件查询，str ,type , creater 
[2020-11-27 16:52:30] -- [INFO ]: [com.dfund.recom.algo.web.AlgoController] -- 算法管理条件查询，str ,type , creater 
[2020-11-27 16:53:48] -- [INFO ]: [com.dfund.recom.algo.web.AlgoController] -- 算法管理条件查询，str ,type , creater 
[2020-11-27 16:55:15] -- [INFO ]: [com.dfund.recom.algo.web.AlgoController] -- 算法管理条件查询，str ,type , creater 
[2020-11-27 16:57:30] -- [INFO ]: [com.dfund.recom.algo.web.AlgoController] -- 算法管理条件查询，str ,type , creater 
[2020-11-27 16:59:55] -- [INFO ]: [com.dfund.recom.algo.web.AlgoController] -- 算法管理条件查询，str ,type , creater 
[2020-11-27 16:59:56] -- [INFO ]: [com.dfund.recom.algo.web.AlgoController] -- 算法管理条件查询，str ,type , creater 
[2020-11-27 17:00:48] -- [INFO ]: [com.dfund.recom.algo.web.AlgoController] -- 算法管理条件查询，str ,type , creater 
[2020-11-27 17:05:22] -- [INFO ]: [com.dfund.recom.algo.web.AlgoController] -- 算法管理条件查询，str ,type , creater 
[2020-11-27 17:06:38] -- [INFO ]: [com.dfund.recom.algo.web.AlgoController] -- 算法管理条件查询，str ,type , creater 
[2020-11-27 17:07:36] -- [INFO ]: [com.dfund.recom.algo.web.AlgoController] -- 算法管理条件查询，str ,type , creater 
[2020-11-27 17:09:56] -- [INFO ]: [com.dfund.recom.algo.web.AlgoController] -- 算法管理条件查询，str ,type , creater 
[2020-11-27 17:10:20] -- [INFO ]: [com.dfund.recom.algo.web.AlgoController] -- 算法管理条件查询，str ,type , creater 
[2020-11-27 17:10:43] -- [INFO ]: [com.dfund.recom.algo.web.AlgoController] -- 算法管理条件查询，str ,type , creater 
[2020-11-27 17:12:13] -- [INFO ]: [com.dfund.recom.algo.web.AlgoController] -- 算法管理条件查询，str ,type , creater 
[2020-11-27 17:12:15] -- [INFO ]: [com.dfund.recom.algo.web.AlgoController] -- 算法管理条件查询，str ,type , creater 
[2020-11-27 17:16:01] -- [INFO ]: [com.dfund.recom.algo.web.AlgoController] -- 算法管理条件查询，str ,type , creater 
[2020-11-27 17:17:06] -- [INFO ]: [com.dfund.recom.algo.web.AlgoController] -- 算法管理条件查询，str ,type , creater 
[2020-11-27 17:18:50] -- [INFO ]: [com.dfund.recom.algo.web.AlgoController] -- 算法管理条件查询，str ,type , creater 
[2020-11-27 17:20:55] -- [INFO ]: [com.dfund.recom.algo.web.AlgoController] -- 算法管理条件查询，str ,type , creater 
[2020-11-27 17:46:22] -- [INFO ]: [com.zaxxer.hikari.HikariDataSource] -- HikariPool-1 - Shutdown initiated...
[2020-11-27 17:46:22] -- [INFO ]: [com.zaxxer.hikari.HikariDataSource] -- HikariPool-1 - Shutdown completed.
[2020-11-27 17:46:28] -- [INFO ]: [com.dfund.recom.algo.AlgoApplication] -- Starting AlgoApplication on localhost with PID 6702 (/Users/seldom/Desktop/GraphProject/GraphSchedule/recom-algo/target/classes started by seldom in /Users/seldom/Desktop/GraphProject/GraphSchedule)
[2020-11-27 17:46:28] -- [INFO ]: [com.dfund.recom.algo.AlgoApplication] -- The following profiles are active: dev
[2020-11-27 17:46:29] -- [INFO ]: [org.apache.coyote.http11.Http11NioProtocol] -- Initializing ProtocolHandler ["http-nio-8090"]
[2020-11-27 17:46:29] -- [INFO ]: [org.apache.catalina.core.StandardService] -- Starting service [Tomcat]
[2020-11-27 17:46:29] -- [INFO ]: [org.apache.catalina.core.StandardEngine] -- Starting Servlet engine: [Apache Tomcat/9.0.31]
[2020-11-27 17:46:29] -- [INFO ]: [org.apache.catalina.core.ContainerBase.[Tomcat].[localhost].[/]] -- Initializing Spring embedded WebApplicationContext
[2020-11-27 17:46:29] -- [INFO ]: [org.apache.coyote.http11.Http11NioProtocol] -- Starting ProtocolHandler ["http-nio-8090"]
[2020-11-27 17:46:30] -- [INFO ]: [com.dfund.recom.algo.AlgoApplication] -- Started AlgoApplication in 2.276 seconds (JVM running for 2.988)
[2020-11-27 17:55:02] -- [INFO ]: [org.apache.catalina.core.ContainerBase.[Tomcat].[localhost].[/]] -- Initializing Spring DispatcherServlet 'dispatcherServlet'
[2020-11-27 17:55:02] -- [INFO ]: [com.dfund.recom.algo.web.AlgoController] -- 算法管理条件查询，str ,type , creater 
[2020-11-27 17:55:02] -- [INFO ]: [com.zaxxer.hikari.HikariDataSource] -- HikariPool-1 - Starting...
[2020-11-27 17:55:03] -- [INFO ]: [com.zaxxer.hikari.HikariDataSource] -- HikariPool-1 - Start completed.
[2020-11-27 18:01:05] -- [INFO ]: [com.zaxxer.hikari.HikariDataSource] -- HikariPool-1 - Shutdown initiated...
[2020-11-27 18:01:05] -- [INFO ]: [com.zaxxer.hikari.HikariDataSource] -- HikariPool-1 - Shutdown completed.
[2020-11-27 18:01:09] -- [INFO ]: [com.dfund.recom.algo.AlgoApplication] -- Starting AlgoApplication on localhost with PID 6753 (/Users/seldom/Desktop/GraphProject/GraphSchedule/recom-algo/target/classes started by seldom in /Users/seldom/Desktop/GraphProject/GraphSchedule)
[2020-11-27 18:01:09] -- [INFO ]: [com.dfund.recom.algo.AlgoApplication] -- The following profiles are active: dev
[2020-11-27 18:01:10] -- [INFO ]: [org.apache.coyote.http11.Http11NioProtocol] -- Initializing ProtocolHandler ["http-nio-8090"]
[2020-11-27 18:01:10] -- [INFO ]: [org.apache.catalina.core.StandardService] -- Starting service [Tomcat]
[2020-11-27 18:01:10] -- [INFO ]: [org.apache.catalina.core.StandardEngine] -- Starting Servlet engine: [Apache Tomcat/9.0.31]
[2020-11-27 18:01:10] -- [INFO ]: [org.apache.catalina.core.ContainerBase.[Tomcat].[localhost].[/]] -- Initializing Spring embedded WebApplicationContext
[2020-11-27 18:01:10] -- [INFO ]: [org.apache.coyote.http11.Http11NioProtocol] -- Starting ProtocolHandler ["http-nio-8090"]
[2020-11-27 18:01:10] -- [INFO ]: [com.dfund.recom.algo.AlgoApplication] -- Started AlgoApplication in 2.304 seconds (JVM running for 3.188)
[2020-11-27 18:01:18] -- [INFO ]: [org.apache.catalina.core.ContainerBase.[Tomcat].[localhost].[/]] -- Initializing Spring DispatcherServlet 'dispatcherServlet'
[2020-11-27 18:02:49] -- [INFO ]: [com.dfund.recom.algo.web.AlgoController] -- 算法管理条件查询，str ,type , creater 
[2020-11-27 18:02:49] -- [INFO ]: [com.zaxxer.hikari.HikariDataSource] -- HikariPool-1 - Starting...
[2020-11-27 18:02:50] -- [INFO ]: [com.zaxxer.hikari.HikariDataSource] -- HikariPool-1 - Start completed.
[2020-11-27 18:13:07] -- [INFO ]: [com.dfund.recom.algo.web.AlgoController] -- 算法管理条件查询，str ,type , creater 
[2020-11-27 18:17:32] -- [INFO ]: [com.dfund.recom.algo.web.AlgoController] -- 算法管理条件查询，str ,type , creater 
[2020-11-27 18:21:22] -- [INFO ]: [com.zaxxer.hikari.HikariDataSource] -- HikariPool-1 - Shutdown initiated...
[2020-11-27 18:21:22] -- [INFO ]: [com.zaxxer.hikari.HikariDataSource] -- HikariPool-1 - Shutdown completed.
[2020-11-27 18:21:25] -- [INFO ]: [com.dfund.recom.algo.AlgoApplication] -- Starting AlgoApplication on localhost with PID 6821 (/Users/seldom/Desktop/GraphProject/GraphSchedule/recom-algo/target/classes started by seldom in /Users/seldom/Desktop/GraphProject/GraphSchedule)
[2020-11-27 18:21:25] -- [INFO ]: [com.dfund.recom.algo.AlgoApplication] -- The following profiles are active: dev
[2020-11-27 18:21:26] -- [INFO ]: [org.apache.coyote.http11.Http11NioProtocol] -- Initializing ProtocolHandler ["http-nio-8090"]
[2020-11-27 18:21:26] -- [INFO ]: [org.apache.catalina.core.StandardService] -- Starting service [Tomcat]
[2020-11-27 18:21:26] -- [INFO ]: [org.apache.catalina.core.StandardEngine] -- Starting Servlet engine: [Apache Tomcat/9.0.31]
[2020-11-27 18:21:26] -- [INFO ]: [org.apache.catalina.core.ContainerBase.[Tomcat].[localhost].[/]] -- Initializing Spring embedded WebApplicationContext
[2020-11-27 18:21:27] -- [INFO ]: [org.apache.coyote.http11.Http11NioProtocol] -- Starting ProtocolHandler ["http-nio-8090"]
[2020-11-27 18:21:27] -- [INFO ]: [com.dfund.recom.algo.AlgoApplication] -- Started AlgoApplication in 2.068 seconds (JVM running for 2.667)
[2020-11-27 18:24:44] -- [INFO ]: [org.apache.catalina.core.ContainerBase.[Tomcat].[localhost].[/]] -- Initializing Spring DispatcherServlet 'dispatcherServlet'
[2020-11-27 18:24:44] -- [INFO ]: [com.dfund.recom.algo.web.AlgoController] -- 算法管理条件查询，str ,type , creater 
[2020-11-27 18:24:44] -- [INFO ]: [com.zaxxer.hikari.HikariDataSource] -- HikariPool-1 - Starting...
[2020-11-27 18:24:44] -- [INFO ]: [com.zaxxer.hikari.HikariDataSource] -- HikariPool-1 - Start completed.
[2020-11-27 18:25:55] -- [INFO ]: [com.dfund.recom.algo.web.AlgoController] -- 算法管理条件查询，str ,type , creater 
[2020-11-27 18:26:51] -- [INFO ]: [com.dfund.recom.algo.web.AlgoController] -- 算法管理条件查询，str ,type , creater 
[2020-11-27 18:29:19] -- [INFO ]: [com.dfund.recom.algo.web.AlgoController] -- 算法管理条件查询，str ,type , creater 
