[2020-12-03 15:10:52] -- [INFO ]: [com.dfund.recom.algo.AlgoApplication] -- Starting AlgoApplication on localhost with PID 17512 (/Users/seldom/Desktop/GraphProject/GraphSchedule/recom-algo/target/classes started by seldom in /Users/seldom/Desktop/GraphProject/GraphSchedule)
[2020-12-03 15:10:52] -- [INFO ]: [com.dfund.recom.algo.AlgoApplication] -- The following profiles are active: dev
[2020-12-03 15:10:53] -- [INFO ]: [org.apache.coyote.http11.Http11NioProtocol] -- Initializing ProtocolHandler ["http-nio-8090"]
[2020-12-03 15:10:53] -- [INFO ]: [org.apache.catalina.core.StandardService] -- Starting service [Tomcat]
[2020-12-03 15:10:53] -- [INFO ]: [org.apache.catalina.core.StandardEngine] -- Starting Servlet engine: [Apache Tomcat/9.0.31]
[2020-12-03 15:10:53] -- [INFO ]: [org.apache.catalina.core.ContainerBase.[Tomcat].[localhost].[/]] -- Initializing Spring embedded WebApplicationContext
[2020-12-03 15:10:54] -- [INFO ]: [org.apache.coyote.http11.Http11NioProtocol] -- Starting ProtocolHandler ["http-nio-8090"]
[2020-12-03 15:10:54] -- [INFO ]: [com.dfund.recom.algo.AlgoApplication] -- Started AlgoApplication in 2.888 seconds (JVM running for 3.581)
[2020-12-03 15:11:14] -- [INFO ]: [org.apache.catalina.core.ContainerBase.[Tomcat].[localhost].[/]] -- Initializing Spring DispatcherServlet 'dispatcherServlet'
[2020-12-03 15:11:14] -- [INFO ]: [com.dfund.recom.algo.web.AlgoController] -- upload - file~~~~~~~~~~~~~~~~~~~~~~~~~~~~~
[2020-12-03 15:13:40] -- [INFO ]: [com.dfund.recom.algo.AlgoApplication] -- Starting AlgoApplication on localhost with PID 17538 (/Users/seldom/Desktop/GraphProject/GraphSchedule/recom-algo/target/classes started by seldom in /Users/seldom/Desktop/GraphProject/GraphSchedule)
[2020-12-03 15:13:40] -- [INFO ]: [com.dfund.recom.algo.AlgoApplication] -- The following profiles are active: dev
[2020-12-03 15:13:41] -- [INFO ]: [org.apache.coyote.http11.Http11NioProtocol] -- Initializing ProtocolHandler ["http-nio-8090"]
[2020-12-03 15:13:41] -- [INFO ]: [org.apache.catalina.core.StandardService] -- Starting service [Tomcat]
[2020-12-03 15:13:41] -- [INFO ]: [org.apache.catalina.core.StandardEngine] -- Starting Servlet engine: [Apache Tomcat/9.0.31]
[2020-12-03 15:13:41] -- [INFO ]: [org.apache.catalina.core.ContainerBase.[Tomcat].[localhost].[/]] -- Initializing Spring embedded WebApplicationContext
[2020-12-03 15:13:42] -- [INFO ]: [org.apache.coyote.http11.Http11NioProtocol] -- Starting ProtocolHandler ["http-nio-8090"]
[2020-12-03 15:13:42] -- [INFO ]: [com.dfund.recom.algo.AlgoApplication] -- Started AlgoApplication in 2.242 seconds (JVM running for 3.014)
[2020-12-03 15:13:53] -- [INFO ]: [org.apache.catalina.core.ContainerBase.[Tomcat].[localhost].[/]] -- Initializing Spring DispatcherServlet 'dispatcherServlet'
[2020-12-03 15:13:53] -- [INFO ]: [com.dfund.recom.algo.web.AlgoController] -- upload - file~~~~~~~~~~~~~~~~~~~~~~~~~~~~~
[2020-12-03 15:14:57] -- [INFO ]: [com.dfund.recom.algo.AlgoApplication] -- Starting AlgoApplication on localhost with PID 17545 (/Users/seldom/Desktop/GraphProject/GraphSchedule/recom-algo/target/classes started by seldom in /Users/seldom/Desktop/GraphProject/GraphSchedule)
[2020-12-03 15:14:57] -- [INFO ]: [com.dfund.recom.algo.AlgoApplication] -- The following profiles are active: dev
[2020-12-03 15:14:58] -- [INFO ]: [org.apache.coyote.http11.Http11NioProtocol] -- Initializing ProtocolHandler ["http-nio-8090"]
[2020-12-03 15:14:58] -- [INFO ]: [org.apache.catalina.core.StandardService] -- Starting service [Tomcat]
[2020-12-03 15:14:58] -- [INFO ]: [org.apache.catalina.core.StandardEngine] -- Starting Servlet engine: [Apache Tomcat/9.0.31]
[2020-12-03 15:14:58] -- [INFO ]: [org.apache.catalina.core.ContainerBase.[Tomcat].[localhost].[/]] -- Initializing Spring embedded WebApplicationContext
[2020-12-03 15:14:59] -- [INFO ]: [org.apache.coyote.http11.Http11NioProtocol] -- Starting ProtocolHandler ["http-nio-8090"]
[2020-12-03 15:14:59] -- [INFO ]: [com.dfund.recom.algo.AlgoApplication] -- Started AlgoApplication in 2.07 seconds (JVM running for 2.723)
[2020-12-03 15:16:03] -- [INFO ]: [com.dfund.recom.algo.AlgoApplication] -- Starting AlgoApplication on localhost with PID 17554 (/Users/seldom/Desktop/GraphProject/GraphSchedule/recom-algo/target/classes started by seldom in /Users/seldom/Desktop/GraphProject/GraphSchedule)
[2020-12-03 15:16:03] -- [INFO ]: [com.dfund.recom.algo.AlgoApplication] -- The following profiles are active: dev
[2020-12-03 15:16:04] -- [INFO ]: [org.apache.coyote.http11.Http11NioProtocol] -- Initializing ProtocolHandler ["http-nio-8090"]
[2020-12-03 15:16:04] -- [INFO ]: [org.apache.catalina.core.StandardService] -- Starting service [Tomcat]
[2020-12-03 15:16:04] -- [INFO ]: [org.apache.catalina.core.StandardEngine] -- Starting Servlet engine: [Apache Tomcat/9.0.31]
[2020-12-03 15:16:04] -- [INFO ]: [org.apache.catalina.core.ContainerBase.[Tomcat].[localhost].[/]] -- Initializing Spring embedded WebApplicationContext
[2020-12-03 15:16:04] -- [INFO ]: [org.apache.coyote.http11.Http11NioProtocol] -- Starting ProtocolHandler ["http-nio-8090"]
[2020-12-03 15:16:05] -- [INFO ]: [com.dfund.recom.algo.AlgoApplication] -- Started AlgoApplication in 2.294 seconds (JVM running for 2.907)
[2020-12-03 15:16:09] -- [INFO ]: [org.apache.catalina.core.ContainerBase.[Tomcat].[localhost].[/]] -- Initializing Spring DispatcherServlet 'dispatcherServlet'
[2020-12-03 15:16:09] -- [INFO ]: [com.dfund.recom.algo.web.AlgoController] -- upload - file~~~~~~~~~~~~~~~~~~~~~~~~~~~~~
[2020-12-03 15:16:44] -- [INFO ]: [com.dfund.recom.algo.web.AlgoController] -- upload - file~~~~~~~~~~~~~~~~~~~~~~~~~~~~~
[2020-12-03 15:19:51] -- [INFO ]: [com.dfund.recom.algo.web.AlgoController] -- upload - file~~~~~~~~~~~~~~~~~~~~~~~~~~~~~
[2020-12-03 15:20:37] -- [INFO ]: [com.dfund.recom.algo.web.AlgoController] -- upload - file~~~~~~~~~~~~~~~~~~~~~~~~~~~~~
[2020-12-03 15:27:20] -- [INFO ]: [com.dfund.recom.algo.AlgoApplication] -- Starting AlgoApplication on localhost with PID 17599 (/Users/seldom/Desktop/GraphProject/GraphSchedule/recom-algo/target/classes started by seldom in /Users/seldom/Desktop/GraphProject/GraphSchedule)
[2020-12-03 15:27:20] -- [INFO ]: [com.dfund.recom.algo.AlgoApplication] -- The following profiles are active: dev
[2020-12-03 15:27:21] -- [INFO ]: [org.apache.coyote.http11.Http11NioProtocol] -- Initializing ProtocolHandler ["http-nio-8090"]
[2020-12-03 15:27:21] -- [INFO ]: [org.apache.catalina.core.StandardService] -- Starting service [Tomcat]
[2020-12-03 15:27:21] -- [INFO ]: [org.apache.catalina.core.StandardEngine] -- Starting Servlet engine: [Apache Tomcat/9.0.31]
[2020-12-03 15:27:21] -- [INFO ]: [org.apache.catalina.core.ContainerBase.[Tomcat].[localhost].[/]] -- Initializing Spring embedded WebApplicationContext
[2020-12-03 15:27:22] -- [INFO ]: [org.apache.coyote.http11.Http11NioProtocol] -- Starting ProtocolHandler ["http-nio-8090"]
[2020-12-03 15:27:22] -- [INFO ]: [com.dfund.recom.algo.AlgoApplication] -- Started AlgoApplication in 2.219 seconds (JVM running for 2.917)
[2020-12-03 15:27:47] -- [INFO ]: [org.apache.catalina.core.ContainerBase.[Tomcat].[localhost].[/]] -- Initializing Spring DispatcherServlet 'dispatcherServlet'
[2020-12-03 15:27:47] -- [INFO ]: [com.dfund.recom.algo.web.AlgoController] -- upload - file~~~~~~~~~~~~~~~~~~~~~~~~~~~~~
[2020-12-03 15:35:23] -- [INFO ]: [com.dfund.recom.algo.AlgoApplication] -- Starting AlgoApplication on localhost with PID 17663 (/Users/seldom/Desktop/GraphProject/GraphSchedule/recom-algo/target/classes started by seldom in /Users/seldom/Desktop/GraphProject/GraphSchedule)
[2020-12-03 15:35:23] -- [INFO ]: [com.dfund.recom.algo.AlgoApplication] -- The following profiles are active: dev
[2020-12-03 15:35:24] -- [INFO ]: [org.apache.coyote.http11.Http11NioProtocol] -- Initializing ProtocolHandler ["http-nio-8090"]
[2020-12-03 15:35:24] -- [INFO ]: [org.apache.catalina.core.StandardService] -- Starting service [Tomcat]
[2020-12-03 15:35:24] -- [INFO ]: [org.apache.catalina.core.StandardEngine] -- Starting Servlet engine: [Apache Tomcat/9.0.31]
[2020-12-03 15:35:24] -- [INFO ]: [org.apache.catalina.core.ContainerBase.[Tomcat].[localhost].[/]] -- Initializing Spring embedded WebApplicationContext
[2020-12-03 15:35:25] -- [INFO ]: [org.apache.coyote.http11.Http11NioProtocol] -- Starting ProtocolHandler ["http-nio-8090"]
[2020-12-03 15:35:25] -- [INFO ]: [com.dfund.recom.algo.AlgoApplication] -- Started AlgoApplication in 2.095 seconds (JVM running for 2.753)
[2020-12-03 15:35:33] -- [INFO ]: [org.apache.catalina.core.ContainerBase.[Tomcat].[localhost].[/]] -- Initializing Spring DispatcherServlet 'dispatcherServlet'
[2020-12-03 15:35:33] -- [INFO ]: [com.dfund.recom.algo.web.AlgoController] -- upload - file~~~~~~~~~~~~~~~~~~~~~~~~~~~~~
[2020-12-03 15:43:13] -- [INFO ]: [com.dfund.recom.algo.AlgoApplication] -- Starting AlgoApplication on localhost with PID 17709 (/Users/seldom/Desktop/GraphProject/GraphSchedule/recom-algo/target/classes started by seldom in /Users/seldom/Desktop/GraphProject/GraphSchedule)
[2020-12-03 15:43:13] -- [INFO ]: [com.dfund.recom.algo.AlgoApplication] -- The following profiles are active: dev
[2020-12-03 15:43:14] -- [INFO ]: [org.apache.coyote.http11.Http11NioProtocol] -- Initializing ProtocolHandler ["http-nio-8090"]
[2020-12-03 15:43:14] -- [INFO ]: [org.apache.catalina.core.StandardService] -- Starting service [Tomcat]
[2020-12-03 15:43:14] -- [INFO ]: [org.apache.catalina.core.StandardEngine] -- Starting Servlet engine: [Apache Tomcat/9.0.31]
[2020-12-03 15:43:14] -- [INFO ]: [org.apache.catalina.core.ContainerBase.[Tomcat].[localhost].[/]] -- Initializing Spring embedded WebApplicationContext
[2020-12-03 15:43:15] -- [INFO ]: [org.apache.coyote.http11.Http11NioProtocol] -- Starting ProtocolHandler ["http-nio-8090"]
[2020-12-03 15:43:15] -- [INFO ]: [com.dfund.recom.algo.AlgoApplication] -- Started AlgoApplication in 2.454 seconds (JVM running for 3.146)
[2020-12-03 15:43:18] -- [INFO ]: [org.apache.catalina.core.ContainerBase.[Tomcat].[localhost].[/]] -- Initializing Spring DispatcherServlet 'dispatcherServlet'
[2020-12-03 15:43:18] -- [INFO ]: [com.dfund.recom.algo.web.AlgoController] -- upload - file~~~~~~~~~~~~~~~~~~~~~~~~~~~~~
[2020-12-03 15:43:57] -- [INFO ]: [com.dfund.recom.algo.web.AlgoController] -- upload - file~~~~~~~~~~~~~~~~~~~~~~~~~~~~~
[2020-12-03 15:44:52] -- [INFO ]: [com.dfund.recom.algo.web.AlgoController] -- upload - file~~~~~~~~~~~~~~~~~~~~~~~~~~~~~
[2020-12-03 15:46:00] -- [INFO ]: [com.dfund.recom.algo.web.AlgoController] -- upload - file~~~~~~~~~~~~~~~~~~~~~~~~~~~~~
[2020-12-03 15:47:14] -- [INFO ]: [com.dfund.recom.algo.AlgoApplication] -- Starting AlgoApplication on localhost with PID 17723 (/Users/seldom/Desktop/GraphProject/GraphSchedule/recom-algo/target/classes started by seldom in /Users/seldom/Desktop/GraphProject/GraphSchedule)
[2020-12-03 15:47:14] -- [INFO ]: [com.dfund.recom.algo.AlgoApplication] -- The following profiles are active: dev
[2020-12-03 15:47:15] -- [INFO ]: [org.apache.coyote.http11.Http11NioProtocol] -- Initializing ProtocolHandler ["http-nio-8090"]
[2020-12-03 15:47:15] -- [INFO ]: [org.apache.catalina.core.StandardService] -- Starting service [Tomcat]
[2020-12-03 15:47:15] -- [INFO ]: [org.apache.catalina.core.StandardEngine] -- Starting Servlet engine: [Apache Tomcat/9.0.31]
[2020-12-03 15:47:15] -- [INFO ]: [org.apache.catalina.core.ContainerBase.[Tomcat].[localhost].[/]] -- Initializing Spring embedded WebApplicationContext
[2020-12-03 15:47:16] -- [INFO ]: [org.apache.coyote.http11.Http11NioProtocol] -- Starting ProtocolHandler ["http-nio-8090"]
[2020-12-03 15:47:16] -- [INFO ]: [com.dfund.recom.algo.AlgoApplication] -- Started AlgoApplication in 2.414 seconds (JVM running for 3.287)
[2020-12-03 15:47:39] -- [INFO ]: [org.apache.catalina.core.ContainerBase.[Tomcat].[localhost].[/]] -- Initializing Spring DispatcherServlet 'dispatcherServlet'
[2020-12-03 15:47:39] -- [INFO ]: [com.dfund.recom.algo.web.AlgoController] -- upload - file~~~~~~~~~~~~~~~~~~~~~~~~~~~~~
[2020-12-03 15:55:42] -- [INFO ]: [com.dfund.recom.algo.AlgoApplication] -- Starting AlgoApplication on localhost with PID 17768 (/Users/seldom/Desktop/GraphProject/GraphSchedule/recom-algo/target/classes started by seldom in /Users/seldom/Desktop/GraphProject/GraphSchedule)
[2020-12-03 15:55:42] -- [INFO ]: [com.dfund.recom.algo.AlgoApplication] -- The following profiles are active: dev
[2020-12-03 15:55:43] -- [INFO ]: [org.apache.coyote.http11.Http11NioProtocol] -- Initializing ProtocolHandler ["http-nio-8090"]
[2020-12-03 15:55:43] -- [INFO ]: [org.apache.catalina.core.StandardService] -- Starting service [Tomcat]
[2020-12-03 15:55:43] -- [INFO ]: [org.apache.catalina.core.StandardEngine] -- Starting Servlet engine: [Apache Tomcat/9.0.31]
[2020-12-03 15:55:43] -- [INFO ]: [org.apache.catalina.core.ContainerBase.[Tomcat].[localhost].[/]] -- Initializing Spring embedded WebApplicationContext
[2020-12-03 15:55:47] -- [INFO ]: [com.dfund.recom.algo.AlgoApplication] -- Starting AlgoApplication on localhost with PID 17771 (/Users/seldom/Desktop/GraphProject/GraphSchedule/recom-algo/target/classes started by seldom in /Users/seldom/Desktop/GraphProject/GraphSchedule)
[2020-12-03 15:55:47] -- [INFO ]: [com.dfund.recom.algo.AlgoApplication] -- The following profiles are active: dev
[2020-12-03 15:55:48] -- [INFO ]: [org.apache.coyote.http11.Http11NioProtocol] -- Initializing ProtocolHandler ["http-nio-8090"]
[2020-12-03 15:55:48] -- [INFO ]: [org.apache.catalina.core.StandardService] -- Starting service [Tomcat]
[2020-12-03 15:55:48] -- [INFO ]: [org.apache.catalina.core.StandardEngine] -- Starting Servlet engine: [Apache Tomcat/9.0.31]
[2020-12-03 15:55:49] -- [INFO ]: [org.apache.catalina.core.ContainerBase.[Tomcat].[localhost].[/]] -- Initializing Spring embedded WebApplicationContext
[2020-12-03 15:55:49] -- [INFO ]: [org.apache.coyote.http11.Http11NioProtocol] -- Starting ProtocolHandler ["http-nio-8090"]
[2020-12-03 15:55:49] -- [INFO ]: [com.dfund.recom.algo.AlgoApplication] -- Started AlgoApplication in 2.184 seconds (JVM running for 2.894)
[2020-12-03 15:55:53] -- [INFO ]: [org.apache.catalina.core.ContainerBase.[Tomcat].[localhost].[/]] -- Initializing Spring DispatcherServlet 'dispatcherServlet'
[2020-12-03 15:55:53] -- [INFO ]: [com.dfund.recom.algo.web.AlgoController] -- upload - file~~~~~~~~~~~~~~~~~~~~~~~~~~~~~
[2020-12-03 15:58:41] -- [INFO ]: [com.dfund.recom.algo.AlgoApplication] -- Starting AlgoApplication on localhost with PID 17786 (/Users/seldom/Desktop/GraphProject/GraphSchedule/recom-algo/target/classes started by seldom in /Users/seldom/Desktop/GraphProject/GraphSchedule)
[2020-12-03 15:58:41] -- [INFO ]: [com.dfund.recom.algo.AlgoApplication] -- The following profiles are active: dev
[2020-12-03 15:58:42] -- [INFO ]: [org.apache.coyote.http11.Http11NioProtocol] -- Initializing ProtocolHandler ["http-nio-8090"]
[2020-12-03 15:58:42] -- [INFO ]: [org.apache.catalina.core.StandardService] -- Starting service [Tomcat]
[2020-12-03 15:58:42] -- [INFO ]: [org.apache.catalina.core.StandardEngine] -- Starting Servlet engine: [Apache Tomcat/9.0.31]
[2020-12-03 15:58:42] -- [INFO ]: [org.apache.catalina.core.ContainerBase.[Tomcat].[localhost].[/]] -- Initializing Spring embedded WebApplicationContext
[2020-12-03 15:58:43] -- [INFO ]: [org.apache.coyote.http11.Http11NioProtocol] -- Starting ProtocolHandler ["http-nio-8090"]
[2020-12-03 15:58:43] -- [INFO ]: [com.dfund.recom.algo.AlgoApplication] -- Started AlgoApplication in 2.166 seconds (JVM running for 2.82)
[2020-12-03 15:59:37] -- [INFO ]: [org.apache.catalina.core.ContainerBase.[Tomcat].[localhost].[/]] -- Initializing Spring DispatcherServlet 'dispatcherServlet'
[2020-12-03 15:59:37] -- [INFO ]: [com.dfund.recom.algo.web.AlgoController] -- upload - file~~~~~~~~~~~~~~~~~~~~~~~~~~~~~
[2020-12-03 16:01:44] -- [INFO ]: [com.dfund.recom.algo.AlgoApplication] -- Starting AlgoApplication on localhost with PID 17798 (/Users/seldom/Desktop/GraphProject/GraphSchedule/recom-algo/target/classes started by seldom in /Users/seldom/Desktop/GraphProject/GraphSchedule)
[2020-12-03 16:01:44] -- [INFO ]: [com.dfund.recom.algo.AlgoApplication] -- The following profiles are active: dev
[2020-12-03 16:01:45] -- [INFO ]: [org.apache.coyote.http11.Http11NioProtocol] -- Initializing ProtocolHandler ["http-nio-8090"]
[2020-12-03 16:01:45] -- [INFO ]: [org.apache.catalina.core.StandardService] -- Starting service [Tomcat]
[2020-12-03 16:01:45] -- [INFO ]: [org.apache.catalina.core.StandardEngine] -- Starting Servlet engine: [Apache Tomcat/9.0.31]
[2020-12-03 16:01:45] -- [INFO ]: [org.apache.catalina.core.ContainerBase.[Tomcat].[localhost].[/]] -- Initializing Spring embedded WebApplicationContext
[2020-12-03 16:01:45] -- [INFO ]: [org.apache.coyote.http11.Http11NioProtocol] -- Starting ProtocolHandler ["http-nio-8090"]
[2020-12-03 16:01:45] -- [INFO ]: [com.dfund.recom.algo.AlgoApplication] -- Started AlgoApplication in 1.962 seconds (JVM running for 2.565)
[2020-12-03 16:02:24] -- [INFO ]: [org.apache.catalina.core.ContainerBase.[Tomcat].[localhost].[/]] -- Initializing Spring DispatcherServlet 'dispatcherServlet'
[2020-12-03 16:02:24] -- [INFO ]: [com.dfund.recom.algo.web.AlgoController] -- upload - file~~~~~~~~~~~~~~~~~~~~~~~~~~~~~
