[2020-11-23 00:00:06] -- [DEBUG]: [com.zaxxer.hikari.pool.HikariPool] -- HikariPool-1 - Pool stats (total=10, active=0, idle=10, waiting=0)
[2020-11-23 00:00:36] -- [DEBUG]: [com.zaxxer.hikari.pool.HikariPool] -- HikariPool-1 - Pool stats (total=10, active=0, idle=10, waiting=0)
[2020-11-23 00:01:06] -- [DEBUG]: [com.zaxxer.hikari.pool.HikariPool] -- HikariPool-1 - Pool stats (total=10, active=0, idle=10, waiting=0)
[2020-11-23 00:01:36] -- [DEBUG]: [com.zaxxer.hikari.pool.HikariPool] -- HikariPool-1 - Pool stats (total=10, active=0, idle=10, waiting=0)
[2020-11-23 00:02:06] -- [DEBUG]: [com.zaxxer.hikari.pool.HikariPool] -- HikariPool-1 - Pool stats (total=10, active=0, idle=10, waiting=0)
[2020-11-23 00:02:36] -- [DEBUG]: [com.zaxxer.hikari.pool.HikariPool] -- HikariPool-1 - Pool stats (total=10, active=0, idle=10, waiting=0)
[2020-11-23 00:03:06] -- [DEBUG]: [com.zaxxer.hikari.pool.HikariPool] -- HikariPool-1 - Pool stats (total=10, active=0, idle=10, waiting=0)
[2020-11-23 00:03:36] -- [DEBUG]: [com.zaxxer.hikari.pool.HikariPool] -- HikariPool-1 - Pool stats (total=10, active=0, idle=10, waiting=0)
[2020-11-23 00:04:06] -- [DEBUG]: [com.zaxxer.hikari.pool.HikariPool] -- HikariPool-1 - Pool stats (total=10, active=0, idle=10, waiting=0)
[2020-11-23 00:04:36] -- [DEBUG]: [com.zaxxer.hikari.pool.HikariPool] -- HikariPool-1 - Pool stats (total=10, active=0, idle=10, waiting=0)
[2020-11-23 00:05:06] -- [DEBUG]: [com.zaxxer.hikari.pool.HikariPool] -- HikariPool-1 - Pool stats (total=10, active=0, idle=10, waiting=0)
[2020-11-23 00:05:36] -- [DEBUG]: [com.zaxxer.hikari.pool.HikariPool] -- HikariPool-1 - Pool stats (total=10, active=0, idle=10, waiting=0)
[2020-11-23 00:06:06] -- [DEBUG]: [com.zaxxer.hikari.pool.HikariPool] -- HikariPool-1 - Pool stats (total=10, active=0, idle=10, waiting=0)
[2020-11-23 00:06:36] -- [DEBUG]: [com.zaxxer.hikari.pool.HikariPool] -- HikariPool-1 - Pool stats (total=10, active=0, idle=10, waiting=0)
[2020-11-23 00:07:06] -- [DEBUG]: [com.zaxxer.hikari.pool.HikariPool] -- HikariPool-1 - Pool stats (total=10, active=0, idle=10, waiting=0)
[2020-11-23 00:07:36] -- [DEBUG]: [com.zaxxer.hikari.pool.HikariPool] -- HikariPool-1 - Pool stats (total=10, active=0, idle=10, waiting=0)
[2020-11-23 00:08:06] -- [DEBUG]: [com.zaxxer.hikari.pool.HikariPool] -- HikariPool-1 - Pool stats (total=10, active=0, idle=10, waiting=0)
[2020-11-23 00:08:36] -- [DEBUG]: [com.zaxxer.hikari.pool.HikariPool] -- HikariPool-1 - Pool stats (total=10, active=0, idle=10, waiting=0)
[2020-11-23 00:09:06] -- [DEBUG]: [com.zaxxer.hikari.pool.HikariPool] -- HikariPool-1 - Pool stats (total=10, active=0, idle=10, waiting=0)
[2020-11-23 00:09:36] -- [DEBUG]: [com.zaxxer.hikari.pool.HikariPool] -- HikariPool-1 - Pool stats (total=10, active=0, idle=10, waiting=0)
[2020-11-23 00:10:06] -- [DEBUG]: [com.zaxxer.hikari.pool.HikariPool] -- HikariPool-1 - Pool stats (total=10, active=0, idle=10, waiting=0)
[2020-11-23 00:10:36] -- [DEBUG]: [com.zaxxer.hikari.pool.HikariPool] -- HikariPool-1 - Pool stats (total=10, active=0, idle=10, waiting=0)
[2020-11-23 00:11:06] -- [DEBUG]: [com.zaxxer.hikari.pool.HikariPool] -- HikariPool-1 - Pool stats (total=10, active=0, idle=10, waiting=0)
[2020-11-23 00:11:36] -- [DEBUG]: [com.zaxxer.hikari.pool.HikariPool] -- HikariPool-1 - Pool stats (total=10, active=0, idle=10, waiting=0)
[2020-11-23 00:12:06] -- [DEBUG]: [com.zaxxer.hikari.pool.HikariPool] -- HikariPool-1 - Pool stats (total=10, active=0, idle=10, waiting=0)
[2020-11-23 00:12:36] -- [DEBUG]: [com.zaxxer.hikari.pool.HikariPool] -- HikariPool-1 - Pool stats (total=10, active=0, idle=10, waiting=0)
[2020-11-23 00:13:06] -- [DEBUG]: [com.zaxxer.hikari.pool.HikariPool] -- HikariPool-1 - Pool stats (total=10, active=0, idle=10, waiting=0)
[2020-11-23 00:13:31] -- [DEBUG]: [com.zaxxer.hikari.pool.PoolBase] -- HikariPool-1 - Closing connection com.mysql.cj.jdbc.ConnectionImpl@1e470cfe: (connection has passed maxLifetime)
[2020-11-23 00:13:31] -- [DEBUG]: [com.zaxxer.hikari.pool.HikariPool] -- HikariPool-1 - Added connection com.mysql.cj.jdbc.ConnectionImpl@1b281467
[2020-11-23 00:13:32] -- [DEBUG]: [com.zaxxer.hikari.pool.PoolBase] -- HikariPool-1 - Closing connection com.mysql.cj.jdbc.ConnectionImpl@675eb419: (connection has passed maxLifetime)
[2020-11-23 00:13:32] -- [DEBUG]: [com.zaxxer.hikari.pool.HikariPool] -- HikariPool-1 - Added connection com.mysql.cj.jdbc.ConnectionImpl@6fbe12d7
[2020-11-23 00:13:36] -- [DEBUG]: [com.zaxxer.hikari.pool.HikariPool] -- HikariPool-1 - Pool stats (total=10, active=0, idle=10, waiting=0)
[2020-11-23 00:13:37] -- [DEBUG]: [com.zaxxer.hikari.pool.PoolBase] -- HikariPool-1 - Closing connection com.mysql.cj.jdbc.ConnectionImpl@6a20e59e: (connection has passed maxLifetime)
[2020-11-23 00:13:37] -- [DEBUG]: [com.zaxxer.hikari.pool.HikariPool] -- HikariPool-1 - Added connection com.mysql.cj.jdbc.ConnectionImpl@756daba3
[2020-11-23 00:13:38] -- [DEBUG]: [com.zaxxer.hikari.pool.PoolBase] -- HikariPool-1 - Closing connection com.mysql.cj.jdbc.ConnectionImpl@133437e1: (connection has passed maxLifetime)
[2020-11-23 00:13:38] -- [DEBUG]: [com.zaxxer.hikari.pool.HikariPool] -- HikariPool-1 - Added connection com.mysql.cj.jdbc.ConnectionImpl@1958b21
[2020-11-23 00:13:42] -- [DEBUG]: [com.zaxxer.hikari.pool.PoolBase] -- HikariPool-1 - Closing connection com.mysql.cj.jdbc.ConnectionImpl@d74d938: (connection has passed maxLifetime)
[2020-11-23 00:13:42] -- [DEBUG]: [com.zaxxer.hikari.pool.HikariPool] -- HikariPool-1 - Added connection com.mysql.cj.jdbc.ConnectionImpl@5e545247
[2020-11-23 00:13:55] -- [DEBUG]: [com.zaxxer.hikari.pool.PoolBase] -- HikariPool-1 - Closing connection com.mysql.cj.jdbc.ConnectionImpl@48d22762: (connection has passed maxLifetime)
[2020-11-23 00:13:55] -- [DEBUG]: [com.zaxxer.hikari.pool.HikariPool] -- HikariPool-1 - Added connection com.mysql.cj.jdbc.ConnectionImpl@63a33627
[2020-11-23 00:14:06] -- [DEBUG]: [com.zaxxer.hikari.pool.HikariPool] -- HikariPool-1 - Pool stats (total=10, active=0, idle=10, waiting=0)
[2020-11-23 00:14:16] -- [DEBUG]: [com.zaxxer.hikari.pool.PoolBase] -- HikariPool-1 - Closing connection com.mysql.cj.jdbc.ConnectionImpl@5d6985b6: (connection has passed maxLifetime)
[2020-11-23 00:14:16] -- [DEBUG]: [com.zaxxer.hikari.pool.HikariPool] -- HikariPool-1 - Added connection com.mysql.cj.jdbc.ConnectionImpl@5689151e
[2020-11-23 00:14:17] -- [DEBUG]: [com.zaxxer.hikari.pool.PoolBase] -- HikariPool-1 - Closing connection com.mysql.cj.jdbc.ConnectionImpl@218284f3: (connection has passed maxLifetime)
[2020-11-23 00:14:17] -- [DEBUG]: [com.zaxxer.hikari.pool.HikariPool] -- HikariPool-1 - Added connection com.mysql.cj.jdbc.ConnectionImpl@2252f6ba
[2020-11-23 00:14:20] -- [DEBUG]: [com.zaxxer.hikari.pool.PoolBase] -- HikariPool-1 - Closing connection com.mysql.cj.jdbc.ConnectionImpl@3c970a7c: (connection has passed maxLifetime)
[2020-11-23 00:14:20] -- [DEBUG]: [com.zaxxer.hikari.pool.HikariPool] -- HikariPool-1 - Added connection com.mysql.cj.jdbc.ConnectionImpl@47339ce5
[2020-11-23 00:14:36] -- [DEBUG]: [com.zaxxer.hikari.pool.HikariPool] -- HikariPool-1 - Pool stats (total=10, active=0, idle=10, waiting=0)
[2020-11-23 00:15:06] -- [DEBUG]: [com.zaxxer.hikari.pool.PoolBase] -- HikariPool-1 - Closing connection com.mysql.cj.jdbc.ConnectionImpl@d785ff0: (connection has passed maxLifetime)
[2020-11-23 00:15:06] -- [DEBUG]: [com.zaxxer.hikari.pool.HikariPool] -- HikariPool-1 - Added connection com.mysql.cj.jdbc.ConnectionImpl@77175be0
[2020-11-23 00:15:06] -- [DEBUG]: [com.zaxxer.hikari.pool.HikariPool] -- HikariPool-1 - Pool stats (total=10, active=0, idle=10, waiting=0)
[2020-11-23 00:15:36] -- [DEBUG]: [com.zaxxer.hikari.pool.HikariPool] -- HikariPool-1 - Pool stats (total=10, active=0, idle=10, waiting=0)
[2020-11-23 00:16:06] -- [DEBUG]: [com.zaxxer.hikari.pool.HikariPool] -- HikariPool-1 - Pool stats (total=10, active=0, idle=10, waiting=0)
[2020-11-23 00:16:36] -- [DEBUG]: [com.zaxxer.hikari.pool.HikariPool] -- HikariPool-1 - Pool stats (total=10, active=0, idle=10, waiting=0)
[2020-11-23 00:17:06] -- [DEBUG]: [com.zaxxer.hikari.pool.HikariPool] -- HikariPool-1 - Pool stats (total=10, active=0, idle=10, waiting=0)
[2020-11-23 00:17:36] -- [DEBUG]: [com.zaxxer.hikari.pool.HikariPool] -- HikariPool-1 - Pool stats (total=10, active=0, idle=10, waiting=0)
[2020-11-23 00:18:06] -- [DEBUG]: [com.zaxxer.hikari.pool.HikariPool] -- HikariPool-1 - Pool stats (total=10, active=0, idle=10, waiting=0)
[2020-11-23 00:18:36] -- [DEBUG]: [com.zaxxer.hikari.pool.HikariPool] -- HikariPool-1 - Pool stats (total=10, active=0, idle=10, waiting=0)
[2020-11-23 00:19:06] -- [DEBUG]: [com.zaxxer.hikari.pool.HikariPool] -- HikariPool-1 - Pool stats (total=10, active=0, idle=10, waiting=0)
[2020-11-23 00:19:36] -- [DEBUG]: [com.zaxxer.hikari.pool.HikariPool] -- HikariPool-1 - Pool stats (total=10, active=0, idle=10, waiting=0)
[2020-11-23 00:20:06] -- [DEBUG]: [com.zaxxer.hikari.pool.HikariPool] -- HikariPool-1 - Pool stats (total=10, active=0, idle=10, waiting=0)
[2020-11-23 00:20:36] -- [DEBUG]: [com.zaxxer.hikari.pool.HikariPool] -- HikariPool-1 - Pool stats (total=10, active=0, idle=10, waiting=0)
[2020-11-23 00:21:06] -- [DEBUG]: [com.zaxxer.hikari.pool.HikariPool] -- HikariPool-1 - Pool stats (total=10, active=0, idle=10, waiting=0)
[2020-11-23 00:21:36] -- [DEBUG]: [com.zaxxer.hikari.pool.HikariPool] -- HikariPool-1 - Pool stats (total=10, active=0, idle=10, waiting=0)
[2020-11-23 00:22:06] -- [DEBUG]: [com.zaxxer.hikari.pool.HikariPool] -- HikariPool-1 - Pool stats (total=10, active=0, idle=10, waiting=0)
[2020-11-23 00:22:36] -- [DEBUG]: [com.zaxxer.hikari.pool.HikariPool] -- HikariPool-1 - Pool stats (total=10, active=0, idle=10, waiting=0)
[2020-11-23 00:23:06] -- [DEBUG]: [com.zaxxer.hikari.pool.HikariPool] -- HikariPool-1 - Pool stats (total=10, active=0, idle=10, waiting=0)
[2020-11-23 00:23:36] -- [DEBUG]: [com.zaxxer.hikari.pool.HikariPool] -- HikariPool-1 - Pool stats (total=10, active=0, idle=10, waiting=0)
[2020-11-23 00:24:06] -- [DEBUG]: [com.zaxxer.hikari.pool.HikariPool] -- HikariPool-1 - Pool stats (total=10, active=0, idle=10, waiting=0)
[2020-11-23 00:24:36] -- [DEBUG]: [com.zaxxer.hikari.pool.HikariPool] -- HikariPool-1 - Pool stats (total=10, active=0, idle=10, waiting=0)
[2020-11-23 00:25:06] -- [DEBUG]: [com.zaxxer.hikari.pool.HikariPool] -- HikariPool-1 - Pool stats (total=10, active=0, idle=10, waiting=0)
[2020-11-23 00:25:36] -- [DEBUG]: [com.zaxxer.hikari.pool.HikariPool] -- HikariPool-1 - Pool stats (total=10, active=0, idle=10, waiting=0)
[2020-11-23 00:26:06] -- [DEBUG]: [com.zaxxer.hikari.pool.HikariPool] -- HikariPool-1 - Pool stats (total=10, active=0, idle=10, waiting=0)
[2020-11-23 00:26:36] -- [DEBUG]: [com.zaxxer.hikari.pool.HikariPool] -- HikariPool-1 - Pool stats (total=10, active=0, idle=10, waiting=0)
[2020-11-23 00:27:06] -- [DEBUG]: [com.zaxxer.hikari.pool.HikariPool] -- HikariPool-1 - Pool stats (total=10, active=0, idle=10, waiting=0)
[2020-11-23 00:27:36] -- [DEBUG]: [com.zaxxer.hikari.pool.HikariPool] -- HikariPool-1 - Pool stats (total=10, active=0, idle=10, waiting=0)
[2020-11-23 00:28:06] -- [DEBUG]: [com.zaxxer.hikari.pool.HikariPool] -- HikariPool-1 - Pool stats (total=10, active=0, idle=10, waiting=0)
[2020-11-23 00:28:36] -- [DEBUG]: [com.zaxxer.hikari.pool.HikariPool] -- HikariPool-1 - Pool stats (total=10, active=0, idle=10, waiting=0)
[2020-11-23 00:29:06] -- [DEBUG]: [com.zaxxer.hikari.pool.HikariPool] -- HikariPool-1 - Pool stats (total=10, active=0, idle=10, waiting=0)
[2020-11-23 00:29:36] -- [DEBUG]: [com.zaxxer.hikari.pool.HikariPool] -- HikariPool-1 - Pool stats (total=10, active=0, idle=10, waiting=0)
[2020-11-23 00:30:06] -- [DEBUG]: [com.zaxxer.hikari.pool.HikariPool] -- HikariPool-1 - Pool stats (total=10, active=0, idle=10, waiting=0)
[2020-11-23 00:30:36] -- [DEBUG]: [com.zaxxer.hikari.pool.HikariPool] -- HikariPool-1 - Pool stats (total=10, active=0, idle=10, waiting=0)
[2020-11-23 00:31:06] -- [DEBUG]: [com.zaxxer.hikari.pool.HikariPool] -- HikariPool-1 - Pool stats (total=10, active=0, idle=10, waiting=0)
[2020-11-23 00:31:36] -- [DEBUG]: [com.zaxxer.hikari.pool.HikariPool] -- HikariPool-1 - Pool stats (total=10, active=0, idle=10, waiting=0)
[2020-11-23 00:32:06] -- [DEBUG]: [com.zaxxer.hikari.pool.HikariPool] -- HikariPool-1 - Pool stats (total=10, active=0, idle=10, waiting=0)
[2020-11-23 00:32:36] -- [DEBUG]: [com.zaxxer.hikari.pool.HikariPool] -- HikariPool-1 - Pool stats (total=10, active=0, idle=10, waiting=0)
[2020-11-23 00:33:06] -- [DEBUG]: [com.zaxxer.hikari.pool.HikariPool] -- HikariPool-1 - Pool stats (total=10, active=0, idle=10, waiting=0)
[2020-11-23 00:33:36] -- [DEBUG]: [com.zaxxer.hikari.pool.HikariPool] -- HikariPool-1 - Pool stats (total=10, active=0, idle=10, waiting=0)
[2020-11-23 00:34:06] -- [DEBUG]: [com.zaxxer.hikari.pool.HikariPool] -- HikariPool-1 - Pool stats (total=10, active=0, idle=10, waiting=0)
[2020-11-23 00:34:36] -- [DEBUG]: [com.zaxxer.hikari.pool.HikariPool] -- HikariPool-1 - Pool stats (total=10, active=0, idle=10, waiting=0)
[2020-11-23 00:35:06] -- [DEBUG]: [com.zaxxer.hikari.pool.HikariPool] -- HikariPool-1 - Pool stats (total=10, active=0, idle=10, waiting=0)
[2020-11-23 00:35:36] -- [DEBUG]: [com.zaxxer.hikari.pool.HikariPool] -- HikariPool-1 - Pool stats (total=10, active=0, idle=10, waiting=0)
[2020-11-23 00:36:06] -- [DEBUG]: [com.zaxxer.hikari.pool.HikariPool] -- HikariPool-1 - Pool stats (total=10, active=0, idle=10, waiting=0)
[2020-11-23 00:36:36] -- [DEBUG]: [com.zaxxer.hikari.pool.HikariPool] -- HikariPool-1 - Pool stats (total=10, active=0, idle=10, waiting=0)
[2020-11-23 00:37:06] -- [DEBUG]: [com.zaxxer.hikari.pool.HikariPool] -- HikariPool-1 - Pool stats (total=10, active=0, idle=10, waiting=0)
[2020-11-23 00:37:36] -- [DEBUG]: [com.zaxxer.hikari.pool.HikariPool] -- HikariPool-1 - Pool stats (total=10, active=0, idle=10, waiting=0)
[2020-11-23 00:38:06] -- [DEBUG]: [com.zaxxer.hikari.pool.HikariPool] -- HikariPool-1 - Pool stats (total=10, active=0, idle=10, waiting=0)
[2020-11-23 00:38:36] -- [DEBUG]: [com.zaxxer.hikari.pool.HikariPool] -- HikariPool-1 - Pool stats (total=10, active=0, idle=10, waiting=0)
[2020-11-23 00:39:06] -- [DEBUG]: [com.zaxxer.hikari.pool.HikariPool] -- HikariPool-1 - Pool stats (total=10, active=0, idle=10, waiting=0)
[2020-11-23 00:39:36] -- [DEBUG]: [com.zaxxer.hikari.pool.HikariPool] -- HikariPool-1 - Pool stats (total=10, active=0, idle=10, waiting=0)
[2020-11-23 00:40:06] -- [DEBUG]: [com.zaxxer.hikari.pool.HikariPool] -- HikariPool-1 - Pool stats (total=10, active=0, idle=10, waiting=0)
[2020-11-23 00:40:36] -- [DEBUG]: [com.zaxxer.hikari.pool.HikariPool] -- HikariPool-1 - Pool stats (total=10, active=0, idle=10, waiting=0)
[2020-11-23 00:41:06] -- [DEBUG]: [com.zaxxer.hikari.pool.HikariPool] -- HikariPool-1 - Pool stats (total=10, active=0, idle=10, waiting=0)
[2020-11-23 00:41:36] -- [DEBUG]: [com.zaxxer.hikari.pool.HikariPool] -- HikariPool-1 - Pool stats (total=10, active=0, idle=10, waiting=0)
[2020-11-23 00:42:06] -- [DEBUG]: [com.zaxxer.hikari.pool.HikariPool] -- HikariPool-1 - Pool stats (total=10, active=0, idle=10, waiting=0)
[2020-11-23 00:42:36] -- [DEBUG]: [com.zaxxer.hikari.pool.HikariPool] -- HikariPool-1 - Pool stats (total=10, active=0, idle=10, waiting=0)
[2020-11-23 00:43:06] -- [DEBUG]: [com.zaxxer.hikari.pool.HikariPool] -- HikariPool-1 - Pool stats (total=10, active=0, idle=10, waiting=0)
[2020-11-23 00:43:12] -- [DEBUG]: [com.zaxxer.hikari.pool.PoolBase] -- HikariPool-1 - Closing connection com.mysql.cj.jdbc.ConnectionImpl@1b281467: (connection has passed maxLifetime)
[2020-11-23 00:43:12] -- [DEBUG]: [com.zaxxer.hikari.pool.HikariPool] -- HikariPool-1 - Added connection com.mysql.cj.jdbc.ConnectionImpl@43ea0eb4
[2020-11-23 00:43:23] -- [DEBUG]: [com.zaxxer.hikari.pool.PoolBase] -- HikariPool-1 - Closing connection com.mysql.cj.jdbc.ConnectionImpl@5e545247: (connection has passed maxLifetime)
[2020-11-23 00:43:23] -- [DEBUG]: [com.zaxxer.hikari.pool.HikariPool] -- HikariPool-1 - Added connection com.mysql.cj.jdbc.ConnectionImpl@3a8751e0
[2020-11-23 00:43:30] -- [DEBUG]: [com.zaxxer.hikari.pool.PoolBase] -- HikariPool-1 - Closing connection com.mysql.cj.jdbc.ConnectionImpl@1958b21: (connection has passed maxLifetime)
[2020-11-23 00:43:30] -- [DEBUG]: [com.zaxxer.hikari.pool.HikariPool] -- HikariPool-1 - Added connection com.mysql.cj.jdbc.ConnectionImpl@3cd76472
[2020-11-23 00:43:31] -- [DEBUG]: [com.zaxxer.hikari.pool.PoolBase] -- HikariPool-1 - Closing connection com.mysql.cj.jdbc.ConnectionImpl@6fbe12d7: (connection has passed maxLifetime)
[2020-11-23 00:43:31] -- [DEBUG]: [com.zaxxer.hikari.pool.HikariPool] -- HikariPool-1 - Added connection com.mysql.cj.jdbc.ConnectionImpl@48e636aa
[2020-11-23 00:43:32] -- [DEBUG]: [com.zaxxer.hikari.pool.PoolBase] -- HikariPool-1 - Closing connection com.mysql.cj.jdbc.ConnectionImpl@756daba3: (connection has passed maxLifetime)
[2020-11-23 00:43:32] -- [DEBUG]: [com.zaxxer.hikari.pool.HikariPool] -- HikariPool-1 - Added connection com.mysql.cj.jdbc.ConnectionImpl@4b31eaa5
[2020-11-23 00:43:36] -- [DEBUG]: [com.zaxxer.hikari.pool.HikariPool] -- HikariPool-1 - Pool stats (total=10, active=0, idle=10, waiting=0)
[2020-11-23 00:43:43] -- [DEBUG]: [com.zaxxer.hikari.pool.PoolBase] -- HikariPool-1 - Closing connection com.mysql.cj.jdbc.ConnectionImpl@63a33627: (connection has passed maxLifetime)
[2020-11-23 00:43:43] -- [DEBUG]: [com.zaxxer.hikari.pool.HikariPool] -- HikariPool-1 - Added connection com.mysql.cj.jdbc.ConnectionImpl@66445106
[2020-11-23 00:43:51] -- [DEBUG]: [com.zaxxer.hikari.pool.PoolBase] -- HikariPool-1 - Closing connection com.mysql.cj.jdbc.ConnectionImpl@47339ce5: (connection has passed maxLifetime)
[2020-11-23 00:43:51] -- [DEBUG]: [com.zaxxer.hikari.pool.HikariPool] -- HikariPool-1 - Added connection com.mysql.cj.jdbc.ConnectionImpl@4f6a6348
[2020-11-23 00:43:53] -- [DEBUG]: [com.zaxxer.hikari.pool.PoolBase] -- HikariPool-1 - Closing connection com.mysql.cj.jdbc.ConnectionImpl@5689151e: (connection has passed maxLifetime)
[2020-11-23 00:43:53] -- [DEBUG]: [com.zaxxer.hikari.pool.HikariPool] -- HikariPool-1 - Added connection com.mysql.cj.jdbc.ConnectionImpl@3b28e945
[2020-11-23 00:44:06] -- [DEBUG]: [com.zaxxer.hikari.pool.HikariPool] -- HikariPool-1 - Pool stats (total=10, active=0, idle=10, waiting=0)
[2020-11-23 00:44:14] -- [DEBUG]: [com.zaxxer.hikari.pool.PoolBase] -- HikariPool-1 - Closing connection com.mysql.cj.jdbc.ConnectionImpl@2252f6ba: (connection has passed maxLifetime)
[2020-11-23 00:44:14] -- [DEBUG]: [com.zaxxer.hikari.pool.HikariPool] -- HikariPool-1 - Added connection com.mysql.cj.jdbc.ConnectionImpl@6eb245fd
[2020-11-23 00:44:36] -- [DEBUG]: [com.zaxxer.hikari.pool.HikariPool] -- HikariPool-1 - Pool stats (total=10, active=0, idle=10, waiting=0)
[2020-11-23 00:44:44] -- [DEBUG]: [com.zaxxer.hikari.pool.PoolBase] -- HikariPool-1 - Closing connection com.mysql.cj.jdbc.ConnectionImpl@77175be0: (connection has passed maxLifetime)
[2020-11-23 00:44:44] -- [DEBUG]: [com.zaxxer.hikari.pool.HikariPool] -- HikariPool-1 - Added connection com.mysql.cj.jdbc.ConnectionImpl@43df1e07
[2020-11-23 00:45:06] -- [DEBUG]: [com.zaxxer.hikari.pool.HikariPool] -- HikariPool-1 - Pool stats (total=10, active=0, idle=10, waiting=0)
[2020-11-23 00:45:36] -- [DEBUG]: [com.zaxxer.hikari.pool.HikariPool] -- HikariPool-1 - Pool stats (total=10, active=0, idle=10, waiting=0)
[2020-11-23 00:46:06] -- [DEBUG]: [com.zaxxer.hikari.pool.HikariPool] -- HikariPool-1 - Pool stats (total=10, active=0, idle=10, waiting=0)
[2020-11-23 00:46:36] -- [DEBUG]: [com.zaxxer.hikari.pool.HikariPool] -- HikariPool-1 - Pool stats (total=10, active=0, idle=10, waiting=0)
[2020-11-23 00:47:06] -- [DEBUG]: [com.zaxxer.hikari.pool.HikariPool] -- HikariPool-1 - Pool stats (total=10, active=0, idle=10, waiting=0)
[2020-11-23 00:47:36] -- [DEBUG]: [com.zaxxer.hikari.pool.HikariPool] -- HikariPool-1 - Pool stats (total=10, active=0, idle=10, waiting=0)
[2020-11-23 00:48:06] -- [DEBUG]: [com.zaxxer.hikari.pool.HikariPool] -- HikariPool-1 - Pool stats (total=10, active=0, idle=10, waiting=0)
[2020-11-23 00:48:36] -- [DEBUG]: [com.zaxxer.hikari.pool.HikariPool] -- HikariPool-1 - Pool stats (total=10, active=0, idle=10, waiting=0)
[2020-11-23 00:49:06] -- [DEBUG]: [com.zaxxer.hikari.pool.HikariPool] -- HikariPool-1 - Pool stats (total=10, active=0, idle=10, waiting=0)
[2020-11-23 00:49:36] -- [DEBUG]: [com.zaxxer.hikari.pool.HikariPool] -- HikariPool-1 - Pool stats (total=10, active=0, idle=10, waiting=0)
[2020-11-23 00:50:06] -- [DEBUG]: [com.zaxxer.hikari.pool.HikariPool] -- HikariPool-1 - Pool stats (total=10, active=0, idle=10, waiting=0)
[2020-11-23 00:50:36] -- [DEBUG]: [com.zaxxer.hikari.pool.HikariPool] -- HikariPool-1 - Pool stats (total=10, active=0, idle=10, waiting=0)
[2020-11-23 00:51:06] -- [DEBUG]: [com.zaxxer.hikari.pool.HikariPool] -- HikariPool-1 - Pool stats (total=10, active=0, idle=10, waiting=0)
[2020-11-23 00:51:36] -- [DEBUG]: [com.zaxxer.hikari.pool.HikariPool] -- HikariPool-1 - Pool stats (total=10, active=0, idle=10, waiting=0)
[2020-11-23 00:52:06] -- [DEBUG]: [com.zaxxer.hikari.pool.HikariPool] -- HikariPool-1 - Pool stats (total=10, active=0, idle=10, waiting=0)
[2020-11-23 00:52:36] -- [DEBUG]: [com.zaxxer.hikari.pool.HikariPool] -- HikariPool-1 - Pool stats (total=10, active=0, idle=10, waiting=0)
[2020-11-23 00:53:06] -- [DEBUG]: [com.zaxxer.hikari.pool.HikariPool] -- HikariPool-1 - Pool stats (total=10, active=0, idle=10, waiting=0)
[2020-11-23 00:53:36] -- [DEBUG]: [com.zaxxer.hikari.pool.HikariPool] -- HikariPool-1 - Pool stats (total=10, active=0, idle=10, waiting=0)
[2020-11-23 01:53:45] -- [DEBUG]: [com.zaxxer.hikari.pool.HikariPool] -- HikariPool-1 - Pool stats (total=10, active=0, idle=10, waiting=0)
[2020-11-23 13:25:29] -- [DEBUG]: [com.zaxxer.hikari.pool.HikariPool] -- HikariPool-1 - Pool stats (total=10, active=0, idle=10, waiting=0)
[2020-11-23 13:25:59] -- [DEBUG]: [com.zaxxer.hikari.pool.HikariPool] -- HikariPool-1 - Pool stats (total=10, active=0, idle=10, waiting=0)
[2020-11-23 13:26:29] -- [DEBUG]: [com.zaxxer.hikari.pool.HikariPool] -- HikariPool-1 - Pool stats (total=10, active=0, idle=10, waiting=0)
[2020-11-23 13:26:59] -- [DEBUG]: [com.zaxxer.hikari.pool.HikariPool] -- HikariPool-1 - Pool stats (total=10, active=0, idle=10, waiting=0)
[2020-11-23 13:27:30] -- [DEBUG]: [com.zaxxer.hikari.pool.HikariPool] -- HikariPool-1 - Pool stats (total=10, active=0, idle=10, waiting=0)
[2020-11-23 13:28:00] -- [DEBUG]: [com.zaxxer.hikari.pool.HikariPool] -- HikariPool-1 - Pool stats (total=10, active=0, idle=10, waiting=0)
[2020-11-23 13:28:30] -- [DEBUG]: [com.zaxxer.hikari.pool.HikariPool] -- HikariPool-1 - Pool stats (total=10, active=0, idle=10, waiting=0)
[2020-11-23 13:29:00] -- [DEBUG]: [com.zaxxer.hikari.pool.HikariPool] -- HikariPool-1 - Pool stats (total=10, active=0, idle=10, waiting=0)
[2020-11-23 13:29:30] -- [DEBUG]: [com.zaxxer.hikari.pool.HikariPool] -- HikariPool-1 - Pool stats (total=10, active=0, idle=10, waiting=0)
[2020-11-23 13:30:00] -- [DEBUG]: [com.zaxxer.hikari.pool.HikariPool] -- HikariPool-1 - Pool stats (total=10, active=0, idle=10, waiting=0)
[2020-11-23 13:30:30] -- [DEBUG]: [com.zaxxer.hikari.pool.HikariPool] -- HikariPool-1 - Pool stats (total=10, active=0, idle=10, waiting=0)
[2020-11-23 13:31:00] -- [DEBUG]: [com.zaxxer.hikari.pool.HikariPool] -- HikariPool-1 - Pool stats (total=10, active=0, idle=10, waiting=0)
[2020-11-23 13:31:30] -- [DEBUG]: [com.zaxxer.hikari.pool.HikariPool] -- HikariPool-1 - Pool stats (total=10, active=0, idle=10, waiting=0)
[2020-11-23 13:32:00] -- [DEBUG]: [com.zaxxer.hikari.pool.HikariPool] -- HikariPool-1 - Pool stats (total=10, active=0, idle=10, waiting=0)
[2020-11-23 13:32:30] -- [DEBUG]: [com.zaxxer.hikari.pool.HikariPool] -- HikariPool-1 - Pool stats (total=10, active=0, idle=10, waiting=0)
[2020-11-23 13:33:00] -- [DEBUG]: [com.zaxxer.hikari.pool.HikariPool] -- HikariPool-1 - Pool stats (total=10, active=0, idle=10, waiting=0)
[2020-11-23 13:33:30] -- [DEBUG]: [com.zaxxer.hikari.pool.HikariPool] -- HikariPool-1 - Pool stats (total=10, active=0, idle=10, waiting=0)
[2020-11-23 13:34:00] -- [DEBUG]: [com.zaxxer.hikari.pool.HikariPool] -- HikariPool-1 - Pool stats (total=10, active=0, idle=10, waiting=0)
[2020-11-23 13:34:30] -- [DEBUG]: [com.zaxxer.hikari.pool.HikariPool] -- HikariPool-1 - Pool stats (total=10, active=0, idle=10, waiting=0)
[2020-11-23 13:35:00] -- [DEBUG]: [com.zaxxer.hikari.pool.HikariPool] -- HikariPool-1 - Pool stats (total=10, active=0, idle=10, waiting=0)
[2020-11-23 13:35:30] -- [DEBUG]: [com.zaxxer.hikari.pool.HikariPool] -- HikariPool-1 - Pool stats (total=10, active=0, idle=10, waiting=0)
[2020-11-23 13:36:00] -- [DEBUG]: [com.zaxxer.hikari.pool.HikariPool] -- HikariPool-1 - Pool stats (total=10, active=0, idle=10, waiting=0)
[2020-11-23 13:36:30] -- [DEBUG]: [com.zaxxer.hikari.pool.HikariPool] -- HikariPool-1 - Pool stats (total=10, active=0, idle=10, waiting=0)
[2020-11-23 13:37:00] -- [DEBUG]: [com.zaxxer.hikari.pool.HikariPool] -- HikariPool-1 - Pool stats (total=10, active=0, idle=10, waiting=0)
[2020-11-23 13:37:30] -- [DEBUG]: [com.zaxxer.hikari.pool.HikariPool] -- HikariPool-1 - Pool stats (total=10, active=0, idle=10, waiting=0)
[2020-11-23 13:38:00] -- [DEBUG]: [com.zaxxer.hikari.pool.HikariPool] -- HikariPool-1 - Pool stats (total=10, active=0, idle=10, waiting=0)
[2020-11-23 13:38:30] -- [DEBUG]: [com.zaxxer.hikari.pool.HikariPool] -- HikariPool-1 - Pool stats (total=10, active=0, idle=10, waiting=0)
[2020-11-23 13:39:00] -- [DEBUG]: [com.zaxxer.hikari.pool.HikariPool] -- HikariPool-1 - Pool stats (total=10, active=0, idle=10, waiting=0)
[2020-11-23 13:39:30] -- [DEBUG]: [com.zaxxer.hikari.pool.HikariPool] -- HikariPool-1 - Pool stats (total=10, active=0, idle=10, waiting=0)
[2020-11-23 13:40:00] -- [DEBUG]: [com.zaxxer.hikari.pool.HikariPool] -- HikariPool-1 - Pool stats (total=10, active=0, idle=10, waiting=0)
[2020-11-23 13:40:30] -- [DEBUG]: [com.zaxxer.hikari.pool.HikariPool] -- HikariPool-1 - Pool stats (total=10, active=0, idle=10, waiting=0)
[2020-11-23 13:41:00] -- [DEBUG]: [com.zaxxer.hikari.pool.HikariPool] -- HikariPool-1 - Pool stats (total=10, active=0, idle=10, waiting=0)
[2020-11-23 13:41:30] -- [DEBUG]: [com.zaxxer.hikari.pool.HikariPool] -- HikariPool-1 - Pool stats (total=10, active=0, idle=10, waiting=0)
[2020-11-23 13:41:59] -- [DEBUG]: [com.zaxxer.hikari.pool.PoolBase] -- HikariPool-1 - Closing connection com.mysql.cj.jdbc.ConnectionImpl@43ea0eb4: (connection evicted)
[2020-11-23 13:41:59] -- [DEBUG]: [com.zaxxer.hikari.pool.PoolBase] -- HikariPool-1 - Closing connection com.mysql.cj.jdbc.ConnectionImpl@3a8751e0: (connection evicted)
[2020-11-23 13:41:59] -- [DEBUG]: [com.zaxxer.hikari.pool.PoolBase] -- HikariPool-1 - Closing connection com.mysql.cj.jdbc.ConnectionImpl@3cd76472: (connection evicted)
[2020-11-23 13:41:59] -- [DEBUG]: [com.zaxxer.hikari.pool.PoolBase] -- HikariPool-1 - Closing connection com.mysql.cj.jdbc.ConnectionImpl@48e636aa: (connection evicted)
[2020-11-23 13:41:59] -- [DEBUG]: [com.zaxxer.hikari.pool.PoolBase] -- HikariPool-1 - Closing connection com.mysql.cj.jdbc.ConnectionImpl@4b31eaa5: (connection evicted)
[2020-11-23 13:41:59] -- [DEBUG]: [com.zaxxer.hikari.pool.PoolBase] -- HikariPool-1 - Closing connection com.mysql.cj.jdbc.ConnectionImpl@66445106: (connection evicted)
[2020-11-23 13:41:59] -- [DEBUG]: [com.zaxxer.hikari.pool.PoolBase] -- HikariPool-1 - Closing connection com.mysql.cj.jdbc.ConnectionImpl@4f6a6348: (connection evicted)
[2020-11-23 13:41:59] -- [DEBUG]: [com.zaxxer.hikari.pool.PoolBase] -- HikariPool-1 - Closing connection com.mysql.cj.jdbc.ConnectionImpl@3b28e945: (connection evicted)
[2020-11-23 13:41:59] -- [DEBUG]: [com.zaxxer.hikari.pool.PoolBase] -- HikariPool-1 - Closing connection com.mysql.cj.jdbc.ConnectionImpl@6eb245fd: (connection evicted)
[2020-11-23 13:41:59] -- [DEBUG]: [com.zaxxer.hikari.pool.PoolBase] -- HikariPool-1 - Closing connection com.mysql.cj.jdbc.ConnectionImpl@43df1e07: (connection evicted)
[2020-11-23 13:41:59] -- [DEBUG]: [com.zaxxer.hikari.pool.HikariPool] -- HikariPool-1 - Added connection com.mysql.cj.jdbc.ConnectionImpl@4e1b6a23
[2020-11-23 13:41:59] -- [DEBUG]: [com.zaxxer.hikari.pool.HikariPool] -- HikariPool-1 - Added connection com.mysql.cj.jdbc.ConnectionImpl@3ad81068
[2020-11-23 13:41:59] -- [DEBUG]: [com.zaxxer.hikari.pool.HikariPool] -- HikariPool-1 - Added connection com.mysql.cj.jdbc.ConnectionImpl@58c8b674
[2020-11-23 13:41:59] -- [DEBUG]: [com.zaxxer.hikari.pool.HikariPool] -- HikariPool-1 - Added connection com.mysql.cj.jdbc.ConnectionImpl@6f781d44
[2020-11-23 13:41:59] -- [DEBUG]: [com.zaxxer.hikari.pool.HikariPool] -- HikariPool-1 - Added connection com.mysql.cj.jdbc.ConnectionImpl@320cf578
[2020-11-23 13:41:59] -- [DEBUG]: [com.zaxxer.hikari.pool.HikariPool] -- HikariPool-1 - Added connection com.mysql.cj.jdbc.ConnectionImpl@5090bb7d
[2020-11-23 13:41:59] -- [DEBUG]: [com.zaxxer.hikari.pool.HikariPool] -- HikariPool-1 - Added connection com.mysql.cj.jdbc.ConnectionImpl@aaee486
[2020-11-23 13:41:59] -- [DEBUG]: [com.zaxxer.hikari.pool.HikariPool] -- HikariPool-1 - Added connection com.mysql.cj.jdbc.ConnectionImpl@683e595f
[2020-11-23 13:41:59] -- [DEBUG]: [com.zaxxer.hikari.pool.HikariPool] -- HikariPool-1 - Added connection com.mysql.cj.jdbc.ConnectionImpl@7fd30a96
[2020-11-23 13:41:59] -- [DEBUG]: [com.zaxxer.hikari.pool.HikariPool] -- HikariPool-1 - Added connection com.mysql.cj.jdbc.ConnectionImpl@31ece3b
[2020-11-23 13:41:59] -- [DEBUG]: [com.zaxxer.hikari.pool.HikariPool] -- HikariPool-1 - After adding stats (total=10, active=0, idle=10, waiting=0)
[2020-11-23 13:42:29] -- [DEBUG]: [com.zaxxer.hikari.pool.HikariPool] -- HikariPool-1 - Pool stats (total=10, active=0, idle=10, waiting=0)
[2020-11-23 13:42:59] -- [DEBUG]: [com.zaxxer.hikari.pool.HikariPool] -- HikariPool-1 - Pool stats (total=10, active=0, idle=10, waiting=0)
[2020-11-23 13:43:29] -- [DEBUG]: [com.zaxxer.hikari.pool.HikariPool] -- HikariPool-1 - Pool stats (total=10, active=0, idle=10, waiting=0)
[2020-11-23 13:43:59] -- [DEBUG]: [com.zaxxer.hikari.pool.HikariPool] -- HikariPool-1 - Pool stats (total=10, active=0, idle=10, waiting=0)
[2020-11-23 13:44:29] -- [DEBUG]: [com.zaxxer.hikari.pool.HikariPool] -- HikariPool-1 - Pool stats (total=10, active=0, idle=10, waiting=0)
[2020-11-23 13:44:59] -- [DEBUG]: [com.zaxxer.hikari.pool.HikariPool] -- HikariPool-1 - Pool stats (total=10, active=0, idle=10, waiting=0)
[2020-11-23 13:45:29] -- [DEBUG]: [com.zaxxer.hikari.pool.HikariPool] -- HikariPool-1 - Pool stats (total=10, active=0, idle=10, waiting=0)
[2020-11-23 13:45:59] -- [DEBUG]: [com.zaxxer.hikari.pool.HikariPool] -- HikariPool-1 - Pool stats (total=10, active=0, idle=10, waiting=0)
[2020-11-23 13:46:29] -- [DEBUG]: [com.zaxxer.hikari.pool.HikariPool] -- HikariPool-1 - Pool stats (total=10, active=0, idle=10, waiting=0)
[2020-11-23 13:46:59] -- [DEBUG]: [com.zaxxer.hikari.pool.HikariPool] -- HikariPool-1 - Pool stats (total=10, active=0, idle=10, waiting=0)
[2020-11-23 13:47:29] -- [DEBUG]: [com.zaxxer.hikari.pool.HikariPool] -- HikariPool-1 - Pool stats (total=10, active=0, idle=10, waiting=0)
[2020-11-23 13:47:59] -- [DEBUG]: [com.zaxxer.hikari.pool.HikariPool] -- HikariPool-1 - Pool stats (total=10, active=0, idle=10, waiting=0)
[2020-11-23 13:48:29] -- [DEBUG]: [com.zaxxer.hikari.pool.HikariPool] -- HikariPool-1 - Pool stats (total=10, active=0, idle=10, waiting=0)
[2020-11-23 13:48:59] -- [DEBUG]: [com.zaxxer.hikari.pool.HikariPool] -- HikariPool-1 - Pool stats (total=10, active=0, idle=10, waiting=0)
[2020-11-23 13:49:29] -- [DEBUG]: [com.zaxxer.hikari.pool.HikariPool] -- HikariPool-1 - Pool stats (total=10, active=0, idle=10, waiting=0)
[2020-11-23 13:49:59] -- [DEBUG]: [com.zaxxer.hikari.pool.HikariPool] -- HikariPool-1 - Pool stats (total=10, active=0, idle=10, waiting=0)
[2020-11-23 13:50:29] -- [DEBUG]: [com.zaxxer.hikari.pool.HikariPool] -- HikariPool-1 - Pool stats (total=10, active=0, idle=10, waiting=0)
[2020-11-23 13:50:59] -- [DEBUG]: [com.zaxxer.hikari.pool.HikariPool] -- HikariPool-1 - Pool stats (total=10, active=0, idle=10, waiting=0)
[2020-11-23 13:51:29] -- [DEBUG]: [com.zaxxer.hikari.pool.HikariPool] -- HikariPool-1 - Pool stats (total=10, active=0, idle=10, waiting=0)
[2020-11-23 13:51:59] -- [DEBUG]: [com.zaxxer.hikari.pool.HikariPool] -- HikariPool-1 - Pool stats (total=10, active=0, idle=10, waiting=0)
[2020-11-23 13:52:29] -- [DEBUG]: [com.zaxxer.hikari.pool.HikariPool] -- HikariPool-1 - Pool stats (total=10, active=0, idle=10, waiting=0)
[2020-11-23 13:52:59] -- [DEBUG]: [com.zaxxer.hikari.pool.HikariPool] -- HikariPool-1 - Pool stats (total=10, active=0, idle=10, waiting=0)
[2020-11-23 13:53:29] -- [DEBUG]: [com.zaxxer.hikari.pool.HikariPool] -- HikariPool-1 - Pool stats (total=10, active=0, idle=10, waiting=0)
[2020-11-23 13:53:59] -- [DEBUG]: [com.zaxxer.hikari.pool.HikariPool] -- HikariPool-1 - Pool stats (total=10, active=0, idle=10, waiting=0)
[2020-11-23 13:54:29] -- [DEBUG]: [com.zaxxer.hikari.pool.HikariPool] -- HikariPool-1 - Pool stats (total=10, active=0, idle=10, waiting=0)
[2020-11-23 13:54:59] -- [DEBUG]: [com.zaxxer.hikari.pool.HikariPool] -- HikariPool-1 - Pool stats (total=10, active=0, idle=10, waiting=0)
[2020-11-23 13:55:29] -- [DEBUG]: [com.zaxxer.hikari.pool.HikariPool] -- HikariPool-1 - Pool stats (total=10, active=0, idle=10, waiting=0)
[2020-11-23 13:55:59] -- [DEBUG]: [com.zaxxer.hikari.pool.HikariPool] -- HikariPool-1 - Pool stats (total=10, active=0, idle=10, waiting=0)
[2020-11-23 13:56:29] -- [DEBUG]: [com.zaxxer.hikari.pool.HikariPool] -- HikariPool-1 - Pool stats (total=10, active=0, idle=10, waiting=0)
[2020-11-23 13:56:59] -- [DEBUG]: [com.zaxxer.hikari.pool.HikariPool] -- HikariPool-1 - Pool stats (total=10, active=0, idle=10, waiting=0)
[2020-11-23 13:57:29] -- [DEBUG]: [com.zaxxer.hikari.pool.HikariPool] -- HikariPool-1 - Pool stats (total=10, active=0, idle=10, waiting=0)
[2020-11-23 13:57:59] -- [DEBUG]: [com.zaxxer.hikari.pool.HikariPool] -- HikariPool-1 - Pool stats (total=10, active=0, idle=10, waiting=0)
[2020-11-23 13:58:29] -- [DEBUG]: [com.zaxxer.hikari.pool.HikariPool] -- HikariPool-1 - Pool stats (total=10, active=0, idle=10, waiting=0)
[2020-11-23 13:58:59] -- [DEBUG]: [com.zaxxer.hikari.pool.HikariPool] -- HikariPool-1 - Pool stats (total=10, active=0, idle=10, waiting=0)
[2020-11-23 13:59:29] -- [DEBUG]: [com.zaxxer.hikari.pool.HikariPool] -- HikariPool-1 - Pool stats (total=10, active=0, idle=10, waiting=0)
[2020-11-23 13:59:59] -- [DEBUG]: [com.zaxxer.hikari.pool.HikariPool] -- HikariPool-1 - Pool stats (total=10, active=0, idle=10, waiting=0)
[2020-11-23 14:00:29] -- [DEBUG]: [com.zaxxer.hikari.pool.HikariPool] -- HikariPool-1 - Pool stats (total=10, active=0, idle=10, waiting=0)
[2020-11-23 14:00:59] -- [DEBUG]: [com.zaxxer.hikari.pool.HikariPool] -- HikariPool-1 - Pool stats (total=10, active=0, idle=10, waiting=0)
[2020-11-23 14:01:29] -- [DEBUG]: [com.zaxxer.hikari.pool.HikariPool] -- HikariPool-1 - Pool stats (total=10, active=0, idle=10, waiting=0)
[2020-11-23 14:01:59] -- [DEBUG]: [com.zaxxer.hikari.pool.HikariPool] -- HikariPool-1 - Pool stats (total=10, active=0, idle=10, waiting=0)
[2020-11-23 14:02:29] -- [DEBUG]: [com.zaxxer.hikari.pool.HikariPool] -- HikariPool-1 - Pool stats (total=10, active=0, idle=10, waiting=0)
[2020-11-23 14:02:59] -- [DEBUG]: [com.zaxxer.hikari.pool.HikariPool] -- HikariPool-1 - Pool stats (total=10, active=0, idle=10, waiting=0)
[2020-11-23 14:03:29] -- [DEBUG]: [com.zaxxer.hikari.pool.HikariPool] -- HikariPool-1 - Pool stats (total=10, active=0, idle=10, waiting=0)
[2020-11-23 14:03:59] -- [DEBUG]: [com.zaxxer.hikari.pool.HikariPool] -- HikariPool-1 - Pool stats (total=10, active=0, idle=10, waiting=0)
[2020-11-23 14:04:29] -- [DEBUG]: [com.zaxxer.hikari.pool.HikariPool] -- HikariPool-1 - Pool stats (total=10, active=0, idle=10, waiting=0)
[2020-11-23 14:04:59] -- [DEBUG]: [com.zaxxer.hikari.pool.HikariPool] -- HikariPool-1 - Pool stats (total=10, active=0, idle=10, waiting=0)
[2020-11-23 14:05:29] -- [DEBUG]: [com.zaxxer.hikari.pool.HikariPool] -- HikariPool-1 - Pool stats (total=10, active=0, idle=10, waiting=0)
[2020-11-23 14:05:59] -- [DEBUG]: [com.zaxxer.hikari.pool.HikariPool] -- HikariPool-1 - Pool stats (total=10, active=0, idle=10, waiting=0)
[2020-11-23 14:06:29] -- [DEBUG]: [com.zaxxer.hikari.pool.HikariPool] -- HikariPool-1 - Pool stats (total=10, active=0, idle=10, waiting=0)
[2020-11-23 14:06:59] -- [DEBUG]: [com.zaxxer.hikari.pool.HikariPool] -- HikariPool-1 - Pool stats (total=10, active=0, idle=10, waiting=0)
[2020-11-23 14:07:29] -- [DEBUG]: [com.zaxxer.hikari.pool.HikariPool] -- HikariPool-1 - Pool stats (total=10, active=0, idle=10, waiting=0)
[2020-11-23 14:07:59] -- [DEBUG]: [com.zaxxer.hikari.pool.HikariPool] -- HikariPool-1 - Pool stats (total=10, active=0, idle=10, waiting=0)
[2020-11-23 14:08:29] -- [DEBUG]: [com.zaxxer.hikari.pool.HikariPool] -- HikariPool-1 - Pool stats (total=10, active=0, idle=10, waiting=0)
[2020-11-23 14:08:59] -- [DEBUG]: [com.zaxxer.hikari.pool.HikariPool] -- HikariPool-1 - Pool stats (total=10, active=0, idle=10, waiting=0)
[2020-11-23 14:09:29] -- [DEBUG]: [com.zaxxer.hikari.pool.HikariPool] -- HikariPool-1 - Pool stats (total=10, active=0, idle=10, waiting=0)
[2020-11-23 14:09:59] -- [DEBUG]: [com.zaxxer.hikari.pool.HikariPool] -- HikariPool-1 - Pool stats (total=10, active=0, idle=10, waiting=0)
[2020-11-23 14:10:29] -- [DEBUG]: [com.zaxxer.hikari.pool.HikariPool] -- HikariPool-1 - Pool stats (total=10, active=0, idle=10, waiting=0)
[2020-11-23 14:10:59] -- [DEBUG]: [com.zaxxer.hikari.pool.HikariPool] -- HikariPool-1 - Pool stats (total=10, active=0, idle=10, waiting=0)
[2020-11-23 14:11:19] -- [DEBUG]: [com.zaxxer.hikari.pool.PoolBase] -- HikariPool-1 - Closing connection com.mysql.cj.jdbc.ConnectionImpl@31ece3b: (connection has passed maxLifetime)
[2020-11-23 14:11:19] -- [DEBUG]: [com.zaxxer.hikari.pool.HikariPool] -- HikariPool-1 - Added connection com.mysql.cj.jdbc.ConnectionImpl@371b2148
[2020-11-23 14:11:21] -- [DEBUG]: [com.zaxxer.hikari.pool.PoolBase] -- HikariPool-1 - Closing connection com.mysql.cj.jdbc.ConnectionImpl@683e595f: (connection has passed maxLifetime)
[2020-11-23 14:11:21] -- [DEBUG]: [com.zaxxer.hikari.pool.HikariPool] -- HikariPool-1 - Added connection com.mysql.cj.jdbc.ConnectionImpl@43a12d68
[2020-11-23 14:11:24] -- [DEBUG]: [com.zaxxer.hikari.pool.PoolBase] -- HikariPool-1 - Closing connection com.mysql.cj.jdbc.ConnectionImpl@5090bb7d: (connection has passed maxLifetime)
[2020-11-23 14:11:24] -- [DEBUG]: [com.zaxxer.hikari.pool.HikariPool] -- HikariPool-1 - Added connection com.mysql.cj.jdbc.ConnectionImpl@23f25e97
[2020-11-23 14:11:24] -- [DEBUG]: [com.zaxxer.hikari.pool.PoolBase] -- HikariPool-1 - Closing connection com.mysql.cj.jdbc.ConnectionImpl@320cf578: (connection has passed maxLifetime)
[2020-11-23 14:11:24] -- [DEBUG]: [com.zaxxer.hikari.pool.HikariPool] -- HikariPool-1 - Added connection com.mysql.cj.jdbc.ConnectionImpl@16783817
[2020-11-23 14:11:27] -- [DEBUG]: [com.zaxxer.hikari.pool.PoolBase] -- HikariPool-1 - Closing connection com.mysql.cj.jdbc.ConnectionImpl@58c8b674: (connection has passed maxLifetime)
[2020-11-23 14:11:27] -- [DEBUG]: [com.zaxxer.hikari.pool.HikariPool] -- HikariPool-1 - Added connection com.mysql.cj.jdbc.ConnectionImpl@3cc37524
[2020-11-23 14:11:29] -- [DEBUG]: [com.zaxxer.hikari.pool.HikariPool] -- HikariPool-1 - Pool stats (total=10, active=0, idle=10, waiting=0)
[2020-11-23 14:11:32] -- [DEBUG]: [com.zaxxer.hikari.pool.PoolBase] -- HikariPool-1 - Closing connection com.mysql.cj.jdbc.ConnectionImpl@aaee486: (connection has passed maxLifetime)
[2020-11-23 14:11:32] -- [DEBUG]: [com.zaxxer.hikari.pool.HikariPool] -- HikariPool-1 - Added connection com.mysql.cj.jdbc.ConnectionImpl@76e7b60f
[2020-11-23 14:11:48] -- [DEBUG]: [com.zaxxer.hikari.pool.PoolBase] -- HikariPool-1 - Closing connection com.mysql.cj.jdbc.ConnectionImpl@6f781d44: (connection has passed maxLifetime)
[2020-11-23 14:11:48] -- [DEBUG]: [com.zaxxer.hikari.pool.HikariPool] -- HikariPool-1 - Added connection com.mysql.cj.jdbc.ConnectionImpl@10ada071
[2020-11-23 14:11:51] -- [DEBUG]: [com.zaxxer.hikari.pool.PoolBase] -- HikariPool-1 - Closing connection com.mysql.cj.jdbc.ConnectionImpl@3ad81068: (connection has passed maxLifetime)
[2020-11-23 14:11:51] -- [DEBUG]: [com.zaxxer.hikari.pool.HikariPool] -- HikariPool-1 - Added connection com.mysql.cj.jdbc.ConnectionImpl@64b0b980
[2020-11-23 14:11:58] -- [DEBUG]: [com.zaxxer.hikari.pool.PoolBase] -- HikariPool-1 - Closing connection com.mysql.cj.jdbc.ConnectionImpl@4e1b6a23: (connection has passed maxLifetime)
[2020-11-23 14:11:58] -- [DEBUG]: [com.zaxxer.hikari.pool.HikariPool] -- HikariPool-1 - Added connection com.mysql.cj.jdbc.ConnectionImpl@5e8763f
[2020-11-23 14:11:58] -- [DEBUG]: [com.zaxxer.hikari.pool.PoolBase] -- HikariPool-1 - Closing connection com.mysql.cj.jdbc.ConnectionImpl@7fd30a96: (connection has passed maxLifetime)
[2020-11-23 14:11:58] -- [DEBUG]: [com.zaxxer.hikari.pool.HikariPool] -- HikariPool-1 - Added connection com.mysql.cj.jdbc.ConnectionImpl@71e03df5
[2020-11-23 14:11:59] -- [DEBUG]: [com.zaxxer.hikari.pool.HikariPool] -- HikariPool-1 - Pool stats (total=10, active=0, idle=10, waiting=0)
[2020-11-23 14:12:29] -- [DEBUG]: [com.zaxxer.hikari.pool.HikariPool] -- HikariPool-1 - Pool stats (total=10, active=0, idle=10, waiting=0)
[2020-11-23 14:12:59] -- [DEBUG]: [com.zaxxer.hikari.pool.HikariPool] -- HikariPool-1 - Pool stats (total=10, active=0, idle=10, waiting=0)
[2020-11-23 14:13:29] -- [DEBUG]: [com.zaxxer.hikari.pool.HikariPool] -- HikariPool-1 - Pool stats (total=10, active=0, idle=10, waiting=0)
[2020-11-23 14:13:59] -- [DEBUG]: [com.zaxxer.hikari.pool.HikariPool] -- HikariPool-1 - Pool stats (total=10, active=0, idle=10, waiting=0)
[2020-11-23 14:14:29] -- [DEBUG]: [com.zaxxer.hikari.pool.HikariPool] -- HikariPool-1 - Pool stats (total=10, active=0, idle=10, waiting=0)
[2020-11-23 14:14:59] -- [DEBUG]: [com.zaxxer.hikari.pool.HikariPool] -- HikariPool-1 - Pool stats (total=10, active=0, idle=10, waiting=0)
[2020-11-23 14:15:29] -- [DEBUG]: [com.zaxxer.hikari.pool.HikariPool] -- HikariPool-1 - Pool stats (total=10, active=0, idle=10, waiting=0)
[2020-11-23 14:15:59] -- [DEBUG]: [com.zaxxer.hikari.pool.HikariPool] -- HikariPool-1 - Pool stats (total=10, active=0, idle=10, waiting=0)
[2020-11-23 14:16:29] -- [DEBUG]: [com.zaxxer.hikari.pool.HikariPool] -- HikariPool-1 - Pool stats (total=10, active=0, idle=10, waiting=0)
[2020-11-23 14:16:59] -- [DEBUG]: [com.zaxxer.hikari.pool.HikariPool] -- HikariPool-1 - Pool stats (total=10, active=0, idle=10, waiting=0)
[2020-11-23 14:17:29] -- [DEBUG]: [com.zaxxer.hikari.pool.HikariPool] -- HikariPool-1 - Pool stats (total=10, active=0, idle=10, waiting=0)
[2020-11-23 14:17:59] -- [DEBUG]: [com.zaxxer.hikari.pool.HikariPool] -- HikariPool-1 - Pool stats (total=10, active=0, idle=10, waiting=0)
[2020-11-23 14:18:29] -- [DEBUG]: [com.zaxxer.hikari.pool.HikariPool] -- HikariPool-1 - Pool stats (total=10, active=0, idle=10, waiting=0)
[2020-11-23 14:18:59] -- [DEBUG]: [com.zaxxer.hikari.pool.HikariPool] -- HikariPool-1 - Pool stats (total=10, active=0, idle=10, waiting=0)
[2020-11-23 14:19:29] -- [DEBUG]: [com.zaxxer.hikari.pool.HikariPool] -- HikariPool-1 - Pool stats (total=10, active=0, idle=10, waiting=0)
[2020-11-23 14:19:59] -- [DEBUG]: [com.zaxxer.hikari.pool.HikariPool] -- HikariPool-1 - Pool stats (total=10, active=0, idle=10, waiting=0)
[2020-11-23 14:20:29] -- [DEBUG]: [com.zaxxer.hikari.pool.HikariPool] -- HikariPool-1 - Pool stats (total=10, active=0, idle=10, waiting=0)
[2020-11-23 14:20:59] -- [DEBUG]: [com.zaxxer.hikari.pool.HikariPool] -- HikariPool-1 - Pool stats (total=10, active=0, idle=10, waiting=0)
[2020-11-23 14:21:30] -- [DEBUG]: [com.zaxxer.hikari.pool.HikariPool] -- HikariPool-1 - Pool stats (total=10, active=0, idle=10, waiting=0)
[2020-11-23 14:22:00] -- [DEBUG]: [com.zaxxer.hikari.pool.HikariPool] -- HikariPool-1 - Pool stats (total=10, active=0, idle=10, waiting=0)
[2020-11-23 14:22:30] -- [DEBUG]: [com.zaxxer.hikari.pool.HikariPool] -- HikariPool-1 - Pool stats (total=10, active=0, idle=10, waiting=0)
[2020-11-23 14:23:00] -- [DEBUG]: [com.zaxxer.hikari.pool.HikariPool] -- HikariPool-1 - Pool stats (total=10, active=0, idle=10, waiting=0)
[2020-11-23 14:23:30] -- [DEBUG]: [com.zaxxer.hikari.pool.HikariPool] -- HikariPool-1 - Pool stats (total=10, active=0, idle=10, waiting=0)
[2020-11-23 14:24:00] -- [DEBUG]: [com.zaxxer.hikari.pool.HikariPool] -- HikariPool-1 - Pool stats (total=10, active=0, idle=10, waiting=0)
[2020-11-23 14:24:30] -- [DEBUG]: [com.zaxxer.hikari.pool.HikariPool] -- HikariPool-1 - Pool stats (total=10, active=0, idle=10, waiting=0)
[2020-11-23 14:25:00] -- [DEBUG]: [com.zaxxer.hikari.pool.HikariPool] -- HikariPool-1 - Pool stats (total=10, active=0, idle=10, waiting=0)
[2020-11-23 14:25:30] -- [DEBUG]: [com.zaxxer.hikari.pool.HikariPool] -- HikariPool-1 - Pool stats (total=10, active=0, idle=10, waiting=0)
[2020-11-23 14:26:00] -- [DEBUG]: [com.zaxxer.hikari.pool.HikariPool] -- HikariPool-1 - Pool stats (total=10, active=0, idle=10, waiting=0)
[2020-11-23 14:26:30] -- [DEBUG]: [com.zaxxer.hikari.pool.HikariPool] -- HikariPool-1 - Pool stats (total=10, active=0, idle=10, waiting=0)
[2020-11-23 14:27:00] -- [DEBUG]: [com.zaxxer.hikari.pool.HikariPool] -- HikariPool-1 - Pool stats (total=10, active=0, idle=10, waiting=0)
[2020-11-23 14:27:30] -- [DEBUG]: [com.zaxxer.hikari.pool.HikariPool] -- HikariPool-1 - Pool stats (total=10, active=0, idle=10, waiting=0)
[2020-11-23 14:28:00] -- [DEBUG]: [com.zaxxer.hikari.pool.HikariPool] -- HikariPool-1 - Pool stats (total=10, active=0, idle=10, waiting=0)
[2020-11-23 14:28:30] -- [DEBUG]: [com.zaxxer.hikari.pool.HikariPool] -- HikariPool-1 - Pool stats (total=10, active=0, idle=10, waiting=0)
[2020-11-23 14:29:00] -- [DEBUG]: [com.zaxxer.hikari.pool.HikariPool] -- HikariPool-1 - Pool stats (total=10, active=0, idle=10, waiting=0)
[2020-11-23 14:29:30] -- [DEBUG]: [com.zaxxer.hikari.pool.HikariPool] -- HikariPool-1 - Pool stats (total=10, active=0, idle=10, waiting=0)
[2020-11-23 14:30:00] -- [DEBUG]: [com.zaxxer.hikari.pool.HikariPool] -- HikariPool-1 - Pool stats (total=10, active=0, idle=10, waiting=0)
[2020-11-23 14:30:30] -- [DEBUG]: [com.zaxxer.hikari.pool.HikariPool] -- HikariPool-1 - Pool stats (total=10, active=0, idle=10, waiting=0)
[2020-11-23 14:31:00] -- [DEBUG]: [com.zaxxer.hikari.pool.HikariPool] -- HikariPool-1 - Pool stats (total=10, active=0, idle=10, waiting=0)
[2020-11-23 14:31:30] -- [DEBUG]: [com.zaxxer.hikari.pool.HikariPool] -- HikariPool-1 - Pool stats (total=10, active=0, idle=10, waiting=0)
[2020-11-23 14:32:00] -- [DEBUG]: [com.zaxxer.hikari.pool.HikariPool] -- HikariPool-1 - Pool stats (total=10, active=0, idle=10, waiting=0)
[2020-11-23 14:32:30] -- [DEBUG]: [com.zaxxer.hikari.pool.HikariPool] -- HikariPool-1 - Pool stats (total=10, active=0, idle=10, waiting=0)
[2020-11-23 14:33:00] -- [DEBUG]: [com.zaxxer.hikari.pool.HikariPool] -- HikariPool-1 - Pool stats (total=10, active=0, idle=10, waiting=0)
[2020-11-23 14:33:30] -- [DEBUG]: [com.zaxxer.hikari.pool.HikariPool] -- HikariPool-1 - Pool stats (total=10, active=0, idle=10, waiting=0)
[2020-11-23 14:34:00] -- [DEBUG]: [com.zaxxer.hikari.pool.HikariPool] -- HikariPool-1 - Pool stats (total=10, active=0, idle=10, waiting=0)
[2020-11-23 14:34:30] -- [DEBUG]: [com.zaxxer.hikari.pool.HikariPool] -- HikariPool-1 - Pool stats (total=10, active=0, idle=10, waiting=0)
[2020-11-23 14:35:00] -- [DEBUG]: [com.zaxxer.hikari.pool.HikariPool] -- HikariPool-1 - Pool stats (total=10, active=0, idle=10, waiting=0)
[2020-11-23 14:35:30] -- [DEBUG]: [com.zaxxer.hikari.pool.HikariPool] -- HikariPool-1 - Pool stats (total=10, active=0, idle=10, waiting=0)
[2020-11-23 14:36:00] -- [DEBUG]: [com.zaxxer.hikari.pool.HikariPool] -- HikariPool-1 - Pool stats (total=10, active=0, idle=10, waiting=0)
[2020-11-23 14:36:30] -- [DEBUG]: [com.zaxxer.hikari.pool.HikariPool] -- HikariPool-1 - Pool stats (total=10, active=0, idle=10, waiting=0)
[2020-11-23 14:37:00] -- [DEBUG]: [com.zaxxer.hikari.pool.HikariPool] -- HikariPool-1 - Pool stats (total=10, active=0, idle=10, waiting=0)
[2020-11-23 14:37:30] -- [DEBUG]: [com.zaxxer.hikari.pool.HikariPool] -- HikariPool-1 - Pool stats (total=10, active=0, idle=10, waiting=0)
[2020-11-23 14:38:00] -- [DEBUG]: [com.zaxxer.hikari.pool.HikariPool] -- HikariPool-1 - Pool stats (total=10, active=0, idle=10, waiting=0)
[2020-11-23 14:38:30] -- [DEBUG]: [com.zaxxer.hikari.pool.HikariPool] -- HikariPool-1 - Pool stats (total=10, active=0, idle=10, waiting=0)
[2020-11-23 14:39:00] -- [DEBUG]: [com.zaxxer.hikari.pool.HikariPool] -- HikariPool-1 - Pool stats (total=10, active=0, idle=10, waiting=0)
[2020-11-23 14:39:30] -- [DEBUG]: [com.zaxxer.hikari.pool.HikariPool] -- HikariPool-1 - Pool stats (total=10, active=0, idle=10, waiting=0)
[2020-11-23 14:40:00] -- [DEBUG]: [com.zaxxer.hikari.pool.HikariPool] -- HikariPool-1 - Pool stats (total=10, active=0, idle=10, waiting=0)
[2020-11-23 14:40:30] -- [DEBUG]: [com.zaxxer.hikari.pool.HikariPool] -- HikariPool-1 - Pool stats (total=10, active=0, idle=10, waiting=0)
[2020-11-23 14:40:48] -- [DEBUG]: [com.zaxxer.hikari.pool.PoolBase] -- HikariPool-1 - Closing connection com.mysql.cj.jdbc.ConnectionImpl@371b2148: (connection has passed maxLifetime)
[2020-11-23 14:40:48] -- [DEBUG]: [com.zaxxer.hikari.pool.HikariPool] -- HikariPool-1 - Added connection com.mysql.cj.jdbc.ConnectionImpl@2d6ec2e4
[2020-11-23 14:41:00] -- [DEBUG]: [com.zaxxer.hikari.pool.HikariPool] -- HikariPool-1 - Pool stats (total=10, active=0, idle=10, waiting=0)
[2020-11-23 14:41:04] -- [DEBUG]: [com.zaxxer.hikari.pool.PoolBase] -- HikariPool-1 - Closing connection com.mysql.cj.jdbc.ConnectionImpl@16783817: (connection has passed maxLifetime)
[2020-11-23 14:41:04] -- [DEBUG]: [com.zaxxer.hikari.pool.HikariPool] -- HikariPool-1 - Added connection com.mysql.cj.jdbc.ConnectionImpl@77433982
[2020-11-23 14:41:09] -- [DEBUG]: [com.zaxxer.hikari.pool.PoolBase] -- HikariPool-1 - Closing connection com.mysql.cj.jdbc.ConnectionImpl@43a12d68: (connection has passed maxLifetime)
[2020-11-23 14:41:09] -- [DEBUG]: [com.zaxxer.hikari.pool.HikariPool] -- HikariPool-1 - Added connection com.mysql.cj.jdbc.ConnectionImpl@339adf1
[2020-11-23 14:41:11] -- [DEBUG]: [com.zaxxer.hikari.pool.PoolBase] -- HikariPool-1 - Closing connection com.mysql.cj.jdbc.ConnectionImpl@3cc37524: (connection has passed maxLifetime)
[2020-11-23 14:41:11] -- [DEBUG]: [com.zaxxer.hikari.pool.HikariPool] -- HikariPool-1 - Added connection com.mysql.cj.jdbc.ConnectionImpl@15e87c9b
[2020-11-23 14:41:22] -- [DEBUG]: [com.zaxxer.hikari.pool.PoolBase] -- HikariPool-1 - Closing connection com.mysql.cj.jdbc.ConnectionImpl@76e7b60f: (connection has passed maxLifetime)
[2020-11-23 14:41:22] -- [DEBUG]: [com.zaxxer.hikari.pool.HikariPool] -- HikariPool-1 - Added connection com.mysql.cj.jdbc.ConnectionImpl@4f441be6
[2020-11-23 14:41:23] -- [DEBUG]: [com.zaxxer.hikari.pool.PoolBase] -- HikariPool-1 - Closing connection com.mysql.cj.jdbc.ConnectionImpl@23f25e97: (connection has passed maxLifetime)
[2020-11-23 14:41:23] -- [DEBUG]: [com.zaxxer.hikari.pool.HikariPool] -- HikariPool-1 - Added connection com.mysql.cj.jdbc.ConnectionImpl@3b8627b0
[2020-11-23 14:41:28] -- [DEBUG]: [com.zaxxer.hikari.pool.PoolBase] -- HikariPool-1 - Closing connection com.mysql.cj.jdbc.ConnectionImpl@5e8763f: (connection has passed maxLifetime)
[2020-11-23 14:41:28] -- [DEBUG]: [com.zaxxer.hikari.pool.HikariPool] -- HikariPool-1 - Added connection com.mysql.cj.jdbc.ConnectionImpl@57548d9
[2020-11-23 14:41:30] -- [DEBUG]: [com.zaxxer.hikari.pool.HikariPool] -- HikariPool-1 - Pool stats (total=10, active=0, idle=10, waiting=0)
[2020-11-23 14:41:32] -- [DEBUG]: [com.zaxxer.hikari.pool.PoolBase] -- HikariPool-1 - Closing connection com.mysql.cj.jdbc.ConnectionImpl@64b0b980: (connection has passed maxLifetime)
[2020-11-23 14:41:32] -- [DEBUG]: [com.zaxxer.hikari.pool.HikariPool] -- HikariPool-1 - Added connection com.mysql.cj.jdbc.ConnectionImpl@6e276ded
[2020-11-23 14:41:47] -- [DEBUG]: [com.zaxxer.hikari.pool.PoolBase] -- HikariPool-1 - Closing connection com.mysql.cj.jdbc.ConnectionImpl@10ada071: (connection has passed maxLifetime)
[2020-11-23 14:41:47] -- [DEBUG]: [com.zaxxer.hikari.pool.HikariPool] -- HikariPool-1 - Added connection com.mysql.cj.jdbc.ConnectionImpl@cc40594
[2020-11-23 14:41:52] -- [DEBUG]: [com.zaxxer.hikari.pool.PoolBase] -- HikariPool-1 - Closing connection com.mysql.cj.jdbc.ConnectionImpl@71e03df5: (connection has passed maxLifetime)
[2020-11-23 14:41:52] -- [DEBUG]: [com.zaxxer.hikari.pool.HikariPool] -- HikariPool-1 - Added connection com.mysql.cj.jdbc.ConnectionImpl@121af434
[2020-11-23 14:42:00] -- [DEBUG]: [com.zaxxer.hikari.pool.HikariPool] -- HikariPool-1 - Pool stats (total=10, active=0, idle=10, waiting=0)
[2020-11-23 14:42:30] -- [DEBUG]: [com.zaxxer.hikari.pool.HikariPool] -- HikariPool-1 - Pool stats (total=10, active=0, idle=10, waiting=0)
[2020-11-23 14:43:00] -- [DEBUG]: [com.zaxxer.hikari.pool.HikariPool] -- HikariPool-1 - Pool stats (total=10, active=0, idle=10, waiting=0)
[2020-11-23 14:43:30] -- [DEBUG]: [com.zaxxer.hikari.pool.HikariPool] -- HikariPool-1 - Pool stats (total=10, active=0, idle=10, waiting=0)
[2020-11-23 14:44:00] -- [DEBUG]: [com.zaxxer.hikari.pool.HikariPool] -- HikariPool-1 - Pool stats (total=10, active=0, idle=10, waiting=0)
[2020-11-23 14:44:30] -- [DEBUG]: [com.zaxxer.hikari.pool.HikariPool] -- HikariPool-1 - Pool stats (total=10, active=0, idle=10, waiting=0)
[2020-11-23 14:45:00] -- [DEBUG]: [com.zaxxer.hikari.pool.HikariPool] -- HikariPool-1 - Pool stats (total=10, active=0, idle=10, waiting=0)
[2020-11-23 14:45:30] -- [DEBUG]: [com.zaxxer.hikari.pool.HikariPool] -- HikariPool-1 - Pool stats (total=10, active=0, idle=10, waiting=0)
[2020-11-23 14:46:00] -- [DEBUG]: [com.zaxxer.hikari.pool.HikariPool] -- HikariPool-1 - Pool stats (total=10, active=0, idle=10, waiting=0)
[2020-11-23 14:46:30] -- [DEBUG]: [com.zaxxer.hikari.pool.HikariPool] -- HikariPool-1 - Pool stats (total=10, active=0, idle=10, waiting=0)
[2020-11-23 14:47:00] -- [DEBUG]: [com.zaxxer.hikari.pool.HikariPool] -- HikariPool-1 - Pool stats (total=10, active=0, idle=10, waiting=0)
[2020-11-23 14:47:30] -- [DEBUG]: [com.zaxxer.hikari.pool.HikariPool] -- HikariPool-1 - Pool stats (total=10, active=0, idle=10, waiting=0)
[2020-11-23 14:48:00] -- [DEBUG]: [com.zaxxer.hikari.pool.HikariPool] -- HikariPool-1 - Pool stats (total=10, active=0, idle=10, waiting=0)
[2020-11-23 14:48:30] -- [DEBUG]: [com.zaxxer.hikari.pool.HikariPool] -- HikariPool-1 - Pool stats (total=10, active=0, idle=10, waiting=0)
[2020-11-23 14:49:00] -- [DEBUG]: [com.zaxxer.hikari.pool.HikariPool] -- HikariPool-1 - Pool stats (total=10, active=0, idle=10, waiting=0)
[2020-11-23 14:49:30] -- [DEBUG]: [com.zaxxer.hikari.pool.HikariPool] -- HikariPool-1 - Pool stats (total=10, active=0, idle=10, waiting=0)
[2020-11-23 14:50:00] -- [DEBUG]: [com.zaxxer.hikari.pool.HikariPool] -- HikariPool-1 - Pool stats (total=10, active=0, idle=10, waiting=0)
[2020-11-23 14:50:30] -- [DEBUG]: [com.zaxxer.hikari.pool.HikariPool] -- HikariPool-1 - Pool stats (total=10, active=0, idle=10, waiting=0)
[2020-11-23 14:51:00] -- [DEBUG]: [com.zaxxer.hikari.pool.HikariPool] -- HikariPool-1 - Pool stats (total=10, active=0, idle=10, waiting=0)
[2020-11-23 14:51:30] -- [DEBUG]: [com.zaxxer.hikari.pool.HikariPool] -- HikariPool-1 - Pool stats (total=10, active=0, idle=10, waiting=0)
[2020-11-23 14:52:00] -- [DEBUG]: [com.zaxxer.hikari.pool.HikariPool] -- HikariPool-1 - Pool stats (total=10, active=0, idle=10, waiting=0)
[2020-11-23 14:52:30] -- [DEBUG]: [com.zaxxer.hikari.pool.HikariPool] -- HikariPool-1 - Pool stats (total=10, active=0, idle=10, waiting=0)
[2020-11-23 14:53:00] -- [DEBUG]: [com.zaxxer.hikari.pool.HikariPool] -- HikariPool-1 - Pool stats (total=10, active=0, idle=10, waiting=0)
[2020-11-23 14:53:30] -- [DEBUG]: [com.zaxxer.hikari.pool.HikariPool] -- HikariPool-1 - Pool stats (total=10, active=0, idle=10, waiting=0)
[2020-11-23 14:54:00] -- [DEBUG]: [com.zaxxer.hikari.pool.HikariPool] -- HikariPool-1 - Pool stats (total=10, active=0, idle=10, waiting=0)
[2020-11-23 14:54:30] -- [DEBUG]: [com.zaxxer.hikari.pool.HikariPool] -- HikariPool-1 - Pool stats (total=10, active=0, idle=10, waiting=0)
[2020-11-23 14:55:00] -- [DEBUG]: [com.zaxxer.hikari.pool.HikariPool] -- HikariPool-1 - Pool stats (total=10, active=0, idle=10, waiting=0)
[2020-11-23 14:55:30] -- [DEBUG]: [com.zaxxer.hikari.pool.HikariPool] -- HikariPool-1 - Pool stats (total=10, active=0, idle=10, waiting=0)
[2020-11-23 14:56:00] -- [DEBUG]: [com.zaxxer.hikari.pool.HikariPool] -- HikariPool-1 - Pool stats (total=10, active=0, idle=10, waiting=0)
[2020-11-23 14:56:30] -- [DEBUG]: [com.zaxxer.hikari.pool.HikariPool] -- HikariPool-1 - Pool stats (total=10, active=0, idle=10, waiting=0)
[2020-11-23 14:57:00] -- [DEBUG]: [com.zaxxer.hikari.pool.HikariPool] -- HikariPool-1 - Pool stats (total=10, active=0, idle=10, waiting=0)
[2020-11-23 14:57:30] -- [DEBUG]: [com.zaxxer.hikari.pool.HikariPool] -- HikariPool-1 - Pool stats (total=10, active=0, idle=10, waiting=0)
[2020-11-23 14:58:00] -- [DEBUG]: [com.zaxxer.hikari.pool.HikariPool] -- HikariPool-1 - Pool stats (total=10, active=0, idle=10, waiting=0)
[2020-11-23 14:58:30] -- [DEBUG]: [com.zaxxer.hikari.pool.HikariPool] -- HikariPool-1 - Pool stats (total=10, active=0, idle=10, waiting=0)
[2020-11-23 14:59:00] -- [DEBUG]: [com.zaxxer.hikari.pool.HikariPool] -- HikariPool-1 - Pool stats (total=10, active=0, idle=10, waiting=0)
[2020-11-23 14:59:30] -- [DEBUG]: [com.zaxxer.hikari.pool.HikariPool] -- HikariPool-1 - Pool stats (total=10, active=0, idle=10, waiting=0)
[2020-11-23 15:00:00] -- [DEBUG]: [com.zaxxer.hikari.pool.HikariPool] -- HikariPool-1 - Pool stats (total=10, active=0, idle=10, waiting=0)
[2020-11-23 15:00:30] -- [DEBUG]: [com.zaxxer.hikari.pool.HikariPool] -- HikariPool-1 - Pool stats (total=10, active=0, idle=10, waiting=0)
[2020-11-23 15:01:00] -- [DEBUG]: [com.zaxxer.hikari.pool.HikariPool] -- HikariPool-1 - Pool stats (total=10, active=0, idle=10, waiting=0)
[2020-11-23 15:01:30] -- [DEBUG]: [com.zaxxer.hikari.pool.HikariPool] -- HikariPool-1 - Pool stats (total=10, active=0, idle=10, waiting=0)
[2020-11-23 15:02:00] -- [DEBUG]: [com.zaxxer.hikari.pool.HikariPool] -- HikariPool-1 - Pool stats (total=10, active=0, idle=10, waiting=0)
[2020-11-23 15:02:30] -- [DEBUG]: [com.zaxxer.hikari.pool.HikariPool] -- HikariPool-1 - Pool stats (total=10, active=0, idle=10, waiting=0)
[2020-11-23 15:03:00] -- [DEBUG]: [com.zaxxer.hikari.pool.HikariPool] -- HikariPool-1 - Pool stats (total=10, active=0, idle=10, waiting=0)
[2020-11-23 15:03:30] -- [DEBUG]: [com.zaxxer.hikari.pool.HikariPool] -- HikariPool-1 - Pool stats (total=10, active=0, idle=10, waiting=0)
[2020-11-23 15:04:00] -- [DEBUG]: [com.zaxxer.hikari.pool.HikariPool] -- HikariPool-1 - Pool stats (total=10, active=0, idle=10, waiting=0)
[2020-11-23 15:04:30] -- [DEBUG]: [com.zaxxer.hikari.pool.HikariPool] -- HikariPool-1 - Pool stats (total=10, active=0, idle=10, waiting=0)
[2020-11-23 15:05:00] -- [DEBUG]: [com.zaxxer.hikari.pool.HikariPool] -- HikariPool-1 - Pool stats (total=10, active=0, idle=10, waiting=0)
[2020-11-23 15:05:30] -- [DEBUG]: [com.zaxxer.hikari.pool.HikariPool] -- HikariPool-1 - Pool stats (total=10, active=0, idle=10, waiting=0)
[2020-11-23 15:06:00] -- [DEBUG]: [com.zaxxer.hikari.pool.HikariPool] -- HikariPool-1 - Pool stats (total=10, active=0, idle=10, waiting=0)
[2020-11-23 15:06:30] -- [DEBUG]: [com.zaxxer.hikari.pool.HikariPool] -- HikariPool-1 - Pool stats (total=10, active=0, idle=10, waiting=0)
[2020-11-23 15:07:00] -- [DEBUG]: [com.zaxxer.hikari.pool.HikariPool] -- HikariPool-1 - Pool stats (total=10, active=0, idle=10, waiting=0)
[2020-11-23 15:07:30] -- [DEBUG]: [com.zaxxer.hikari.pool.HikariPool] -- HikariPool-1 - Pool stats (total=10, active=0, idle=10, waiting=0)
[2020-11-23 15:08:00] -- [DEBUG]: [com.zaxxer.hikari.pool.HikariPool] -- HikariPool-1 - Pool stats (total=10, active=0, idle=10, waiting=0)
[2020-11-23 15:08:30] -- [DEBUG]: [com.zaxxer.hikari.pool.HikariPool] -- HikariPool-1 - Pool stats (total=10, active=0, idle=10, waiting=0)
[2020-11-23 15:09:00] -- [DEBUG]: [com.zaxxer.hikari.pool.HikariPool] -- HikariPool-1 - Pool stats (total=10, active=0, idle=10, waiting=0)
[2020-11-23 15:09:30] -- [DEBUG]: [com.zaxxer.hikari.pool.HikariPool] -- HikariPool-1 - Pool stats (total=10, active=0, idle=10, waiting=0)
[2020-11-23 15:10:00] -- [DEBUG]: [com.zaxxer.hikari.pool.HikariPool] -- HikariPool-1 - Pool stats (total=10, active=0, idle=10, waiting=0)
[2020-11-23 15:10:25] -- [DEBUG]: [com.zaxxer.hikari.pool.PoolBase] -- HikariPool-1 - Closing connection com.mysql.cj.jdbc.ConnectionImpl@2d6ec2e4: (connection has passed maxLifetime)
[2020-11-23 15:10:25] -- [DEBUG]: [com.zaxxer.hikari.pool.HikariPool] -- HikariPool-1 - Added connection com.mysql.cj.jdbc.ConnectionImpl@13ee0d5c
[2020-11-23 15:10:30] -- [DEBUG]: [com.zaxxer.hikari.pool.HikariPool] -- HikariPool-1 - Pool stats (total=10, active=0, idle=10, waiting=0)
[2020-11-23 15:10:30] -- [DEBUG]: [com.zaxxer.hikari.pool.PoolBase] -- HikariPool-1 - Closing connection com.mysql.cj.jdbc.ConnectionImpl@77433982: (connection has passed maxLifetime)
[2020-11-23 15:10:30] -- [DEBUG]: [com.zaxxer.hikari.pool.HikariPool] -- HikariPool-1 - Added connection com.mysql.cj.jdbc.ConnectionImpl@67f0542b
[2020-11-23 15:10:40] -- [DEBUG]: [com.zaxxer.hikari.pool.PoolBase] -- HikariPool-1 - Closing connection com.mysql.cj.jdbc.ConnectionImpl@3b8627b0: (connection has passed maxLifetime)
[2020-11-23 15:10:40] -- [DEBUG]: [com.zaxxer.hikari.pool.HikariPool] -- HikariPool-1 - Added connection com.mysql.cj.jdbc.ConnectionImpl@2c0d3edf
[2020-11-23 15:10:47] -- [DEBUG]: [com.zaxxer.hikari.pool.PoolBase] -- HikariPool-1 - Closing connection com.mysql.cj.jdbc.ConnectionImpl@57548d9: (connection has passed maxLifetime)
[2020-11-23 15:10:47] -- [DEBUG]: [com.zaxxer.hikari.pool.HikariPool] -- HikariPool-1 - Added connection com.mysql.cj.jdbc.ConnectionImpl@5585d18f
[2020-11-23 15:11:00] -- [DEBUG]: [com.zaxxer.hikari.pool.HikariPool] -- HikariPool-1 - Pool stats (total=10, active=0, idle=10, waiting=0)
[2020-11-23 15:11:01] -- [DEBUG]: [com.zaxxer.hikari.pool.PoolBase] -- HikariPool-1 - Closing connection com.mysql.cj.jdbc.ConnectionImpl@15e87c9b: (connection has passed maxLifetime)
[2020-11-23 15:11:01] -- [DEBUG]: [com.zaxxer.hikari.pool.HikariPool] -- HikariPool-1 - Added connection com.mysql.cj.jdbc.ConnectionImpl@2e6d5087
[2020-11-23 15:11:03] -- [DEBUG]: [com.zaxxer.hikari.pool.PoolBase] -- HikariPool-1 - Closing connection com.mysql.cj.jdbc.ConnectionImpl@cc40594: (connection has passed maxLifetime)
[2020-11-23 15:11:03] -- [DEBUG]: [com.zaxxer.hikari.pool.HikariPool] -- HikariPool-1 - Added connection com.mysql.cj.jdbc.ConnectionImpl@5a4eb09e
[2020-11-23 15:11:07] -- [DEBUG]: [com.zaxxer.hikari.pool.PoolBase] -- HikariPool-1 - Closing connection com.mysql.cj.jdbc.ConnectionImpl@339adf1: (connection has passed maxLifetime)
[2020-11-23 15:11:07] -- [DEBUG]: [com.zaxxer.hikari.pool.HikariPool] -- HikariPool-1 - Added connection com.mysql.cj.jdbc.ConnectionImpl@2db74399
[2020-11-23 15:11:13] -- [DEBUG]: [com.zaxxer.hikari.pool.PoolBase] -- HikariPool-1 - Closing connection com.mysql.cj.jdbc.ConnectionImpl@4f441be6: (connection has passed maxLifetime)
[2020-11-23 15:11:13] -- [DEBUG]: [com.zaxxer.hikari.pool.HikariPool] -- HikariPool-1 - Added connection com.mysql.cj.jdbc.ConnectionImpl@53caab5e
[2020-11-23 15:11:21] -- [DEBUG]: [com.zaxxer.hikari.pool.PoolBase] -- HikariPool-1 - Closing connection com.mysql.cj.jdbc.ConnectionImpl@6e276ded: (connection has passed maxLifetime)
[2020-11-23 15:11:21] -- [DEBUG]: [com.zaxxer.hikari.pool.HikariPool] -- HikariPool-1 - Added connection com.mysql.cj.jdbc.ConnectionImpl@6271bcee
[2020-11-23 15:11:25] -- [DEBUG]: [com.zaxxer.hikari.pool.PoolBase] -- HikariPool-1 - Closing connection com.mysql.cj.jdbc.ConnectionImpl@121af434: (connection has passed maxLifetime)
[2020-11-23 15:11:25] -- [DEBUG]: [com.zaxxer.hikari.pool.HikariPool] -- HikariPool-1 - Added connection com.mysql.cj.jdbc.ConnectionImpl@169e8d9c
[2020-11-23 15:11:30] -- [DEBUG]: [com.zaxxer.hikari.pool.HikariPool] -- HikariPool-1 - Pool stats (total=10, active=0, idle=10, waiting=0)
[2020-11-23 15:12:00] -- [DEBUG]: [com.zaxxer.hikari.pool.HikariPool] -- HikariPool-1 - Pool stats (total=10, active=0, idle=10, waiting=0)
[2020-11-23 15:12:30] -- [DEBUG]: [com.zaxxer.hikari.pool.HikariPool] -- HikariPool-1 - Pool stats (total=10, active=0, idle=10, waiting=0)
[2020-11-23 15:13:00] -- [DEBUG]: [com.zaxxer.hikari.pool.HikariPool] -- HikariPool-1 - Pool stats (total=10, active=0, idle=10, waiting=0)
[2020-11-23 15:13:30] -- [DEBUG]: [com.zaxxer.hikari.pool.HikariPool] -- HikariPool-1 - Pool stats (total=10, active=0, idle=10, waiting=0)
[2020-11-23 15:14:00] -- [DEBUG]: [com.zaxxer.hikari.pool.HikariPool] -- HikariPool-1 - Pool stats (total=10, active=0, idle=10, waiting=0)
[2020-11-23 15:14:30] -- [DEBUG]: [com.zaxxer.hikari.pool.HikariPool] -- HikariPool-1 - Pool stats (total=10, active=0, idle=10, waiting=0)
[2020-11-23 15:15:00] -- [DEBUG]: [com.zaxxer.hikari.pool.HikariPool] -- HikariPool-1 - Pool stats (total=10, active=0, idle=10, waiting=0)
[2020-11-23 15:15:30] -- [DEBUG]: [com.zaxxer.hikari.pool.HikariPool] -- HikariPool-1 - Pool stats (total=10, active=0, idle=10, waiting=0)
[2020-11-23 15:16:00] -- [DEBUG]: [com.zaxxer.hikari.pool.HikariPool] -- HikariPool-1 - Pool stats (total=10, active=0, idle=10, waiting=0)
[2020-11-23 15:16:30] -- [DEBUG]: [com.zaxxer.hikari.pool.HikariPool] -- HikariPool-1 - Pool stats (total=10, active=0, idle=10, waiting=0)
[2020-11-23 15:17:00] -- [DEBUG]: [com.zaxxer.hikari.pool.HikariPool] -- HikariPool-1 - Pool stats (total=10, active=0, idle=10, waiting=0)
[2020-11-23 15:17:30] -- [DEBUG]: [com.zaxxer.hikari.pool.HikariPool] -- HikariPool-1 - Pool stats (total=10, active=0, idle=10, waiting=0)
[2020-11-23 15:18:00] -- [DEBUG]: [com.zaxxer.hikari.pool.HikariPool] -- HikariPool-1 - Pool stats (total=10, active=0, idle=10, waiting=0)
[2020-11-23 15:18:30] -- [DEBUG]: [com.zaxxer.hikari.pool.HikariPool] -- HikariPool-1 - Pool stats (total=10, active=0, idle=10, waiting=0)
[2020-11-23 15:19:00] -- [DEBUG]: [com.zaxxer.hikari.pool.HikariPool] -- HikariPool-1 - Pool stats (total=10, active=0, idle=10, waiting=0)
[2020-11-23 15:19:30] -- [DEBUG]: [com.zaxxer.hikari.pool.HikariPool] -- HikariPool-1 - Pool stats (total=10, active=0, idle=10, waiting=0)
[2020-11-23 15:20:00] -- [DEBUG]: [com.zaxxer.hikari.pool.HikariPool] -- HikariPool-1 - Pool stats (total=10, active=0, idle=10, waiting=0)
[2020-11-23 15:20:30] -- [DEBUG]: [com.zaxxer.hikari.pool.HikariPool] -- HikariPool-1 - Pool stats (total=10, active=0, idle=10, waiting=0)
[2020-11-23 15:21:00] -- [DEBUG]: [com.zaxxer.hikari.pool.HikariPool] -- HikariPool-1 - Pool stats (total=10, active=0, idle=10, waiting=0)
[2020-11-23 15:21:30] -- [DEBUG]: [com.zaxxer.hikari.pool.HikariPool] -- HikariPool-1 - Pool stats (total=10, active=0, idle=10, waiting=0)
[2020-11-23 15:22:00] -- [DEBUG]: [com.zaxxer.hikari.pool.HikariPool] -- HikariPool-1 - Pool stats (total=10, active=0, idle=10, waiting=0)
[2020-11-23 15:22:30] -- [DEBUG]: [com.zaxxer.hikari.pool.HikariPool] -- HikariPool-1 - Pool stats (total=10, active=0, idle=10, waiting=0)
[2020-11-23 15:23:00] -- [DEBUG]: [com.zaxxer.hikari.pool.HikariPool] -- HikariPool-1 - Pool stats (total=10, active=0, idle=10, waiting=0)
[2020-11-23 15:23:30] -- [DEBUG]: [com.zaxxer.hikari.pool.HikariPool] -- HikariPool-1 - Pool stats (total=10, active=0, idle=10, waiting=0)
[2020-11-23 15:24:00] -- [DEBUG]: [com.zaxxer.hikari.pool.HikariPool] -- HikariPool-1 - Pool stats (total=10, active=0, idle=10, waiting=0)
[2020-11-23 15:24:30] -- [DEBUG]: [com.zaxxer.hikari.pool.HikariPool] -- HikariPool-1 - Pool stats (total=10, active=0, idle=10, waiting=0)
[2020-11-23 15:25:00] -- [DEBUG]: [com.zaxxer.hikari.pool.HikariPool] -- HikariPool-1 - Pool stats (total=10, active=0, idle=10, waiting=0)
[2020-11-23 15:25:30] -- [DEBUG]: [com.zaxxer.hikari.pool.HikariPool] -- HikariPool-1 - Pool stats (total=10, active=0, idle=10, waiting=0)
[2020-11-23 15:26:00] -- [DEBUG]: [com.zaxxer.hikari.pool.HikariPool] -- HikariPool-1 - Pool stats (total=10, active=0, idle=10, waiting=0)
[2020-11-23 15:26:30] -- [DEBUG]: [com.zaxxer.hikari.pool.HikariPool] -- HikariPool-1 - Pool stats (total=10, active=0, idle=10, waiting=0)
[2020-11-23 15:27:00] -- [DEBUG]: [com.zaxxer.hikari.pool.HikariPool] -- HikariPool-1 - Pool stats (total=10, active=0, idle=10, waiting=0)
[2020-11-23 15:27:30] -- [DEBUG]: [com.zaxxer.hikari.pool.HikariPool] -- HikariPool-1 - Pool stats (total=10, active=0, idle=10, waiting=0)
[2020-11-23 15:28:00] -- [DEBUG]: [com.zaxxer.hikari.pool.HikariPool] -- HikariPool-1 - Pool stats (total=10, active=0, idle=10, waiting=0)
[2020-11-23 15:28:30] -- [DEBUG]: [com.zaxxer.hikari.pool.HikariPool] -- HikariPool-1 - Pool stats (total=10, active=0, idle=10, waiting=0)
[2020-11-23 15:29:00] -- [DEBUG]: [com.zaxxer.hikari.pool.HikariPool] -- HikariPool-1 - Pool stats (total=10, active=0, idle=10, waiting=0)
[2020-11-23 15:29:30] -- [DEBUG]: [com.zaxxer.hikari.pool.HikariPool] -- HikariPool-1 - Pool stats (total=10, active=0, idle=10, waiting=0)
[2020-11-23 15:30:00] -- [DEBUG]: [com.zaxxer.hikari.pool.HikariPool] -- HikariPool-1 - Pool stats (total=10, active=0, idle=10, waiting=0)
[2020-11-23 15:30:30] -- [DEBUG]: [com.zaxxer.hikari.pool.HikariPool] -- HikariPool-1 - Pool stats (total=10, active=0, idle=10, waiting=0)
[2020-11-23 15:31:00] -- [DEBUG]: [com.zaxxer.hikari.pool.HikariPool] -- HikariPool-1 - Pool stats (total=10, active=0, idle=10, waiting=0)
[2020-11-23 15:31:30] -- [DEBUG]: [com.zaxxer.hikari.pool.HikariPool] -- HikariPool-1 - Pool stats (total=10, active=0, idle=10, waiting=0)
[2020-11-23 15:32:00] -- [DEBUG]: [com.zaxxer.hikari.pool.HikariPool] -- HikariPool-1 - Pool stats (total=10, active=0, idle=10, waiting=0)
[2020-11-23 15:32:30] -- [DEBUG]: [com.zaxxer.hikari.pool.HikariPool] -- HikariPool-1 - Pool stats (total=10, active=0, idle=10, waiting=0)
[2020-11-23 15:33:00] -- [DEBUG]: [com.zaxxer.hikari.pool.HikariPool] -- HikariPool-1 - Pool stats (total=10, active=0, idle=10, waiting=0)
[2020-11-23 15:33:30] -- [DEBUG]: [com.zaxxer.hikari.pool.HikariPool] -- HikariPool-1 - Pool stats (total=10, active=0, idle=10, waiting=0)
[2020-11-23 15:34:00] -- [DEBUG]: [com.zaxxer.hikari.pool.HikariPool] -- HikariPool-1 - Pool stats (total=10, active=0, idle=10, waiting=0)
[2020-11-23 15:34:30] -- [DEBUG]: [com.zaxxer.hikari.pool.HikariPool] -- HikariPool-1 - Pool stats (total=10, active=0, idle=10, waiting=0)
[2020-11-23 15:35:00] -- [DEBUG]: [com.zaxxer.hikari.pool.HikariPool] -- HikariPool-1 - Pool stats (total=10, active=0, idle=10, waiting=0)
[2020-11-23 15:35:30] -- [DEBUG]: [com.zaxxer.hikari.pool.HikariPool] -- HikariPool-1 - Pool stats (total=10, active=0, idle=10, waiting=0)
[2020-11-23 15:36:00] -- [DEBUG]: [com.zaxxer.hikari.pool.HikariPool] -- HikariPool-1 - Pool stats (total=10, active=0, idle=10, waiting=0)
[2020-11-23 15:36:30] -- [DEBUG]: [com.zaxxer.hikari.pool.HikariPool] -- HikariPool-1 - Pool stats (total=10, active=0, idle=10, waiting=0)
[2020-11-23 15:37:00] -- [DEBUG]: [com.zaxxer.hikari.pool.HikariPool] -- HikariPool-1 - Pool stats (total=10, active=0, idle=10, waiting=0)
[2020-11-23 15:37:27] -- [DEBUG]: [io.sentry.connection.AsyncConnection] -- Gracefully shutting down Sentry async threads.
[2020-11-23 15:37:27] -- [DEBUG]: [io.sentry.connection.AsyncConnection] -- Shutdown finished.
[2020-11-23 15:37:27] -- [DEBUG]: [com.zaxxer.hikari.pool.HikariPool] -- HikariPool-1 - Before shutdown stats (total=10, active=0, idle=10, waiting=0)
[2020-11-23 15:37:27] -- [DEBUG]: [com.zaxxer.hikari.pool.PoolBase] -- HikariPool-1 - Closing connection com.mysql.cj.jdbc.ConnectionImpl@13ee0d5c: (connection evicted)
[2020-11-23 15:37:27] -- [DEBUG]: [com.zaxxer.hikari.pool.PoolBase] -- HikariPool-1 - Closing connection com.mysql.cj.jdbc.ConnectionImpl@67f0542b: (connection evicted)
[2020-11-23 15:37:27] -- [DEBUG]: [com.zaxxer.hikari.pool.PoolBase] -- HikariPool-1 - Closing connection com.mysql.cj.jdbc.ConnectionImpl@2c0d3edf: (connection evicted)
[2020-11-23 15:37:27] -- [DEBUG]: [com.zaxxer.hikari.pool.PoolBase] -- HikariPool-1 - Closing connection com.mysql.cj.jdbc.ConnectionImpl@5585d18f: (connection evicted)
[2020-11-23 15:37:27] -- [DEBUG]: [com.zaxxer.hikari.pool.PoolBase] -- HikariPool-1 - Closing connection com.mysql.cj.jdbc.ConnectionImpl@2e6d5087: (connection evicted)
[2020-11-23 15:37:27] -- [DEBUG]: [com.zaxxer.hikari.pool.PoolBase] -- HikariPool-1 - Closing connection com.mysql.cj.jdbc.ConnectionImpl@5a4eb09e: (connection evicted)
[2020-11-23 15:37:27] -- [DEBUG]: [com.zaxxer.hikari.pool.PoolBase] -- HikariPool-1 - Closing connection com.mysql.cj.jdbc.ConnectionImpl@2db74399: (connection evicted)
[2020-11-23 15:37:27] -- [DEBUG]: [com.zaxxer.hikari.pool.PoolBase] -- HikariPool-1 - Closing connection com.mysql.cj.jdbc.ConnectionImpl@53caab5e: (connection evicted)
[2020-11-23 15:37:27] -- [DEBUG]: [com.zaxxer.hikari.pool.PoolBase] -- HikariPool-1 - Closing connection com.mysql.cj.jdbc.ConnectionImpl@6271bcee: (connection evicted)
[2020-11-23 15:37:27] -- [DEBUG]: [com.zaxxer.hikari.pool.PoolBase] -- HikariPool-1 - Closing connection com.mysql.cj.jdbc.ConnectionImpl@169e8d9c: (connection evicted)
[2020-11-23 15:37:27] -- [DEBUG]: [com.zaxxer.hikari.pool.HikariPool] -- HikariPool-1 - After shutdown stats (total=0, active=0, idle=0, waiting=0)
