[2020-11-30 09:27:38] -- [WARN ]: [com.zaxxer.hikari.pool.HikariPool] -- HikariPool-1 - Thread starvation or clock leap detected (housekeeper delta=9h57m33s209ms).
[2020-11-30 09:45:04] -- [WARN ]: [io.sentry.DefaultSentryClientFactory] -- No 'stacktrace.app.packages' was configured, this option is highly recommended as it affects stacktrace grouping and display on Sentry. See documentation: https://docs.sentry.io/clients/java/config/#in-application-stack-frames
[2020-11-30 09:45:04] -- [WARN ]: [io.sentry.DefaultSentryClientFactory] -- No 'stacktrace.app.packages' was configured, this option is highly recommended as it affects stacktrace grouping and display on Sentry. See documentation: https://docs.sentry.io/clients/java/config/#in-application-stack-frames
[2020-11-30 09:50:25] -- [WARN ]: [com.zaxxer.hikari.pool.HikariPool] -- HikariPool-1 - Thread starvation or clock leap detected (housekeeper delta=1m36s564ms).
[2020-11-30 09:50:31] -- [WARN ]: [io.sentry.DefaultSentryClientFactory] -- No 'stacktrace.app.packages' was configured, this option is highly recommended as it affects stacktrace grouping and display on Sentry. See documentation: https://docs.sentry.io/clients/java/config/#in-application-stack-frames
[2020-11-30 09:50:31] -- [WARN ]: [io.sentry.DefaultSentryClientFactory] -- No 'stacktrace.app.packages' was configured, this option is highly recommended as it affects stacktrace grouping and display on Sentry. See documentation: https://docs.sentry.io/clients/java/config/#in-application-stack-frames
[2020-11-30 11:04:50] -- [WARN ]: [com.zaxxer.hikari.pool.HikariPool] -- HikariPool-1 - Thread starvation or clock leap detected (housekeeper delta=24m2s899ms).
[2020-11-30 11:06:21] -- [WARN ]: [io.sentry.DefaultSentryClientFactory] -- No 'stacktrace.app.packages' was configured, this option is highly recommended as it affects stacktrace grouping and display on Sentry. See documentation: https://docs.sentry.io/clients/java/config/#in-application-stack-frames
[2020-11-30 11:06:21] -- [WARN ]: [io.sentry.DefaultSentryClientFactory] -- No 'stacktrace.app.packages' was configured, this option is highly recommended as it affects stacktrace grouping and display on Sentry. See documentation: https://docs.sentry.io/clients/java/config/#in-application-stack-frames
[2020-11-30 11:24:14] -- [WARN ]: [com.zaxxer.hikari.pool.HikariPool] -- HikariPool-1 - Thread starvation or clock leap detected (housekeeper delta=52s564ms).
[2020-11-30 11:25:45] -- [WARN ]: [com.zaxxer.hikari.pool.HikariPool] -- HikariPool-1 - Thread starvation or clock leap detected (housekeeper delta=1m962ms).
[2020-11-30 13:26:14] -- [WARN ]: [com.zaxxer.hikari.pool.HikariPool] -- HikariPool-1 - Thread starvation or clock leap detected (housekeeper delta=1h24m59s178ms).
[2020-11-30 13:27:58] -- [WARN ]: [io.sentry.DefaultSentryClientFactory] -- No 'stacktrace.app.packages' was configured, this option is highly recommended as it affects stacktrace grouping and display on Sentry. See documentation: https://docs.sentry.io/clients/java/config/#in-application-stack-frames
[2020-11-30 13:27:58] -- [WARN ]: [io.sentry.DefaultSentryClientFactory] -- No 'stacktrace.app.packages' was configured, this option is highly recommended as it affects stacktrace grouping and display on Sentry. See documentation: https://docs.sentry.io/clients/java/config/#in-application-stack-frames
[2020-11-30 14:11:30] -- [WARN ]: [io.sentry.DefaultSentryClientFactory] -- No 'stacktrace.app.packages' was configured, this option is highly recommended as it affects stacktrace grouping and display on Sentry. See documentation: https://docs.sentry.io/clients/java/config/#in-application-stack-frames
[2020-11-30 14:11:30] -- [WARN ]: [io.sentry.DefaultSentryClientFactory] -- No 'stacktrace.app.packages' was configured, this option is highly recommended as it affects stacktrace grouping and display on Sentry. See documentation: https://docs.sentry.io/clients/java/config/#in-application-stack-frames
[2020-11-30 14:21:08] -- [WARN ]: [com.zaxxer.hikari.pool.HikariPool] -- HikariPool-1 - Thread starvation or clock leap detected (housekeeper delta=2m15s636ms).
[2020-11-30 14:41:12] -- [WARN ]: [io.sentry.DefaultSentryClientFactory] -- No 'stacktrace.app.packages' was configured, this option is highly recommended as it affects stacktrace grouping and display on Sentry. See documentation: https://docs.sentry.io/clients/java/config/#in-application-stack-frames
[2020-11-30 14:41:12] -- [WARN ]: [io.sentry.DefaultSentryClientFactory] -- No 'stacktrace.app.packages' was configured, this option is highly recommended as it affects stacktrace grouping and display on Sentry. See documentation: https://docs.sentry.io/clients/java/config/#in-application-stack-frames
[2020-11-30 14:42:06] -- [WARN ]: [io.sentry.DefaultSentryClientFactory] -- No 'stacktrace.app.packages' was configured, this option is highly recommended as it affects stacktrace grouping and display on Sentry. See documentation: https://docs.sentry.io/clients/java/config/#in-application-stack-frames
[2020-11-30 14:42:06] -- [WARN ]: [io.sentry.DefaultSentryClientFactory] -- No 'stacktrace.app.packages' was configured, this option is highly recommended as it affects stacktrace grouping and display on Sentry. See documentation: https://docs.sentry.io/clients/java/config/#in-application-stack-frames
[2020-11-30 14:49:29] -- [WARN ]: [com.zaxxer.hikari.pool.HikariPool] -- HikariPool-1 - Thread starvation or clock leap detected (housekeeper delta=2m50s387ms).
[2020-11-30 14:50:46] -- [WARN ]: [io.sentry.DefaultSentryClientFactory] -- No 'stacktrace.app.packages' was configured, this option is highly recommended as it affects stacktrace grouping and display on Sentry. See documentation: https://docs.sentry.io/clients/java/config/#in-application-stack-frames
[2020-11-30 14:50:46] -- [WARN ]: [io.sentry.DefaultSentryClientFactory] -- No 'stacktrace.app.packages' was configured, this option is highly recommended as it affects stacktrace grouping and display on Sentry. See documentation: https://docs.sentry.io/clients/java/config/#in-application-stack-frames
[2020-11-30 14:51:57] -- [WARN ]: [io.sentry.DefaultSentryClientFactory] -- No 'stacktrace.app.packages' was configured, this option is highly recommended as it affects stacktrace grouping and display on Sentry. See documentation: https://docs.sentry.io/clients/java/config/#in-application-stack-frames
[2020-11-30 14:51:57] -- [WARN ]: [io.sentry.DefaultSentryClientFactory] -- No 'stacktrace.app.packages' was configured, this option is highly recommended as it affects stacktrace grouping and display on Sentry. See documentation: https://docs.sentry.io/clients/java/config/#in-application-stack-frames
[2020-11-30 14:54:55] -- [WARN ]: [io.sentry.DefaultSentryClientFactory] -- No 'stacktrace.app.packages' was configured, this option is highly recommended as it affects stacktrace grouping and display on Sentry. See documentation: https://docs.sentry.io/clients/java/config/#in-application-stack-frames
[2020-11-30 14:54:55] -- [WARN ]: [io.sentry.DefaultSentryClientFactory] -- No 'stacktrace.app.packages' was configured, this option is highly recommended as it affects stacktrace grouping and display on Sentry. See documentation: https://docs.sentry.io/clients/java/config/#in-application-stack-frames
[2020-11-30 14:55:23] -- [WARN ]: [io.sentry.DefaultSentryClientFactory] -- No 'stacktrace.app.packages' was configured, this option is highly recommended as it affects stacktrace grouping and display on Sentry. See documentation: https://docs.sentry.io/clients/java/config/#in-application-stack-frames
[2020-11-30 14:55:23] -- [WARN ]: [io.sentry.DefaultSentryClientFactory] -- No 'stacktrace.app.packages' was configured, this option is highly recommended as it affects stacktrace grouping and display on Sentry. See documentation: https://docs.sentry.io/clients/java/config/#in-application-stack-frames
[2020-11-30 15:03:54] -- [WARN ]: [com.zaxxer.hikari.pool.HikariPool] -- HikariPool-1 - Thread starvation or clock leap detected (housekeeper delta=4m17s885ms).
[2020-11-30 16:30:34] -- [WARN ]: [io.sentry.DefaultSentryClientFactory] -- No 'stacktrace.app.packages' was configured, this option is highly recommended as it affects stacktrace grouping and display on Sentry. See documentation: https://docs.sentry.io/clients/java/config/#in-application-stack-frames
[2020-11-30 16:30:34] -- [WARN ]: [io.sentry.DefaultSentryClientFactory] -- No 'stacktrace.app.packages' was configured, this option is highly recommended as it affects stacktrace grouping and display on Sentry. See documentation: https://docs.sentry.io/clients/java/config/#in-application-stack-frames
[2020-11-30 16:57:30] -- [WARN ]: [io.sentry.DefaultSentryClientFactory] -- No 'stacktrace.app.packages' was configured, this option is highly recommended as it affects stacktrace grouping and display on Sentry. See documentation: https://docs.sentry.io/clients/java/config/#in-application-stack-frames
[2020-11-30 16:57:30] -- [WARN ]: [io.sentry.DefaultSentryClientFactory] -- No 'stacktrace.app.packages' was configured, this option is highly recommended as it affects stacktrace grouping and display on Sentry. See documentation: https://docs.sentry.io/clients/java/config/#in-application-stack-frames
[2020-11-30 17:06:43] -- [WARN ]: [io.sentry.DefaultSentryClientFactory] -- No 'stacktrace.app.packages' was configured, this option is highly recommended as it affects stacktrace grouping and display on Sentry. See documentation: https://docs.sentry.io/clients/java/config/#in-application-stack-frames
[2020-11-30 17:06:43] -- [WARN ]: [io.sentry.DefaultSentryClientFactory] -- No 'stacktrace.app.packages' was configured, this option is highly recommended as it affects stacktrace grouping and display on Sentry. See documentation: https://docs.sentry.io/clients/java/config/#in-application-stack-frames
[2020-11-30 17:08:19] -- [WARN ]: [io.sentry.DefaultSentryClientFactory] -- No 'stacktrace.app.packages' was configured, this option is highly recommended as it affects stacktrace grouping and display on Sentry. See documentation: https://docs.sentry.io/clients/java/config/#in-application-stack-frames
[2020-11-30 17:08:19] -- [WARN ]: [io.sentry.DefaultSentryClientFactory] -- No 'stacktrace.app.packages' was configured, this option is highly recommended as it affects stacktrace grouping and display on Sentry. See documentation: https://docs.sentry.io/clients/java/config/#in-application-stack-frames
[2020-11-30 17:08:25] -- [WARN ]: [io.sentry.DefaultSentryClientFactory] -- No 'stacktrace.app.packages' was configured, this option is highly recommended as it affects stacktrace grouping and display on Sentry. See documentation: https://docs.sentry.io/clients/java/config/#in-application-stack-frames
[2020-11-30 17:08:25] -- [WARN ]: [io.sentry.DefaultSentryClientFactory] -- No 'stacktrace.app.packages' was configured, this option is highly recommended as it affects stacktrace grouping and display on Sentry. See documentation: https://docs.sentry.io/clients/java/config/#in-application-stack-frames
[2020-11-30 17:43:54] -- [WARN ]: [io.sentry.DefaultSentryClientFactory] -- No 'stacktrace.app.packages' was configured, this option is highly recommended as it affects stacktrace grouping and display on Sentry. See documentation: https://docs.sentry.io/clients/java/config/#in-application-stack-frames
[2020-11-30 17:43:54] -- [WARN ]: [io.sentry.DefaultSentryClientFactory] -- No 'stacktrace.app.packages' was configured, this option is highly recommended as it affects stacktrace grouping and display on Sentry. See documentation: https://docs.sentry.io/clients/java/config/#in-application-stack-frames
[2020-11-30 18:18:43] -- [WARN ]: [com.zaxxer.hikari.pool.HikariPool] -- HikariPool-1 - Thread starvation or clock leap detected (housekeeper delta=1m13s191ms).
[2020-11-30 18:57:16] -- [WARN ]: [com.zaxxer.hikari.pool.HikariPool] -- HikariPool-1 - Thread starvation or clock leap detected (housekeeper delta=38m3s419ms).
[2020-11-30 19:37:58] -- [WARN ]: [com.zaxxer.hikari.pool.HikariPool] -- HikariPool-1 - Thread starvation or clock leap detected (housekeeper delta=40m11s253ms).
[2020-11-30 21:10:40] -- [WARN ]: [com.zaxxer.hikari.pool.HikariPool] -- HikariPool-1 - Thread starvation or clock leap detected (housekeeper delta=1h32m12s192ms).
[2020-11-30 21:50:23] -- [WARN ]: [com.zaxxer.hikari.pool.HikariPool] -- HikariPool-1 - Thread starvation or clock leap detected (housekeeper delta=39m43s284ms).
[2020-11-30 23:32:34] -- [WARN ]: [com.zaxxer.hikari.pool.HikariPool] -- HikariPool-1 - Thread starvation or clock leap detected (housekeeper delta=1h40m41s411ms).
