[2020-11-25 10:42:37] -- [WARN ]: [io.sentry.DefaultSentryClientFactory] -- No 'stacktrace.app.packages' was configured, this option is highly recommended as it affects stacktrace grouping and display on Sentry. See documentation: https://docs.sentry.io/clients/java/config/#in-application-stack-frames
[2020-11-25 10:42:37] -- [WARN ]: [io.sentry.DefaultSentryClientFactory] -- No 'stacktrace.app.packages' was configured, this option is highly recommended as it affects stacktrace grouping and display on Sentry. See documentation: https://docs.sentry.io/clients/java/config/#in-application-stack-frames
[2020-11-25 10:48:07] -- [WARN ]: [io.sentry.DefaultSentryClientFactory] -- No 'stacktrace.app.packages' was configured, this option is highly recommended as it affects stacktrace grouping and display on Sentry. See documentation: https://docs.sentry.io/clients/java/config/#in-application-stack-frames
[2020-11-25 10:48:07] -- [WARN ]: [io.sentry.DefaultSentryClientFactory] -- No 'stacktrace.app.packages' was configured, this option is highly recommended as it affects stacktrace grouping and display on Sentry. See documentation: https://docs.sentry.io/clients/java/config/#in-application-stack-frames
[2020-11-25 10:59:11] -- [WARN ]: [io.sentry.DefaultSentryClientFactory] -- No 'stacktrace.app.packages' was configured, this option is highly recommended as it affects stacktrace grouping and display on Sentry. See documentation: https://docs.sentry.io/clients/java/config/#in-application-stack-frames
[2020-11-25 10:59:11] -- [WARN ]: [io.sentry.DefaultSentryClientFactory] -- No 'stacktrace.app.packages' was configured, this option is highly recommended as it affects stacktrace grouping and display on Sentry. See documentation: https://docs.sentry.io/clients/java/config/#in-application-stack-frames
[2020-11-25 11:03:35] -- [WARN ]: [io.sentry.DefaultSentryClientFactory] -- No 'stacktrace.app.packages' was configured, this option is highly recommended as it affects stacktrace grouping and display on Sentry. See documentation: https://docs.sentry.io/clients/java/config/#in-application-stack-frames
[2020-11-25 11:03:35] -- [WARN ]: [io.sentry.DefaultSentryClientFactory] -- No 'stacktrace.app.packages' was configured, this option is highly recommended as it affects stacktrace grouping and display on Sentry. See documentation: https://docs.sentry.io/clients/java/config/#in-application-stack-frames
[2020-11-25 11:33:24] -- [WARN ]: [com.zaxxer.hikari.pool.HikariPool] -- HikariPool-1 - Thread starvation or clock leap detected (housekeeper delta=1m38s984ms).
[2020-11-25 11:35:51] -- [WARN ]: [com.zaxxer.hikari.pool.HikariPool] -- HikariPool-1 - Thread starvation or clock leap detected (housekeeper delta=56s517ms).
[2020-11-25 11:41:07] -- [WARN ]: [com.zaxxer.hikari.pool.HikariPool] -- HikariPool-1 - Thread starvation or clock leap detected (housekeeper delta=2m45s929ms).
[2020-11-25 13:18:43] -- [WARN ]: [com.zaxxer.hikari.pool.HikariPool] -- HikariPool-1 - Thread starvation or clock leap detected (housekeeper delta=1h26m36s423ms).
[2020-11-25 14:09:50] -- [WARN ]: [io.sentry.DefaultSentryClientFactory] -- No 'stacktrace.app.packages' was configured, this option is highly recommended as it affects stacktrace grouping and display on Sentry. See documentation: https://docs.sentry.io/clients/java/config/#in-application-stack-frames
[2020-11-25 14:09:50] -- [WARN ]: [io.sentry.DefaultSentryClientFactory] -- No 'stacktrace.app.packages' was configured, this option is highly recommended as it affects stacktrace grouping and display on Sentry. See documentation: https://docs.sentry.io/clients/java/config/#in-application-stack-frames
[2020-11-25 14:29:38] -- [WARN ]: [io.sentry.DefaultSentryClientFactory] -- No 'stacktrace.app.packages' was configured, this option is highly recommended as it affects stacktrace grouping and display on Sentry. See documentation: https://docs.sentry.io/clients/java/config/#in-application-stack-frames
[2020-11-25 14:29:38] -- [WARN ]: [io.sentry.DefaultSentryClientFactory] -- No 'stacktrace.app.packages' was configured, this option is highly recommended as it affects stacktrace grouping and display on Sentry. See documentation: https://docs.sentry.io/clients/java/config/#in-application-stack-frames
[2020-11-25 15:37:08] -- [WARN ]: [io.sentry.DefaultSentryClientFactory] -- No 'stacktrace.app.packages' was configured, this option is highly recommended as it affects stacktrace grouping and display on Sentry. See documentation: https://docs.sentry.io/clients/java/config/#in-application-stack-frames
[2020-11-25 15:37:08] -- [WARN ]: [io.sentry.DefaultSentryClientFactory] -- No 'stacktrace.app.packages' was configured, this option is highly recommended as it affects stacktrace grouping and display on Sentry. See documentation: https://docs.sentry.io/clients/java/config/#in-application-stack-frames
[2020-11-25 15:40:30] -- [WARN ]: [io.sentry.DefaultSentryClientFactory] -- No 'stacktrace.app.packages' was configured, this option is highly recommended as it affects stacktrace grouping and display on Sentry. See documentation: https://docs.sentry.io/clients/java/config/#in-application-stack-frames
[2020-11-25 15:40:30] -- [WARN ]: [io.sentry.DefaultSentryClientFactory] -- No 'stacktrace.app.packages' was configured, this option is highly recommended as it affects stacktrace grouping and display on Sentry. See documentation: https://docs.sentry.io/clients/java/config/#in-application-stack-frames
[2020-11-25 15:40:57] -- [WARN ]: [io.sentry.DefaultSentryClientFactory] -- No 'stacktrace.app.packages' was configured, this option is highly recommended as it affects stacktrace grouping and display on Sentry. See documentation: https://docs.sentry.io/clients/java/config/#in-application-stack-frames
[2020-11-25 15:40:57] -- [WARN ]: [io.sentry.DefaultSentryClientFactory] -- No 'stacktrace.app.packages' was configured, this option is highly recommended as it affects stacktrace grouping and display on Sentry. See documentation: https://docs.sentry.io/clients/java/config/#in-application-stack-frames
[2020-11-25 15:41:24] -- [WARN ]: [io.sentry.DefaultSentryClientFactory] -- No 'stacktrace.app.packages' was configured, this option is highly recommended as it affects stacktrace grouping and display on Sentry. See documentation: https://docs.sentry.io/clients/java/config/#in-application-stack-frames
[2020-11-25 15:41:24] -- [WARN ]: [io.sentry.DefaultSentryClientFactory] -- No 'stacktrace.app.packages' was configured, this option is highly recommended as it affects stacktrace grouping and display on Sentry. See documentation: https://docs.sentry.io/clients/java/config/#in-application-stack-frames
[2020-11-25 15:42:22] -- [WARN ]: [io.sentry.DefaultSentryClientFactory] -- No 'stacktrace.app.packages' was configured, this option is highly recommended as it affects stacktrace grouping and display on Sentry. See documentation: https://docs.sentry.io/clients/java/config/#in-application-stack-frames
[2020-11-25 15:42:22] -- [WARN ]: [io.sentry.DefaultSentryClientFactory] -- No 'stacktrace.app.packages' was configured, this option is highly recommended as it affects stacktrace grouping and display on Sentry. See documentation: https://docs.sentry.io/clients/java/config/#in-application-stack-frames
[2020-11-25 15:43:11] -- [WARN ]: [io.sentry.DefaultSentryClientFactory] -- No 'stacktrace.app.packages' was configured, this option is highly recommended as it affects stacktrace grouping and display on Sentry. See documentation: https://docs.sentry.io/clients/java/config/#in-application-stack-frames
[2020-11-25 15:43:11] -- [WARN ]: [io.sentry.DefaultSentryClientFactory] -- No 'stacktrace.app.packages' was configured, this option is highly recommended as it affects stacktrace grouping and display on Sentry. See documentation: https://docs.sentry.io/clients/java/config/#in-application-stack-frames
[2020-11-25 15:45:28] -- [WARN ]: [io.sentry.DefaultSentryClientFactory] -- No 'stacktrace.app.packages' was configured, this option is highly recommended as it affects stacktrace grouping and display on Sentry. See documentation: https://docs.sentry.io/clients/java/config/#in-application-stack-frames
[2020-11-25 15:45:28] -- [WARN ]: [io.sentry.DefaultSentryClientFactory] -- No 'stacktrace.app.packages' was configured, this option is highly recommended as it affects stacktrace grouping and display on Sentry. See documentation: https://docs.sentry.io/clients/java/config/#in-application-stack-frames
[2020-11-25 15:48:55] -- [WARN ]: [io.sentry.DefaultSentryClientFactory] -- No 'stacktrace.app.packages' was configured, this option is highly recommended as it affects stacktrace grouping and display on Sentry. See documentation: https://docs.sentry.io/clients/java/config/#in-application-stack-frames
[2020-11-25 15:48:55] -- [WARN ]: [io.sentry.DefaultSentryClientFactory] -- No 'stacktrace.app.packages' was configured, this option is highly recommended as it affects stacktrace grouping and display on Sentry. See documentation: https://docs.sentry.io/clients/java/config/#in-application-stack-frames
[2020-11-25 16:23:50] -- [WARN ]: [io.sentry.DefaultSentryClientFactory] -- No 'stacktrace.app.packages' was configured, this option is highly recommended as it affects stacktrace grouping and display on Sentry. See documentation: https://docs.sentry.io/clients/java/config/#in-application-stack-frames
[2020-11-25 16:23:50] -- [WARN ]: [io.sentry.DefaultSentryClientFactory] -- No 'stacktrace.app.packages' was configured, this option is highly recommended as it affects stacktrace grouping and display on Sentry. See documentation: https://docs.sentry.io/clients/java/config/#in-application-stack-frames
[2020-11-25 16:31:13] -- [WARN ]: [io.sentry.DefaultSentryClientFactory] -- No 'stacktrace.app.packages' was configured, this option is highly recommended as it affects stacktrace grouping and display on Sentry. See documentation: https://docs.sentry.io/clients/java/config/#in-application-stack-frames
[2020-11-25 16:31:13] -- [WARN ]: [io.sentry.DefaultSentryClientFactory] -- No 'stacktrace.app.packages' was configured, this option is highly recommended as it affects stacktrace grouping and display on Sentry. See documentation: https://docs.sentry.io/clients/java/config/#in-application-stack-frames
[2020-11-25 16:58:59] -- [WARN ]: [com.zaxxer.hikari.pool.HikariPool] -- HikariPool-1 - Thread starvation or clock leap detected (housekeeper delta=53s25ms).
[2020-11-25 17:08:25] -- [WARN ]: [com.zaxxer.hikari.pool.HikariPool] -- HikariPool-1 - Thread starvation or clock leap detected (housekeeper delta=9m25s857ms).
[2020-11-25 17:09:47] -- [WARN ]: [com.zaxxer.hikari.pool.HikariPool] -- HikariPool-1 - Thread starvation or clock leap detected (housekeeper delta=51s907ms).
[2020-11-25 18:16:49] -- [WARN ]: [com.zaxxer.hikari.pool.HikariPool] -- HikariPool-1 - Thread starvation or clock leap detected (housekeeper delta=1h6m31s601ms).
[2020-11-25 18:22:43] -- [WARN ]: [com.zaxxer.hikari.pool.HikariPool] -- HikariPool-1 - Thread starvation or clock leap detected (housekeeper delta=5m24s).
[2020-11-25 18:25:08] -- [WARN ]: [com.zaxxer.hikari.pool.HikariPool] -- HikariPool-1 - Thread starvation or clock leap detected (housekeeper delta=1m55s104ms).
[2020-11-25 19:05:33] -- [WARN ]: [com.zaxxer.hikari.pool.HikariPool] -- HikariPool-1 - Thread starvation or clock leap detected (housekeeper delta=40m24s920ms).
